/home/lucas/dev_ws/install/dexhand_description/lib/python3.10/site-packages/dexhand_description/__init__.py
/home/lucas/dev_ws/install/dexhand_description/lib/python3.10/site-packages/dexhand_description/__pycache__/__init__.cpython-310.pyc
/home/lucas/dev_ws/install/dexhand_description/share/ament_index/resource_index/packages/dexhand_description
/home/lucas/dev_ws/install/dexhand_description/share/dexhand_description/package.xml
/home/lucas/dev_ws/install/dexhand_description/share/dexhand_description/launch/display.launch.py
/home/lucas/dev_ws/install/dexhand_description/share/dexhand_description/urdf/materials.xacro
/home/lucas/dev_ws/install/dexhand_description/share/dexhand_description/urdf/dexhand.gazebo
/home/lucas/dev_ws/install/dexhand_description/share/dexhand_description/urdf/dexhand.xacro
/home/lucas/dev_ws/install/dexhand_description/share/dexhand_description/urdf/ros2_control_hand.xacro
/home/lucas/dev_ws/install/dexhand_description/share/dexhand_description/urdf/dexhand.trans
/home/lucas/dev_ws/install/dexhand_description/share/dexhand_description/urdf/dexhand.urdf
/home/lucas/dev_ws/install/dexhand_description/share/dexhand_description/rviz/urdf.rviz
/home/lucas/dev_ws/install/dexhand_description/share/dexhand_description/meshes/ring_knuckle_1.stl
/home/lucas/dev_ws/install/dexhand_description/share/dexhand_description/meshes/forearm_1.stl
/home/lucas/dev_ws/install/dexhand_description/share/dexhand_description/meshes/middle_tip_1.stl
/home/lucas/dev_ws/install/dexhand_description/share/dexhand_description/meshes/thumb_mlp_1.stl
/home/lucas/dev_ws/install/dexhand_description/share/dexhand_description/meshes/index_knuckle_1.stl
/home/lucas/dev_ws/install/dexhand_description/share/dexhand_description/meshes/pinky_plp_1.stl
/home/lucas/dev_ws/install/dexhand_description/share/dexhand_description/meshes/ring_plp_1.stl
/home/lucas/dev_ws/install/dexhand_description/share/dexhand_description/meshes/index_mlp_1.stl
/home/lucas/dev_ws/install/dexhand_description/share/dexhand_description/meshes/thumb_tip_1.stl
/home/lucas/dev_ws/install/dexhand_description/share/dexhand_description/meshes/thumb_cmc_b_1.stl
/home/lucas/dev_ws/install/dexhand_description/share/dexhand_description/meshes/index_bulk_1.stl
/home/lucas/dev_ws/install/dexhand_description/share/dexhand_description/meshes/middle_knuckle_1.stl
/home/lucas/dev_ws/install/dexhand_description/share/dexhand_description/meshes/pinky_bulk_1.stl
/home/lucas/dev_ws/install/dexhand_description/share/dexhand_description/meshes/middle_plp_1.stl
/home/lucas/dev_ws/install/dexhand_description/share/dexhand_description/meshes/middle_bulk_1.stl
/home/lucas/dev_ws/install/dexhand_description/share/dexhand_description/meshes/pinky_knuckle_1.stl
/home/lucas/dev_ws/install/dexhand_description/share/dexhand_description/meshes/index_tip_1.stl
/home/lucas/dev_ws/install/dexhand_description/share/dexhand_description/meshes/ring_mlp_1.stl
/home/lucas/dev_ws/install/dexhand_description/share/dexhand_description/meshes/wrist_lower_1.stl
/home/lucas/dev_ws/install/dexhand_description/share/dexhand_description/meshes/pinky_mlp_1.stl
/home/lucas/dev_ws/install/dexhand_description/share/dexhand_description/meshes/thumb_plp_1.stl
/home/lucas/dev_ws/install/dexhand_description/share/dexhand_description/meshes/base_link.stl
/home/lucas/dev_ws/install/dexhand_description/share/dexhand_description/meshes/middle_mlp_1.stl
/home/lucas/dev_ws/install/dexhand_description/share/dexhand_description/meshes/ring_tip_1.stl
/home/lucas/dev_ws/install/dexhand_description/share/dexhand_description/meshes/pinky_tip_1.stl
/home/lucas/dev_ws/install/dexhand_description/share/dexhand_description/meshes/thumb_cmc_a_1.stl
/home/lucas/dev_ws/install/dexhand_description/share/dexhand_description/meshes/index_plp_1.stl
/home/lucas/dev_ws/install/dexhand_description/share/dexhand_description/meshes/wrist_upper_1.stl
/home/lucas/dev_ws/install/dexhand_description/share/dexhand_description/meshes/ring_bulk_1.stl
/home/lucas/dev_ws/install/dexhand_description/lib/python3.10/site-packages/dexhand_description-0.0.1-py3.10.egg-info/zip-safe
/home/lucas/dev_ws/install/dexhand_description/lib/python3.10/site-packages/dexhand_description-0.0.1-py3.10.egg-info/dependency_links.txt
/home/lucas/dev_ws/install/dexhand_description/lib/python3.10/site-packages/dexhand_description-0.0.1-py3.10.egg-info/entry_points.txt
/home/lucas/dev_ws/install/dexhand_description/lib/python3.10/site-packages/dexhand_description-0.0.1-py3.10.egg-info/SOURCES.txt
/home/lucas/dev_ws/install/dexhand_description/lib/python3.10/site-packages/dexhand_description-0.0.1-py3.10.egg-info/PKG-INFO
/home/lucas/dev_ws/install/dexhand_description/lib/python3.10/site-packages/dexhand_description-0.0.1-py3.10.egg-info/top_level.txt
/home/lucas/dev_ws/install/dexhand_description/lib/python3.10/site-packages/dexhand_description-0.0.1-py3.10.egg-info/requires.txt
