[0.050s] Invoking command in '/home/lucas/dev_ws/build/ros2_control_hand': CMAKE_PREFIX_PATH=${CMAKE_PREFIX_PATH}:/opt/ros/humble /usr/bin/cmake /home/lucas/dev_ws/src/ros2_control_hand -DCMAKE_INSTALL_PREFIX=/home/lucas/dev_ws/install/ros2_control_hand
[0.092s] -- The C compiler identification is GNU 11.4.0
[0.139s] -- The CXX compiler identification is GNU 11.4.0
[0.144s] -- Detecting C compiler ABI info
[0.216s] -- Detecting C compiler ABI info - done
[0.224s] -- Check for working C compiler: /usr/bin/cc - skipped
[0.224s] -- Detecting C compile features
[0.225s] -- Detecting C compile features - done
[0.228s] -- Detecting CXX compiler ABI info
[0.283s] -- Detecting CXX compiler ABI info - done
[0.290s] -- Check for working CXX compiler: /usr/bin/c++ - skipped
[0.290s] -- Detecting CXX compile features
[0.290s] -- Detecting CXX compile features - done
[0.293s] -- Found ament_cmake: 1.3.5 (/opt/ros/humble/share/ament_cmake/cmake)
[0.424s] -- Found Python3: /usr/bin/python3.10 (found version "3.10.12") found components: Interpreter 
[0.492s] -- Found pluginlib: 5.1.0 (/opt/ros/humble/share/pluginlib/cmake)
[0.524s] -- Found hardware_interface: 2.35.0 (/opt/ros/humble/share/hardware_interface/cmake)
[0.549s] -- Found rosidl_generator_c: 3.1.5 (/opt/ros/humble/share/rosidl_generator_c/cmake)
[0.553s] -- Found rosidl_adapter: 3.1.5 (/opt/ros/humble/share/rosidl_adapter/cmake)
[0.560s] -- Found rosidl_generator_cpp: 3.1.5 (/opt/ros/humble/share/rosidl_generator_cpp/cmake)
[0.570s] -- Using all available rosidl_typesupport_c: rosidl_typesupport_fastrtps_c;rosidl_typesupport_introspection_c
[0.581s] -- Using all available rosidl_typesupport_cpp: rosidl_typesupport_fastrtps_cpp;rosidl_typesupport_introspection_cpp
[1.001s] -- Found rmw_implementation_cmake: 6.1.1 (/opt/ros/humble/share/rmw_implementation_cmake/cmake)
[1.003s] -- Found rmw_fastrtps_cpp: 6.2.4 (/opt/ros/humble/share/rmw_fastrtps_cpp/cmake)
[1.082s] -- Found OpenSSL: /usr/lib/x86_64-linux-gnu/libcrypto.so (found version "3.0.2")  
[1.102s] -- Found FastRTPS: /opt/ros/humble/include  
[1.136s] -- Using RMW implementation 'rmw_fastrtps_cpp' as default
[1.144s] -- Looking for pthread.h
[1.202s] -- Looking for pthread.h - found
[1.202s] -- Performing Test CMAKE_HAVE_LIBC_PTHREAD
[1.263s] -- Performing Test CMAKE_HAVE_LIBC_PTHREAD - Success
[1.264s] -- Found Threads: TRUE  
[1.364s] -- Found kdl_parser: 2.6.4 (/opt/ros/humble/share/kdl_parser/cmake)
[1.374s] -- Found eigen3_cmake_module: 0.1.1 (/opt/ros/humble/share/eigen3_cmake_module/cmake)
[1.375s] -- Found Eigen3: TRUE (found version "3.4.0") 
[1.375s] -- Ensuring Eigen3 include directory is part of orocos-kdl CMake target
[1.380s] -- Found controller_interface: 2.35.0 (/opt/ros/humble/share/controller_interface/cmake)
[1.443s] -- Found realtime_tools: 2.5.0 (/opt/ros/humble/share/realtime_tools/cmake)
[1.617s] -- Found ament_cmake_gtest: 1.3.5 (/opt/ros/humble/share/ament_cmake_gtest/cmake)
[1.661s] -- Configuring done
[1.691s] -- Generating done
[1.693s] -- Build files have been written to: /home/lucas/dev_ws/build/ros2_control_hand
[1.704s] Invoked command in '/home/lucas/dev_ws/build/ros2_control_hand' returned '0': CMAKE_PREFIX_PATH=${CMAKE_PREFIX_PATH}:/opt/ros/humble /usr/bin/cmake /home/lucas/dev_ws/src/ros2_control_hand -DCMAKE_INSTALL_PREFIX=/home/lucas/dev_ws/install/ros2_control_hand
[1.704s] Invoking command in '/home/lucas/dev_ws/build/ros2_control_hand': CMAKE_PREFIX_PATH=${CMAKE_PREFIX_PATH}:/opt/ros/humble /usr/bin/cmake --build /home/lucas/dev_ws/build/ros2_control_hand -- -j8 -l8
[1.743s] [ 60%] [32mBuilding CXX object CMakeFiles/ros2_control_demo_example_7.dir/hardware/r6bot_hardware.cpp.o[0m
[1.743s] [ 60%] [32mBuilding CXX object CMakeFiles/ros2_control_demo_example_7.dir/controller/r6bot_controller.cpp.o[0m
[1.743s] [ 60%] [32mBuilding CXX object CMakeFiles/send_trajectory.dir/reference_generator/send_trajectory.cpp.o[0m
[5.635s] [ 80%] [32m[1mLinking CXX executable send_trajectory[0m
[5.784s] [ 80%] Built target send_trajectory
[7.734s] [100%] [32m[1mLinking CXX shared library libros2_control_demo_example_7.so[0m
[8.119s] [100%] Built target ros2_control_demo_example_7
[8.127s] Invoked command in '/home/lucas/dev_ws/build/ros2_control_hand' returned '0': CMAKE_PREFIX_PATH=${CMAKE_PREFIX_PATH}:/opt/ros/humble /usr/bin/cmake --build /home/lucas/dev_ws/build/ros2_control_hand -- -j8 -l8
[8.176s] Invoking command in '/home/lucas/dev_ws/build/ros2_control_hand': CMAKE_PREFIX_PATH=${CMAKE_PREFIX_PATH}:/opt/ros/humble /usr/bin/cmake --install /home/lucas/dev_ws/build/ros2_control_hand
[8.183s] -- Install configuration: ""
[8.183s] -- Installing: /home/lucas/dev_ws/install/ros2_control_hand/share/ros2_control_hand/ros2_control_demo_example_7.xml
[8.184s] -- Up-to-date: /home/lucas/dev_ws/install/ros2_control_hand/share/ros2_control_hand/ros2_control_demo_example_7.xml
[8.184s] -- Installing: /home/lucas/dev_ws/install/ros2_control_hand/include/ros2_control_demo_example_7
[8.184s] -- Installing: /home/lucas/dev_ws/install/ros2_control_hand/include/ros2_control_demo_example_7/ros2_control_demo_example_7
[8.184s] -- Installing: /home/lucas/dev_ws/install/ros2_control_hand/include/ros2_control_demo_example_7/ros2_control_demo_example_7/r6bot_hardware.hpp
[8.184s] -- Installing: /home/lucas/dev_ws/install/ros2_control_hand/share/ros2_control_demo_example_7/launch
[8.184s] -- Installing: /home/lucas/dev_ws/install/ros2_control_hand/share/ros2_control_demo_example_7/launch/view_r6bot.launch.py
[8.184s] -- Installing: /home/lucas/dev_ws/install/ros2_control_hand/share/ros2_control_demo_example_7/ros2_control
[8.184s] -- Installing: /home/lucas/dev_ws/install/ros2_control_hand/share/ros2_control_demo_example_7/ros2_control/r6bot.ros2_control.xacro
[8.184s] -- Installing: /home/lucas/dev_ws/install/ros2_control_hand/share/ros2_control_demo_example_7/urdf
[8.184s] -- Installing: /home/lucas/dev_ws/install/ros2_control_hand/share/ros2_control_demo_example_7/urdf/r6bot.urdf.xacro
[8.184s] -- Up-to-date: /home/lucas/dev_ws/install/ros2_control_hand/share/ros2_control_demo_example_7/launch
[8.184s] -- Installing: /home/lucas/dev_ws/install/ros2_control_hand/share/ros2_control_demo_example_7/launch/send_trajectory.launch.py
[8.184s] -- Installing: /home/lucas/dev_ws/install/ros2_control_hand/share/ros2_control_demo_example_7/launch/r6bot_controller.launch.py
[8.184s] -- Installing: /home/lucas/dev_ws/install/ros2_control_hand/share/ros2_control_demo_example_7/config
[8.184s] -- Installing: /home/lucas/dev_ws/install/ros2_control_hand/share/ros2_control_demo_example_7/config/r6bot_controller.yaml
[8.184s] -- Installing: /home/lucas/dev_ws/install/ros2_control_hand/lib/ros2_control_demo_example_7/send_trajectory
[8.185s] -- Set runtime path of "/home/lucas/dev_ws/install/ros2_control_hand/lib/ros2_control_demo_example_7/send_trajectory" to ""
[8.185s] -- Installing: /home/lucas/dev_ws/install/ros2_control_hand/lib/libros2_control_demo_example_7.so
[8.191s] -- Set runtime path of "/home/lucas/dev_ws/install/ros2_control_hand/lib/libros2_control_demo_example_7.so" to ""
[8.191s] -- Installing: /home/lucas/dev_ws/install/ros2_control_hand/share/ros2_control_hand/environment/library_path.sh
[8.191s] -- Installing: /home/lucas/dev_ws/install/ros2_control_hand/share/ros2_control_hand/environment/library_path.dsv
[8.191s] -- Installing: /home/lucas/dev_ws/install/ros2_control_hand/share/ament_index/resource_index/package_run_dependencies/ros2_control_hand
[8.191s] -- Installing: /home/lucas/dev_ws/install/ros2_control_hand/share/ament_index/resource_index/parent_prefix_path/ros2_control_hand
[8.191s] -- Installing: /home/lucas/dev_ws/install/ros2_control_hand/share/ros2_control_hand/environment/ament_prefix_path.sh
[8.191s] -- Installing: /home/lucas/dev_ws/install/ros2_control_hand/share/ros2_control_hand/environment/ament_prefix_path.dsv
[8.191s] -- Installing: /home/lucas/dev_ws/install/ros2_control_hand/share/ros2_control_hand/environment/path.sh
[8.191s] -- Installing: /home/lucas/dev_ws/install/ros2_control_hand/share/ros2_control_hand/environment/path.dsv
[8.191s] -- Installing: /home/lucas/dev_ws/install/ros2_control_hand/share/ros2_control_hand/local_setup.bash
[8.191s] -- Installing: /home/lucas/dev_ws/install/ros2_control_hand/share/ros2_control_hand/local_setup.sh
[8.191s] -- Installing: /home/lucas/dev_ws/install/ros2_control_hand/share/ros2_control_hand/local_setup.zsh
[8.191s] -- Installing: /home/lucas/dev_ws/install/ros2_control_hand/share/ros2_control_hand/local_setup.dsv
[8.191s] -- Installing: /home/lucas/dev_ws/install/ros2_control_hand/share/ros2_control_hand/package.dsv
[8.192s] -- Installing: /home/lucas/dev_ws/install/ros2_control_hand/share/ament_index/resource_index/packages/ros2_control_hand
[8.192s] -- Installing: /home/lucas/dev_ws/install/ros2_control_hand/share/ament_index/resource_index/hardware_interface__pluginlib__plugin/ros2_control_hand
[8.192s] -- Installing: /home/lucas/dev_ws/install/ros2_control_hand/share/ament_index/resource_index/controller_interface__pluginlib__plugin/ros2_control_hand
[8.192s] -- Installing: /home/lucas/dev_ws/install/ros2_control_hand/share/ros2_control_hand/cmake/export_ros2_control_demo_example_7Export.cmake
[8.192s] -- Installing: /home/lucas/dev_ws/install/ros2_control_hand/share/ros2_control_hand/cmake/export_ros2_control_demo_example_7Export-noconfig.cmake
[8.192s] -- Installing: /home/lucas/dev_ws/install/ros2_control_hand/share/ros2_control_hand/cmake/ament_cmake_export_targets-extras.cmake
[8.192s] -- Installing: /home/lucas/dev_ws/install/ros2_control_hand/share/ros2_control_hand/cmake/ament_cmake_export_dependencies-extras.cmake
[8.192s] -- Installing: /home/lucas/dev_ws/install/ros2_control_hand/share/ros2_control_hand/cmake/ros2_control_handConfig.cmake
[8.192s] -- Installing: /home/lucas/dev_ws/install/ros2_control_hand/share/ros2_control_hand/cmake/ros2_control_handConfig-version.cmake
[8.192s] -- Installing: /home/lucas/dev_ws/install/ros2_control_hand/share/ros2_control_hand/package.xml
[8.193s] Invoked command in '/home/lucas/dev_ws/build/ros2_control_hand' returned '0': CMAKE_PREFIX_PATH=${CMAKE_PREFIX_PATH}:/opt/ros/humble /usr/bin/cmake --install /home/lucas/dev_ws/build/ros2_control_hand
