[0.785s] DEBUG:colcon:Command line arguments: ['/usr/bin/colcon', 'build']
[0.785s] DEBUG:colcon:Parsed command line arguments: Namespace(log_base=None, log_level=None, verb_name='build', build_base='build', install_base='install', merge_install=False, symlink_install=False, test_result_base=None, continue_on_error=False, executor='parallel', parallel_workers=8, event_handlers=None, ignore_user_meta=False, metas=['./colcon.meta'], base_paths=['.'], packages_ignore=None, packages_ignore_regex=None, paths=None, packages_up_to=None, packages_up_to_regex=None, packages_above=None, packages_above_and_dependencies=None, packages_above_depth=None, packages_select_by_dep=None, packages_skip_by_dep=None, packages_skip_up_to=None, packages_select_build_failed=False, packages_skip_build_finished=False, packages_select_test_failures=False, packages_skip_test_passed=False, packages_select=None, packages_skip=None, packages_select_regex=None, packages_skip_regex=None, packages_start=None, packages_end=None, allow_overriding=[], cmake_args=None, cmake_target=None, cmake_target_skip_unavailable=False, cmake_clean_cache=False, cmake_clean_first=False, cmake_force_configure=False, ament_cmake_args=None, catkin_cmake_args=None, catkin_skip_building_tests=False, verb_parser=<colcon_defaults.argument_parser.defaults.DefaultArgumentsDecorator object at 0x7f8c49854a30>, verb_extension=<colcon_core.verb.build.BuildVerb object at 0x7f8c49ccf160>, main=<bound method BuildVerb.main of <colcon_core.verb.build.BuildVerb object at 0x7f8c49ccf160>>)
[0.825s] Level 1:colcon.colcon_core.package_discovery:discover_packages(colcon_meta) check parameters
[0.826s] Level 1:colcon.colcon_core.package_discovery:discover_packages(recursive) check parameters
[0.826s] Level 1:colcon.colcon_core.package_discovery:discover_packages(ignore) check parameters
[0.826s] Level 1:colcon.colcon_core.package_discovery:discover_packages(path) check parameters
[0.826s] Level 1:colcon.colcon_core.package_discovery:discover_packages(colcon_meta) discover
[0.826s] Level 1:colcon.colcon_core.package_discovery:discover_packages(recursive) discover
[0.826s] INFO:colcon.colcon_core.package_discovery:Crawling recursively for packages in '/home/lucas/dev_ws'
[0.826s] Level 1:colcon.colcon_core.package_identification:_identify(.) by extensions ['ignore', 'ignore_ament_install']
[0.826s] Level 1:colcon.colcon_core.package_identification:_identify(.) by extension 'ignore'
[0.826s] Level 1:colcon.colcon_core.package_identification:_identify(.) by extension 'ignore_ament_install'
[0.826s] Level 1:colcon.colcon_core.package_identification:_identify(.) by extensions ['colcon_pkg']
[0.826s] Level 1:colcon.colcon_core.package_identification:_identify(.) by extension 'colcon_pkg'
[0.826s] Level 1:colcon.colcon_core.package_identification:_identify(.) by extensions ['colcon_meta']
[0.826s] Level 1:colcon.colcon_core.package_identification:_identify(.) by extension 'colcon_meta'
[0.826s] Level 1:colcon.colcon_core.package_identification:_identify(.) by extensions ['ros']
[0.826s] Level 1:colcon.colcon_core.package_identification:_identify(.) by extension 'ros'
[0.837s] Level 1:colcon.colcon_core.package_identification:_identify(.) by extensions ['cmake', 'python']
[0.837s] Level 1:colcon.colcon_core.package_identification:_identify(.) by extension 'cmake'
[0.838s] Level 1:colcon.colcon_core.package_identification:_identify(.) by extension 'python'
[0.838s] Level 1:colcon.colcon_core.package_identification:_identify(.) by extensions ['python_setup_py']
[0.838s] Level 1:colcon.colcon_core.package_identification:_identify(.) by extension 'python_setup_py'
[0.838s] Level 1:colcon.colcon_core.package_identification:_identify(build) by extensions ['ignore', 'ignore_ament_install']
[0.838s] Level 1:colcon.colcon_core.package_identification:_identify(build) by extension 'ignore'
[0.838s] Level 1:colcon.colcon_core.package_identification:_identify(build) ignored
[0.838s] Level 1:colcon.colcon_core.package_identification:_identify(install) by extensions ['ignore', 'ignore_ament_install']
[0.838s] Level 1:colcon.colcon_core.package_identification:_identify(install) by extension 'ignore'
[0.838s] Level 1:colcon.colcon_core.package_identification:_identify(install) ignored
[0.838s] Level 1:colcon.colcon_core.package_identification:_identify(log) by extensions ['ignore', 'ignore_ament_install']
[0.838s] Level 1:colcon.colcon_core.package_identification:_identify(log) by extension 'ignore'
[0.838s] Level 1:colcon.colcon_core.package_identification:_identify(log) ignored
[0.839s] Level 1:colcon.colcon_core.package_identification:_identify(src) by extensions ['ignore', 'ignore_ament_install']
[0.839s] Level 1:colcon.colcon_core.package_identification:_identify(src) by extension 'ignore'
[0.839s] Level 1:colcon.colcon_core.package_identification:_identify(src) by extension 'ignore_ament_install'
[0.839s] Level 1:colcon.colcon_core.package_identification:_identify(src) by extensions ['colcon_pkg']
[0.839s] Level 1:colcon.colcon_core.package_identification:_identify(src) by extension 'colcon_pkg'
[0.839s] Level 1:colcon.colcon_core.package_identification:_identify(src) by extensions ['colcon_meta']
[0.839s] Level 1:colcon.colcon_core.package_identification:_identify(src) by extension 'colcon_meta'
[0.839s] Level 1:colcon.colcon_core.package_identification:_identify(src) by extensions ['ros']
[0.839s] Level 1:colcon.colcon_core.package_identification:_identify(src) by extension 'ros'
[0.839s] Level 1:colcon.colcon_core.package_identification:_identify(src) by extensions ['cmake', 'python']
[0.839s] Level 1:colcon.colcon_core.package_identification:_identify(src) by extension 'cmake'
[0.839s] Level 1:colcon.colcon_core.package_identification:_identify(src) by extension 'python'
[0.839s] Level 1:colcon.colcon_core.package_identification:_identify(src) by extensions ['python_setup_py']
[0.839s] Level 1:colcon.colcon_core.package_identification:_identify(src) by extension 'python_setup_py'
[0.839s] Level 1:colcon.colcon_core.package_identification:_identify(src/ros2_control_hand) by extensions ['ignore', 'ignore_ament_install']
[0.839s] Level 1:colcon.colcon_core.package_identification:_identify(src/ros2_control_hand) by extension 'ignore'
[0.839s] Level 1:colcon.colcon_core.package_identification:_identify(src/ros2_control_hand) by extension 'ignore_ament_install'
[0.839s] Level 1:colcon.colcon_core.package_identification:_identify(src/ros2_control_hand) by extensions ['colcon_pkg']
[0.839s] Level 1:colcon.colcon_core.package_identification:_identify(src/ros2_control_hand) by extension 'colcon_pkg'
[0.839s] Level 1:colcon.colcon_core.package_identification:_identify(src/ros2_control_hand) by extensions ['colcon_meta']
[0.839s] Level 1:colcon.colcon_core.package_identification:_identify(src/ros2_control_hand) by extension 'colcon_meta'
[0.840s] Level 1:colcon.colcon_core.package_identification:_identify(src/ros2_control_hand) by extensions ['ros']
[0.840s] Level 1:colcon.colcon_core.package_identification:_identify(src/ros2_control_hand) by extension 'ros'
[0.843s] DEBUG:colcon.colcon_core.package_identification:Package 'src/ros2_control_hand' with type 'ros.ament_cmake' and name 'ros2_control_hand'
[0.843s] Level 1:colcon.colcon_core.package_discovery:discover_packages(recursive) using defaults
[0.843s] Level 1:colcon.colcon_core.package_discovery:discover_packages(ignore) discover
[0.843s] Level 1:colcon.colcon_core.package_discovery:discover_packages(ignore) using defaults
[0.843s] Level 1:colcon.colcon_core.package_discovery:discover_packages(path) discover
[0.843s] Level 1:colcon.colcon_core.package_discovery:discover_packages(path) using defaults
[0.915s] Level 1:colcon.colcon_core.package_discovery:discover_packages(prefix_path) check parameters
[0.916s] Level 1:colcon.colcon_core.package_discovery:discover_packages(prefix_path) discover
[0.939s] DEBUG:colcon.colcon_installed_package_information.package_discovery:Found 2 installed packages in /home/lucas/dev_ws/install
[0.950s] DEBUG:colcon.colcon_installed_package_information.package_discovery:Found 14 installed packages in /home/lucas/control_ws/install
[0.961s] DEBUG:colcon.colcon_installed_package_information.package_discovery:Found 6 installed packages in /home/lucas/ros2_ws/install
[0.973s] DEBUG:colcon.colcon_installed_package_information.package_discovery:Found 326 installed packages in /opt/ros/humble
[0.975s] Level 1:colcon.colcon_core.package_discovery:discover_packages(prefix_path) using defaults
[1.074s] Level 5:colcon.colcon_core.verb:set package 'ros2_control_hand' build argument 'cmake_args' from command line to 'None'
[1.074s] Level 5:colcon.colcon_core.verb:set package 'ros2_control_hand' build argument 'cmake_target' from command line to 'None'
[1.074s] Level 5:colcon.colcon_core.verb:set package 'ros2_control_hand' build argument 'cmake_target_skip_unavailable' from command line to 'False'
[1.074s] Level 5:colcon.colcon_core.verb:set package 'ros2_control_hand' build argument 'cmake_clean_cache' from command line to 'False'
[1.074s] Level 5:colcon.colcon_core.verb:set package 'ros2_control_hand' build argument 'cmake_clean_first' from command line to 'False'
[1.074s] Level 5:colcon.colcon_core.verb:set package 'ros2_control_hand' build argument 'cmake_force_configure' from command line to 'False'
[1.074s] Level 5:colcon.colcon_core.verb:set package 'ros2_control_hand' build argument 'ament_cmake_args' from command line to 'None'
[1.074s] Level 5:colcon.colcon_core.verb:set package 'ros2_control_hand' build argument 'catkin_cmake_args' from command line to 'None'
[1.074s] Level 5:colcon.colcon_core.verb:set package 'ros2_control_hand' build argument 'catkin_skip_building_tests' from command line to 'False'
[1.074s] DEBUG:colcon.colcon_core.verb:Building package 'ros2_control_hand' with the following arguments: {'ament_cmake_args': None, 'build_base': '/home/lucas/dev_ws/build/ros2_control_hand', 'catkin_cmake_args': None, 'catkin_skip_building_tests': False, 'cmake_args': None, 'cmake_clean_cache': False, 'cmake_clean_first': False, 'cmake_force_configure': False, 'cmake_target': None, 'cmake_target_skip_unavailable': False, 'install_base': '/home/lucas/dev_ws/install/ros2_control_hand', 'merge_install': False, 'path': '/home/lucas/dev_ws/src/ros2_control_hand', 'symlink_install': False, 'test_result_base': None}
[1.085s] INFO:colcon.colcon_core.executor:Executing jobs using 'parallel' executor
[1.097s] DEBUG:colcon.colcon_parallel_executor.executor.parallel:run_until_complete
[1.097s] INFO:colcon.colcon_ros.task.ament_cmake.build:Building ROS package in '/home/lucas/dev_ws/src/ros2_control_hand' with build type 'ament_cmake'
[1.097s] INFO:colcon.colcon_cmake.task.cmake.build:Building CMake package in '/home/lucas/dev_ws/src/ros2_control_hand'
[1.112s] INFO:colcon.colcon_core.plugin_system:Skipping extension 'colcon_core.shell.bat': Not used on non-Windows systems
[1.113s] INFO:colcon.colcon_core.shell:Skip shell extension 'powershell' for command environment: Not usable outside of PowerShell
[1.113s] DEBUG:colcon.colcon_core.shell:Skip shell extension 'dsv' for command environment
[1.178s] DEBUG:colcon.colcon_core.event_handler.log_command:Invoking command in '/home/lucas/dev_ws/build/ros2_control_hand': CMAKE_PREFIX_PATH=${CMAKE_PREFIX_PATH}:/opt/ros/humble /usr/bin/cmake --build /home/lucas/dev_ws/build/ros2_control_hand -- -j8 -l8
[4.375s] DEBUG:colcon.colcon_core.event_handler.log_command:Invoked command in '/home/lucas/dev_ws/build/ros2_control_hand' returned '2': CMAKE_PREFIX_PATH=${CMAKE_PREFIX_PATH}:/opt/ros/humble /usr/bin/cmake --build /home/lucas/dev_ws/build/ros2_control_hand -- -j8 -l8
[4.412s] Level 1:colcon.colcon_core.environment:create_environment_scripts_only(ros2_control_hand)
[4.422s] Level 1:colcon.colcon_core.environment:checking '/home/lucas/dev_ws/install/ros2_control_hand' for CMake module files
[4.423s] Level 1:colcon.colcon_core.environment:checking '/home/lucas/dev_ws/install/ros2_control_hand' for CMake config files
[4.423s] Level 1:colcon.colcon_core.shell:create_environment_hook('ros2_control_hand', 'cmake_prefix_path')
[4.434s] INFO:colcon.colcon_core.shell:Creating environment hook '/home/lucas/dev_ws/install/ros2_control_hand/share/ros2_control_hand/hook/cmake_prefix_path.ps1'
[4.434s] INFO:colcon.colcon_core.shell:Creating environment descriptor '/home/lucas/dev_ws/install/ros2_control_hand/share/ros2_control_hand/hook/cmake_prefix_path.dsv'
[4.435s] INFO:colcon.colcon_core.shell:Creating environment hook '/home/lucas/dev_ws/install/ros2_control_hand/share/ros2_control_hand/hook/cmake_prefix_path.sh'
[4.435s] Level 1:colcon.colcon_core.environment:checking '/home/lucas/dev_ws/install/ros2_control_hand/lib'
[4.435s] Level 1:colcon.colcon_core.shell:create_environment_hook('ros2_control_hand', 'ld_library_path_lib')
[4.446s] INFO:colcon.colcon_core.shell:Creating environment hook '/home/lucas/dev_ws/install/ros2_control_hand/share/ros2_control_hand/hook/ld_library_path_lib.ps1'
[4.446s] INFO:colcon.colcon_core.shell:Creating environment descriptor '/home/lucas/dev_ws/install/ros2_control_hand/share/ros2_control_hand/hook/ld_library_path_lib.dsv'
[4.447s] INFO:colcon.colcon_core.shell:Creating environment hook '/home/lucas/dev_ws/install/ros2_control_hand/share/ros2_control_hand/hook/ld_library_path_lib.sh'
[4.447s] Level 1:colcon.colcon_core.environment:checking '/home/lucas/dev_ws/install/ros2_control_hand/bin'
[4.447s] Level 1:colcon.colcon_core.environment:checking '/home/lucas/dev_ws/install/ros2_control_hand/lib/pkgconfig/ros2_control_hand.pc'
[4.447s] Level 1:colcon.colcon_core.environment:checking '/home/lucas/dev_ws/install/ros2_control_hand/lib/python3.10/site-packages'
[4.447s] Level 1:colcon.colcon_core.environment:checking '/home/lucas/dev_ws/install/ros2_control_hand/bin'
[4.457s] INFO:colcon.colcon_core.shell:Creating package script '/home/lucas/dev_ws/install/ros2_control_hand/share/ros2_control_hand/package.ps1'
[4.457s] INFO:colcon.colcon_core.shell:Creating package descriptor '/home/lucas/dev_ws/install/ros2_control_hand/share/ros2_control_hand/package.dsv'
[4.458s] INFO:colcon.colcon_core.shell:Creating package script '/home/lucas/dev_ws/install/ros2_control_hand/share/ros2_control_hand/package.sh'
[4.458s] INFO:colcon.colcon_core.shell:Creating package script '/home/lucas/dev_ws/install/ros2_control_hand/share/ros2_control_hand/package.bash'
[4.459s] INFO:colcon.colcon_core.shell:Creating package script '/home/lucas/dev_ws/install/ros2_control_hand/share/ros2_control_hand/package.zsh'
[4.459s] Level 1:colcon.colcon_core.environment:create_file_with_runtime_dependencies(/home/lucas/dev_ws/install/ros2_control_hand/share/colcon-core/packages/ros2_control_hand)
[4.470s] DEBUG:colcon.colcon_parallel_executor.executor.parallel:closing loop
[4.470s] DEBUG:colcon.colcon_parallel_executor.executor.parallel:loop closed
[4.470s] DEBUG:colcon.colcon_parallel_executor.executor.parallel:run_until_complete finished with '2'
[4.470s] DEBUG:colcon.colcon_core.event_reactor:joining thread
[4.485s] INFO:colcon.colcon_core.plugin_system:Skipping extension 'colcon_notification.desktop_notification.terminal_notifier': Not used on non-Darwin systems
[4.485s] INFO:colcon.colcon_core.plugin_system:Skipping extension 'colcon_notification.desktop_notification.win32': Not used on non-Windows systems
[4.486s] INFO:colcon.colcon_notification.desktop_notification:Sending desktop notification using 'notify2'
[4.500s] DEBUG:colcon.colcon_core.event_reactor:joined thread
[4.511s] INFO:colcon.colcon_core.shell:Creating prefix script '/home/lucas/dev_ws/install/local_setup.ps1'
[4.512s] INFO:colcon.colcon_core.shell:Creating prefix util module '/home/lucas/dev_ws/install/_local_setup_util_ps1.py'
[4.513s] INFO:colcon.colcon_core.shell:Creating prefix chain script '/home/lucas/dev_ws/install/setup.ps1'
[4.523s] INFO:colcon.colcon_core.shell:Creating prefix script '/home/lucas/dev_ws/install/local_setup.sh'
[4.523s] INFO:colcon.colcon_core.shell:Creating prefix util module '/home/lucas/dev_ws/install/_local_setup_util_sh.py'
[4.524s] INFO:colcon.colcon_core.shell:Creating prefix chain script '/home/lucas/dev_ws/install/setup.sh'
[4.536s] INFO:colcon.colcon_core.shell:Creating prefix script '/home/lucas/dev_ws/install/local_setup.bash'
[4.536s] INFO:colcon.colcon_core.shell:Creating prefix chain script '/home/lucas/dev_ws/install/setup.bash'
[4.547s] INFO:colcon.colcon_core.shell:Creating prefix script '/home/lucas/dev_ws/install/local_setup.zsh'
[4.547s] INFO:colcon.colcon_core.shell:Creating prefix chain script '/home/lucas/dev_ws/install/setup.zsh'
