[0.081s] Invoking command in '/home/lucas/dev_ws/build/ros2_control_hand': CMAKE_PREFIX_PATH=${CMAKE_PREFIX_PATH}:/opt/ros/humble /usr/bin/cmake --build /home/lucas/dev_ws/build/ros2_control_hand -- -j8 -l8
[0.141s] [ 50%] [32mBuilding CXX object CMakeFiles/ros2_control_hand.dir/hardware/rrbot.cpp.o[0m
[2.652s] [01m[K/home/lucas/dev_ws/src/ros2_control_hand/hardware/rrbot.cpp:[m[K In member function ‘[01m[Kvirtual hardware_interface::CallbackReturn ros2_control_hand::CustomHardware::on_configure(const rclcpp_lifecycle::State&)[m[K’:
[2.652s] [01m[K/home/lucas/dev_ws/src/ros2_control_hand/hardware/rrbot.cpp:93:24:[m[K [01;31m[Kerror: [m[K‘[01m[Khw_states_[m[K’ was not declared in this scope
[2.652s]    93 |   for (uint i = 0; i < [01;31m[Khw_states_[m[K.size(); i++)
[2.652s]       |                        [01;31m[K^~~~~~~~~~[m[K
[2.655s] [01m[K/home/lucas/dev_ws/src/ros2_control_hand/hardware/rrbot.cpp:[m[K In member function ‘[01m[Kvirtual hardware_interface::CallbackReturn ros2_control_hand::CustomHardware::on_activate(const rclcpp_lifecycle::State&)[m[K’:
[2.655s] [01m[K/home/lucas/dev_ws/src/ros2_control_hand/hardware/rrbot.cpp:112:35:[m[K [01;31m[Kerror: [m[Kunable to find numeric literal operator ‘[01m[Koperator""_RDWR[m[K’
[2.655s]   112 |   SerialPort = open(port.c_str(), [01;31m[K0_RDWR[m[K);
[2.655s]       |                                   [01;31m[K^~~~~~[m[K
[2.672s] In file included from [01m[K/opt/ros/humble/include/rclcpp/rclcpp/client.hpp:40[m[K,
[2.672s]                  from [01m[K/opt/ros/humble/include/rclcpp/rclcpp/callback_group.hpp:24[m[K,
[2.672s]                  from [01m[K/opt/ros/humble/include/rclcpp/rclcpp/any_executable.hpp:20[m[K,
[2.672s]                  from [01m[K/opt/ros/humble/include/rclcpp/rclcpp/memory_strategy.hpp:25[m[K,
[2.672s]                  from [01m[K/opt/ros/humble/include/rclcpp/rclcpp/memory_strategies.hpp:18[m[K,
[2.673s]                  from [01m[K/opt/ros/humble/include/rclcpp/rclcpp/executor_options.hpp:20[m[K,
[2.673s]                  from [01m[K/opt/ros/humble/include/rclcpp/rclcpp/executor.hpp:37[m[K,
[2.673s]                  from [01m[K/opt/ros/humble/include/rclcpp/rclcpp/executors/multi_threaded_executor.hpp:25[m[K,
[2.673s]                  from [01m[K/opt/ros/humble/include/rclcpp/rclcpp/executors.hpp:21[m[K,
[2.673s]                  from [01m[K/opt/ros/humble/include/rclcpp/rclcpp/rclcpp.hpp:155[m[K,
[2.673s]                  from [01m[K/home/lucas/dev_ws/src/ros2_control_hand/hardware/rrbot.cpp:27[m[K:
[2.673s] [01m[K/home/lucas/dev_ws/src/ros2_control_hand/hardware/rrbot.cpp:[m[K In member function ‘[01m[Kvirtual hardware_interface::return_type ros2_control_hand::CustomHardware::read(const rclcpp::Time&, const rclcpp::Duration&)[m[K’:
[2.673s] [01m[K/home/lucas/dev_ws/src/ros2_control_hand/hardware/rrbot.cpp:265:21:[m[K [01;31m[Kerror: [m[Kfound ‘[01m[K:[m[K’ in nested-name-specifier, expected ‘[01m[K::[m[K’
[2.673s]   265 |   RCLCPP_INFO(rclcpp[01;31m[K:[m[Kget_logger("HardwareInterface"), "Received : %f, %f, %f, %f, %f, %f, %f, %f",
[2.673s]       |                     [01;31m[K^[m[K
[2.673s] In file included from [01m[K/opt/ros/humble/include/rclcpp/rclcpp/logging.hpp:24[m[K,
[2.673s]                  from [01m[K/opt/ros/humble/include/rclcpp/rclcpp/client.hpp:40[m[K,
[2.673s]                  from [01m[K/opt/ros/humble/include/rclcpp/rclcpp/callback_group.hpp:24[m[K,
[2.673s]                  from [01m[K/opt/ros/humble/include/rclcpp/rclcpp/any_executable.hpp:20[m[K,
[2.673s]                  from [01m[K/opt/ros/humble/include/rclcpp/rclcpp/memory_strategy.hpp:25[m[K,
[2.673s]                  from [01m[K/opt/ros/humble/include/rclcpp/rclcpp/memory_strategies.hpp:18[m[K,
[2.673s]                  from [01m[K/opt/ros/humble/include/rclcpp/rclcpp/executor_options.hpp:20[m[K,
[2.673s]                  from [01m[K/opt/ros/humble/include/rclcpp/rclcpp/executor.hpp:37[m[K,
[2.673s]                  from [01m[K/opt/ros/humble/include/rclcpp/rclcpp/executors/multi_threaded_executor.hpp:25[m[K,
[2.674s]                  from [01m[K/opt/ros/humble/include/rclcpp/rclcpp/executors.hpp:21[m[K,
[2.674s]                  from [01m[K/opt/ros/humble/include/rclcpp/rclcpp/rclcpp.hpp:155[m[K,
[2.674s]                  from [01m[K/home/lucas/dev_ws/src/ros2_control_hand/hardware/rrbot.cpp:27[m[K:
[2.674s] [01m[K/home/lucas/dev_ws/src/ros2_control_hand/hardware/rrbot.cpp:265:21:[m[K [01;31m[Kerror: [m[Kfound ‘[01m[K:[m[K’ in nested-name-specifier, expected ‘[01m[K::[m[K’
[2.674s]   265 |   RCLCPP_INFO(rclcpp[01;31m[K:[m[Kget_logger("HardwareInterface"), "Received : %f, %f, %f, %f, %f, %f, %f, %f",
[2.674s]       |                     [01;31m[K^[m[K
[2.674s] [01m[K/home/lucas/dev_ws/src/ros2_control_hand/hardware/rrbot.cpp:265:21:[m[K [01;31m[Kerror: [m[Kfound ‘[01m[K:[m[K’ in nested-name-specifier, expected ‘[01m[K::[m[K’
[2.674s]   265 |   RCLCPP_INFO(rclcpp[01;31m[K:[m[Kget_logger("HardwareInterface"), "Received : %f, %f, %f, %f, %f, %f, %f, %f",
[2.674s]       |                     [01;31m[K^[m[K
[3.275s] gmake[2]: *** [CMakeFiles/ros2_control_hand.dir/build.make:76 : CMakeFiles/ros2_control_hand.dir/hardware/rrbot.cpp.o] Erreur 1
[3.275s] gmake[1]: *** [CMakeFiles/Makefile2:137 : CMakeFiles/ros2_control_hand.dir/all] Erreur 2
[3.275s] gmake: *** [Makefile:146 : all] Erreur 2
[3.277s] Invoked command in '/home/lucas/dev_ws/build/ros2_control_hand' returned '2': CMAKE_PREFIX_PATH=${CMAKE_PREFIX_PATH}:/opt/ros/humble /usr/bin/cmake --build /home/lucas/dev_ws/build/ros2_control_hand -- -j8 -l8
