[0.304s] Invoking command in '/home/lucas/dev_ws/build/ros2_ue_linker': CMAKE_PREFIX_PATH=/home/lucas/dev_ws/install/ros2_ue_linker:/home/lucas/dev_ws/install/ros2_control_hand:/home/lucas/dev_ws/install/ros2_control_demo_description:/home/lucas/dev_ws/install/dexhand_description:/opt/ros/humble:/home/lucas/dev_ws/install/hand_urdf:/home/lucas/ros2_ws/install/udp_driver:/home/lucas/ros2_ws/install/serial_driver:/home/lucas/ros2_ws/install/ros2_ue_connector_node:/home/lucas/ros2_ws/install/io_context:/home/lucas/ros2_ws/install/custom_hardware:/home/lucas/ros2_ws/install/asio_cmake_module /usr/bin/cmake --build /home/lucas/dev_ws/build/ros2_ue_linker -- -j8 -l8
[0.350s] [100%] Built target ue_connector
[0.430s] Invoked command in '/home/lucas/dev_ws/build/ros2_ue_linker' returned '0': CMAKE_PREFIX_PATH=/home/lucas/dev_ws/install/ros2_ue_linker:/home/lucas/dev_ws/install/ros2_control_hand:/home/lucas/dev_ws/install/ros2_control_demo_description:/home/lucas/dev_ws/install/dexhand_description:/opt/ros/humble:/home/lucas/dev_ws/install/hand_urdf:/home/lucas/ros2_ws/install/udp_driver:/home/lucas/ros2_ws/install/serial_driver:/home/lucas/ros2_ws/install/ros2_ue_connector_node:/home/lucas/ros2_ws/install/io_context:/home/lucas/ros2_ws/install/custom_hardware:/home/lucas/ros2_ws/install/asio_cmake_module /usr/bin/cmake --build /home/lucas/dev_ws/build/ros2_ue_linker -- -j8 -l8
[0.487s] Invoking command in '/home/lucas/dev_ws/build/ros2_ue_linker': CMAKE_PREFIX_PATH=/home/lucas/dev_ws/install/ros2_ue_linker:/home/lucas/dev_ws/install/ros2_control_hand:/home/lucas/dev_ws/install/ros2_control_demo_description:/home/lucas/dev_ws/install/dexhand_description:/opt/ros/humble:/home/lucas/dev_ws/install/hand_urdf:/home/lucas/ros2_ws/install/udp_driver:/home/lucas/ros2_ws/install/serial_driver:/home/lucas/ros2_ws/install/ros2_ue_connector_node:/home/lucas/ros2_ws/install/io_context:/home/lucas/ros2_ws/install/custom_hardware:/home/lucas/ros2_ws/install/asio_cmake_module /usr/bin/cmake --install /home/lucas/dev_ws/build/ros2_ue_linker
[0.558s] -- Install configuration: ""
[0.558s] -- Up-to-date: /home/lucas/dev_ws/install/ros2_ue_linker/lib/ros2_ue_linker/ue_connector
[0.558s] -- Up-to-date: /home/lucas/dev_ws/install/ros2_ue_linker/share/ament_index/resource_index/package_run_dependencies/ros2_ue_linker
[0.558s] -- Up-to-date: /home/lucas/dev_ws/install/ros2_ue_linker/share/ament_index/resource_index/parent_prefix_path/ros2_ue_linker
[0.559s] -- Up-to-date: /home/lucas/dev_ws/install/ros2_ue_linker/share/ros2_ue_linker/environment/ament_prefix_path.sh
[0.559s] -- Up-to-date: /home/lucas/dev_ws/install/ros2_ue_linker/share/ros2_ue_linker/environment/ament_prefix_path.dsv
[0.559s] -- Up-to-date: /home/lucas/dev_ws/install/ros2_ue_linker/share/ros2_ue_linker/environment/path.sh
[0.559s] -- Up-to-date: /home/lucas/dev_ws/install/ros2_ue_linker/share/ros2_ue_linker/environment/path.dsv
[0.559s] -- Up-to-date: /home/lucas/dev_ws/install/ros2_ue_linker/share/ros2_ue_linker/local_setup.bash
[0.559s] -- Up-to-date: /home/lucas/dev_ws/install/ros2_ue_linker/share/ros2_ue_linker/local_setup.sh
[0.559s] -- Up-to-date: /home/lucas/dev_ws/install/ros2_ue_linker/share/ros2_ue_linker/local_setup.zsh
[0.559s] -- Up-to-date: /home/lucas/dev_ws/install/ros2_ue_linker/share/ros2_ue_linker/local_setup.dsv
[0.559s] -- Installing: /home/lucas/dev_ws/install/ros2_ue_linker/share/ros2_ue_linker/package.dsv
[0.559s] -- Up-to-date: /home/lucas/dev_ws/install/ros2_ue_linker/share/ament_index/resource_index/packages/ros2_ue_linker
[0.560s] -- Up-to-date: /home/lucas/dev_ws/install/ros2_ue_linker/share/ros2_ue_linker/cmake/ros2_ue_linkerConfig.cmake
[0.560s] -- Up-to-date: /home/lucas/dev_ws/install/ros2_ue_linker/share/ros2_ue_linker/cmake/ros2_ue_linkerConfig-version.cmake
[0.560s] -- Up-to-date: /home/lucas/dev_ws/install/ros2_ue_linker/share/ros2_ue_linker/package.xml
[0.619s] Invoked command in '/home/lucas/dev_ws/build/ros2_ue_linker' returned '0': CMAKE_PREFIX_PATH=/home/lucas/dev_ws/install/ros2_ue_linker:/home/lucas/dev_ws/install/ros2_control_hand:/home/lucas/dev_ws/install/ros2_control_demo_description:/home/lucas/dev_ws/install/dexhand_description:/opt/ros/humble:/home/lucas/dev_ws/install/hand_urdf:/home/lucas/ros2_ws/install/udp_driver:/home/lucas/ros2_ws/install/serial_driver:/home/lucas/ros2_ws/install/ros2_ue_connector_node:/home/lucas/ros2_ws/install/io_context:/home/lucas/ros2_ws/install/custom_hardware:/home/lucas/ros2_ws/install/asio_cmake_module /usr/bin/cmake --install /home/lucas/dev_ws/build/ros2_ue_linker
