-- Found ament_cmake: 1.3.6 (/opt/ros/humble/share/ament_cmake/cmake)
-- Found hardware_interface: 2.36.0 (/opt/ros/humble/share/hardware_interface/cmake)
-- Found rosidl_generator_c: 3.1.5 (/opt/ros/humble/share/rosidl_generator_c/cmake)
-- Found rosidl_adapter: 3.1.5 (/opt/ros/humble/share/rosidl_adapter/cmake)
-- Found rosidl_generator_cpp: 3.1.5 (/opt/ros/humble/share/rosidl_generator_cpp/cmake)
-- Using all available rosidl_typesupport_c: rosidl_typesupport_fastrtps_c;rosidl_typesupport_introspection_c
-- Using all available rosidl_typesupport_cpp: rosidl_typesupport_fastrtps_cpp;rosidl_typesupport_introspection_cpp
-- Found rmw_implementation_cmake: 6.1.1 (/opt/ros/humble/share/rmw_implementation_cmake/cmake)
-- Found rmw_fastrtps_cpp: 6.2.5 (/opt/ros/humble/share/rmw_fastrtps_cpp/cmake)
-- Found TinyXML2 via Config file: TinyXML2_DIR-NOTFOUND
-- Found TinyXML2 via Config file: TinyXML2_DIR-NOTFOUND
-- Found TinyXML2 via Config file: TinyXML2_DIR-NOTFOUND
-- Found TinyXML2 via Config file: TinyXML2_DIR-NOTFOUND
-- Using RMW implementation 'rmw_fastrtps_cpp' as default
-- Configuring done
-- Generating done
-- Build files have been written to: /home/lucas/dev_ws/build/hand_urdf
-- Install configuration: ""
-- Installing: /home/lucas/dev_ws/install/hand_urdf/share/ament_index/resource_index/package_run_dependencies/hand_urdf
-- Up-to-date: /home/lucas/dev_ws/install/hand_urdf/share/ament_index/resource_index/parent_prefix_path/hand_urdf
-- Up-to-date: /home/lucas/dev_ws/install/hand_urdf/share/hand_urdf/environment/ament_prefix_path.sh
-- Installing: /home/lucas/dev_ws/install/hand_urdf/share/hand_urdf/environment/ament_prefix_path.dsv
-- Up-to-date: /home/lucas/dev_ws/install/hand_urdf/share/hand_urdf/environment/path.sh
-- Installing: /home/lucas/dev_ws/install/hand_urdf/share/hand_urdf/environment/path.dsv
-- Up-to-date: /home/lucas/dev_ws/install/hand_urdf/share/hand_urdf/local_setup.bash
-- Up-to-date: /home/lucas/dev_ws/install/hand_urdf/share/hand_urdf/local_setup.sh
-- Up-to-date: /home/lucas/dev_ws/install/hand_urdf/share/hand_urdf/local_setup.zsh
-- Installing: /home/lucas/dev_ws/install/hand_urdf/share/hand_urdf/local_setup.dsv
-- Installing: /home/lucas/dev_ws/install/hand_urdf/share/hand_urdf/package.dsv
-- Up-to-date: /home/lucas/dev_ws/install/hand_urdf/share/ament_index/resource_index/packages/hand_urdf
-- Up-to-date: /home/lucas/dev_ws/install/hand_urdf/share/hand_urdf/cmake/hand_urdfConfig.cmake
-- Up-to-date: /home/lucas/dev_ws/install/hand_urdf/share/hand_urdf/cmake/hand_urdfConfig-version.cmake
-- Installing: /home/lucas/dev_ws/install/hand_urdf/share/hand_urdf/package.xml
