[0.057s] Invoking command in '/home/lucas/dev_ws/build/ros2_control_hand': AMENT_PREFIX_PATH=/home/lucas/dev_ws/install/ros2_control_demo_description:${AMENT_PREFIX_PATH} CMAKE_PREFIX_PATH=/home/lucas/dev_ws/install/ros2_control_demo_description:/home/lucas/ros2_ws/install/udp_driver:/home/lucas/ros2_ws/install/serial_driver:/home/lucas/ros2_ws/install/ros2_ue_connector_node:/home/lucas/ros2_ws/install/io_context:/home/lucas/ros2_ws/install/custom_hardware:/home/lucas/ros2_ws/install/asio_cmake_module:/opt/ros/humble /usr/bin/cmake --build /home/lucas/dev_ws/build/ros2_control_hand -- -j8 -l8
[0.085s] -- Found ament_cmake: 1.3.6 (/opt/ros/humble/share/ament_cmake/cmake)
[0.199s] -- Override CMake install command with custom implementation using symlinks instead of copying resources
[0.208s] -- Found hardware_interface: 2.36.0 (/opt/ros/humble/share/hardware_interface/cmake)
[0.235s] -- Found rosidl_generator_c: 3.1.5 (/opt/ros/humble/share/rosidl_generator_c/cmake)
[0.238s] -- Found rosidl_adapter: 3.1.5 (/opt/ros/humble/share/rosidl_adapter/cmake)
[0.244s] -- Found rosidl_generator_cpp: 3.1.5 (/opt/ros/humble/share/rosidl_generator_cpp/cmake)
[0.256s] -- Using all available rosidl_typesupport_c: rosidl_typesupport_fastrtps_c;rosidl_typesupport_introspection_c
[0.269s] -- Using all available rosidl_typesupport_cpp: rosidl_typesupport_fastrtps_cpp;rosidl_typesupport_introspection_cpp
[0.833s] -- Found rmw_implementation_cmake: 6.1.1 (/opt/ros/humble/share/rmw_implementation_cmake/cmake)
[0.834s] -- Found rmw_fastrtps_cpp: 6.2.5 (/opt/ros/humble/share/rmw_fastrtps_cpp/cmake)
[0.860s] -- Found TinyXML2 via Config file: TinyXML2_DIR-NOTFOUND
[0.867s] -- Found TinyXML2 via Config file: TinyXML2_DIR-NOTFOUND
[0.885s] -- Found TinyXML2 via Config file: TinyXML2_DIR-NOTFOUND
[0.893s] -- Found TinyXML2 via Config file: TinyXML2_DIR-NOTFOUND
[0.903s] -- Using RMW implementation 'rmw_fastrtps_cpp' as default
[1.084s] -- Found ament_cmake_gtest: 1.3.6 (/opt/ros/humble/share/ament_cmake_gtest/cmake)
[1.146s] -- Configuring done
[1.194s] -- Generating done
[1.196s] -- Build files have been written to: /home/lucas/dev_ws/build/ros2_control_hand
[1.222s] [35m[1mConsolidate compiler generated dependencies of target ros2_control_hand[0m
[1.242s] [ 50%] [32mBuilding CXX object CMakeFiles/ros2_control_hand.dir/hardware/rrbot.cpp.o[0m
[4.111s] [100%] [32m[1mLinking CXX shared library libros2_control_hand.so[0m
[4.336s] [100%] Built target ros2_control_hand
[4.346s] Invoked command in '/home/lucas/dev_ws/build/ros2_control_hand' returned '0': AMENT_PREFIX_PATH=/home/lucas/dev_ws/install/ros2_control_demo_description:${AMENT_PREFIX_PATH} CMAKE_PREFIX_PATH=/home/lucas/dev_ws/install/ros2_control_demo_description:/home/lucas/ros2_ws/install/udp_driver:/home/lucas/ros2_ws/install/serial_driver:/home/lucas/ros2_ws/install/ros2_ue_connector_node:/home/lucas/ros2_ws/install/io_context:/home/lucas/ros2_ws/install/custom_hardware:/home/lucas/ros2_ws/install/asio_cmake_module:/opt/ros/humble /usr/bin/cmake --build /home/lucas/dev_ws/build/ros2_control_hand -- -j8 -l8
[4.371s] Invoking command in '/home/lucas/dev_ws/build/ros2_control_hand': AMENT_PREFIX_PATH=/home/lucas/dev_ws/install/ros2_control_demo_description:${AMENT_PREFIX_PATH} CMAKE_PREFIX_PATH=/home/lucas/dev_ws/install/ros2_control_demo_description:/home/lucas/ros2_ws/install/udp_driver:/home/lucas/ros2_ws/install/serial_driver:/home/lucas/ros2_ws/install/ros2_ue_connector_node:/home/lucas/ros2_ws/install/io_context:/home/lucas/ros2_ws/install/custom_hardware:/home/lucas/ros2_ws/install/asio_cmake_module:/opt/ros/humble /usr/bin/cmake --install /home/lucas/dev_ws/build/ros2_control_hand
[4.378s] -- Install configuration: ""
[4.378s] -- Execute custom install script
[4.378s] -- Up-to-date symlink: /home/lucas/dev_ws/install/ros2_control_hand/share/ros2_control_hand//ros2_control_hand.xml
[4.379s] -- Up-to-date symlink: /home/lucas/dev_ws/install/ros2_control_hand/include/ros2_control_hand/ros2_control_hand/rrbot.hpp
[4.379s] -- Up-to-date symlink: /home/lucas/dev_ws/install/ros2_control_hand/include/ros2_control_hand/ros2_control_hand/visibility_control.h
[4.379s] -- Up-to-date symlink: /home/lucas/dev_ws/install/ros2_control_hand/share/ros2_control_hand/launch/view_robot.launch.py
[4.380s] -- Up-to-date symlink: /home/lucas/dev_ws/install/ros2_control_hand/share/ros2_control_hand/ros2_control/rrbot.ros2_control.xacro
[4.380s] -- Up-to-date symlink: /home/lucas/dev_ws/install/ros2_control_hand/share/ros2_control_hand/urdf/rrbot.urdf.xacro
[4.381s] -- Up-to-date symlink: /home/lucas/dev_ws/install/ros2_control_hand/share/ros2_control_hand/launch/rrbot.launch.py
[4.381s] -- Up-to-date symlink: /home/lucas/dev_ws/install/ros2_control_hand/share/ros2_control_hand/launch/test_forward_position_controller.launch.py
[4.381s] -- Up-to-date symlink: /home/lucas/dev_ws/install/ros2_control_hand/share/ros2_control_hand/launch/test_joint_trajectory_controller.launch.py
[4.381s] -- Up-to-date symlink: /home/lucas/dev_ws/install/ros2_control_hand/share/ros2_control_hand/config/rrbot_controllers.yaml
[4.381s] -- Up-to-date symlink: /home/lucas/dev_ws/install/ros2_control_hand/share/ros2_control_hand/config/rrbot_forward_position_publisher.yaml
[4.382s] -- Up-to-date symlink: /home/lucas/dev_ws/install/ros2_control_hand/share/ros2_control_hand/config/rrbot_joint_trajectory_publisher.yaml
[4.382s] -- Up-to-date symlink: /home/lucas/dev_ws/install/ros2_control_hand/share/ros2_control_hand/environment/library_path.sh
[4.382s] -- Up-to-date symlink: /home/lucas/dev_ws/install/ros2_control_hand/share/ros2_control_hand/environment/library_path.dsv
[4.382s] -- Up-to-date symlink: /home/lucas/dev_ws/install/ros2_control_hand/share/ament_index/resource_index/package_run_dependencies/ros2_control_hand
[4.382s] -- Up-to-date symlink: /home/lucas/dev_ws/install/ros2_control_hand/share/ament_index/resource_index/parent_prefix_path/ros2_control_hand
[4.383s] -- Up-to-date symlink: /home/lucas/dev_ws/install/ros2_control_hand/share/ros2_control_hand/environment/ament_prefix_path.sh
[4.383s] -- Up-to-date symlink: /home/lucas/dev_ws/install/ros2_control_hand/share/ros2_control_hand/environment/ament_prefix_path.dsv
[4.383s] -- Up-to-date symlink: /home/lucas/dev_ws/install/ros2_control_hand/share/ros2_control_hand/environment/path.sh
[4.383s] -- Up-to-date symlink: /home/lucas/dev_ws/install/ros2_control_hand/share/ros2_control_hand/environment/path.dsv
[4.383s] -- Up-to-date symlink: /home/lucas/dev_ws/install/ros2_control_hand/share/ros2_control_hand/local_setup.bash
[4.383s] -- Up-to-date symlink: /home/lucas/dev_ws/install/ros2_control_hand/share/ros2_control_hand/local_setup.sh
[4.383s] -- Up-to-date symlink: /home/lucas/dev_ws/install/ros2_control_hand/share/ros2_control_hand/local_setup.zsh
[4.383s] -- Up-to-date symlink: /home/lucas/dev_ws/install/ros2_control_hand/share/ros2_control_hand/local_setup.dsv
[4.384s] -- Symlinking: /home/lucas/dev_ws/install/ros2_control_hand/share/ros2_control_hand/package.dsv
[4.393s] -- Up-to-date symlink: /home/lucas/dev_ws/install/ros2_control_hand/share/ament_index/resource_index/packages/ros2_control_hand
[4.393s] -- Up-to-date symlink: /home/lucas/dev_ws/install/ros2_control_hand/share/ament_index/resource_index/hardware_interface__pluginlib__plugin/ros2_control_hand
[4.393s] -- Up-to-date symlink: /home/lucas/dev_ws/install/ros2_control_hand/share/ros2_control_hand/cmake/ament_cmake_export_targets-extras.cmake
[4.393s] -- Up-to-date symlink: /home/lucas/dev_ws/install/ros2_control_hand/share/ros2_control_hand/cmake/ament_cmake_export_dependencies-extras.cmake
[4.393s] -- Up-to-date symlink: /home/lucas/dev_ws/install/ros2_control_hand/share/ros2_control_hand/cmake/ros2_control_handConfig.cmake
[4.393s] -- Up-to-date symlink: /home/lucas/dev_ws/install/ros2_control_hand/share/ros2_control_hand/cmake/ros2_control_handConfig-version.cmake
[4.393s] -- Up-to-date symlink: /home/lucas/dev_ws/install/ros2_control_hand/share/ros2_control_hand/package.xml
[4.393s] -- Installing: /home/lucas/dev_ws/install/ros2_control_hand/lib/libros2_control_hand.so
[4.395s] -- Set runtime path of "/home/lucas/dev_ws/install/ros2_control_hand/lib/libros2_control_hand.so" to ""
[4.395s] -- Up-to-date: /home/lucas/dev_ws/install/ros2_control_hand/share/ros2_control_hand/cmake/export_ros2_control_handExport.cmake
[4.396s] -- Up-to-date: /home/lucas/dev_ws/install/ros2_control_hand/share/ros2_control_hand/cmake/export_ros2_control_handExport-noconfig.cmake
[4.398s] Invoked command in '/home/lucas/dev_ws/build/ros2_control_hand' returned '0': AMENT_PREFIX_PATH=/home/lucas/dev_ws/install/ros2_control_demo_description:${AMENT_PREFIX_PATH} CMAKE_PREFIX_PATH=/home/lucas/dev_ws/install/ros2_control_demo_description:/home/lucas/ros2_ws/install/udp_driver:/home/lucas/ros2_ws/install/serial_driver:/home/lucas/ros2_ws/install/ros2_ue_connector_node:/home/lucas/ros2_ws/install/io_context:/home/lucas/ros2_ws/install/custom_hardware:/home/lucas/ros2_ws/install/asio_cmake_module:/opt/ros/humble /usr/bin/cmake --install /home/lucas/dev_ws/build/ros2_control_hand
