[0.731s] Invoking command in '/home/lucas/dev_ws/src/dexhand_description': PYTHONPATH=/home/lucas/dev_ws/build/dexhand_description/prefix_override:/home/lucas/dev_ws/install/dexhand_description/lib/python3.10/site-packages:${PYTHONPATH} /usr/bin/python3 setup.py egg_info --egg-base ../../build/dexhand_description build --build-base /home/lucas/dev_ws/build/dexhand_description/build install --record /home/lucas/dev_ws/build/dexhand_description/install.log --single-version-externally-managed
[0.921s] running egg_info
[0.921s] writing ../../build/dexhand_description/dexhand_description.egg-info/PKG-INFO
[0.921s] writing dependency_links to ../../build/dexhand_description/dexhand_description.egg-info/dependency_links.txt
[0.921s] writing entry points to ../../build/dexhand_description/dexhand_description.egg-info/entry_points.txt
[0.922s] writing requirements to ../../build/dexhand_description/dexhand_description.egg-info/requires.txt
[0.922s] writing top-level names to ../../build/dexhand_description/dexhand_description.egg-info/top_level.txt
[0.923s] reading manifest file '../../build/dexhand_description/dexhand_description.egg-info/SOURCES.txt'
[0.923s] adding license file 'LICENSE'
[0.925s] /usr/lib/python3/dist-packages/setuptools/command/install.py:34: SetuptoolsDeprecationWarning: setup.py install is deprecated. Use build and pip and other standards-based tools.
[0.925s]   warnings.warn(
[0.925s] writing manifest file '../../build/dexhand_description/dexhand_description.egg-info/SOURCES.txt'
[0.925s] running build
[0.925s] running build_py
[0.925s] running install
[0.925s] running install_lib
[0.925s] running install_data
[0.926s] copying urdf/dexhand.xacro -> /home/lucas/dev_ws/install/dexhand_description/share/dexhand_description/urdf
[0.926s] copying urdf/ros2_control_hand.xacro -> /home/lucas/dev_ws/install/dexhand_description/share/dexhand_description/urdf
[0.927s] running install_egg_info
[0.929s] removing '/home/lucas/dev_ws/install/dexhand_description/lib/python3.10/site-packages/dexhand_description-0.0.1-py3.10.egg-info' (and everything under it)
[0.929s] Copying ../../build/dexhand_description/dexhand_description.egg-info to /home/lucas/dev_ws/install/dexhand_description/lib/python3.10/site-packages/dexhand_description-0.0.1-py3.10.egg-info
[0.930s] running install_scripts
[0.950s] writing list of installed files to '/home/lucas/dev_ws/build/dexhand_description/install.log'
[0.971s] Invoked command in '/home/lucas/dev_ws/src/dexhand_description' returned '0': PYTHONPATH=/home/lucas/dev_ws/build/dexhand_description/prefix_override:/home/lucas/dev_ws/install/dexhand_description/lib/python3.10/site-packages:${PYTHONPATH} /usr/bin/python3 setup.py egg_info --egg-base ../../build/dexhand_description build --build-base /home/lucas/dev_ws/build/dexhand_description/build install --record /home/lucas/dev_ws/build/dexhand_description/install.log --single-version-externally-managed
