[0.050s] Invoking command in '/home/lucas/dev_ws/build/ros2_control_demo_example_7': CMAKE_PREFIX_PATH=${CMAKE_PREFIX_PATH}:/opt/ros/humble /usr/bin/cmake /home/lucas/dev_ws/src/ros2_control_hand -DCMAKE_INSTALL_PREFIX=/home/lucas/dev_ws/install/ros2_control_demo_example_7
[0.059s] -- Found ament_cmake: 1.3.5 (/opt/ros/humble/share/ament_cmake/cmake)
[0.149s] -- Found pluginlib: 5.1.0 (/opt/ros/humble/share/pluginlib/cmake)
[0.167s] -- Found hardware_interface: 2.35.0 (/opt/ros/humble/share/hardware_interface/cmake)
[0.177s] -- Found rosidl_generator_c: 3.1.5 (/opt/ros/humble/share/rosidl_generator_c/cmake)
[0.179s] -- Found rosidl_adapter: 3.1.5 (/opt/ros/humble/share/rosidl_adapter/cmake)
[0.183s] -- Found rosidl_generator_cpp: 3.1.5 (/opt/ros/humble/share/rosidl_generator_cpp/cmake)
[0.189s] -- Using all available rosidl_typesupport_c: rosidl_typesupport_fastrtps_c;rosidl_typesupport_introspection_c
[0.197s] -- Using all available rosidl_typesupport_cpp: rosidl_typesupport_fastrtps_cpp;rosidl_typesupport_introspection_cpp
[0.584s] -- Found rmw_implementation_cmake: 6.1.1 (/opt/ros/humble/share/rmw_implementation_cmake/cmake)
[0.585s] -- Found rmw_fastrtps_cpp: 6.2.4 (/opt/ros/humble/share/rmw_fastrtps_cpp/cmake)
[0.668s] -- Using RMW implementation 'rmw_fastrtps_cpp' as default
[0.766s] -- Found kdl_parser: 2.6.4 (/opt/ros/humble/share/kdl_parser/cmake)
[0.767s] -- Found eigen3_cmake_module: 0.1.1 (/opt/ros/humble/share/eigen3_cmake_module/cmake)
[0.768s] -- Ensuring Eigen3 include directory is part of orocos-kdl CMake target
[0.769s] -- Found controller_interface: 2.35.0 (/opt/ros/humble/share/controller_interface/cmake)
[0.827s] -- Found realtime_tools: 2.5.0 (/opt/ros/humble/share/realtime_tools/cmake)
[0.996s] -- Found ament_cmake_gtest: 1.3.5 (/opt/ros/humble/share/ament_cmake_gtest/cmake)
[1.036s] [31mCMake Error at /opt/ros/humble/share/ament_cmake_core/cmake/core/ament_package_xml.cmake:53 (message):
[1.036s]   ament_package_xml() package name 'ros2_control_demo_example_7' in
[1.036s]   '/package.xml' does not match current PROJECT_NAME 'ros2_control_hand'.
[1.036s]   You must call project() with the same package name before.
[1.036s] Call Stack (most recent call first):
[1.036s]   /opt/ros/humble/share/ament_cmake_core/cmake/core/ament_package.cmake:63 (ament_package_xml)
[1.037s]   CMakeLists.txt:109 (ament_package)
[1.037s] 
[1.037s] [0m
[1.037s] -- Configuring incomplete, errors occurred!
[1.037s] See also "/home/lucas/dev_ws/build/ros2_control_demo_example_7/CMakeFiles/CMakeOutput.log".
[1.044s] Invoked command in '/home/lucas/dev_ws/build/ros2_control_demo_example_7' returned '1': CMAKE_PREFIX_PATH=${CMAKE_PREFIX_PATH}:/opt/ros/humble /usr/bin/cmake /home/lucas/dev_ws/src/ros2_control_hand -DCMAKE_INSTALL_PREFIX=/home/lucas/dev_ws/install/ros2_control_demo_example_7
