[0.585s] DEBUG:colcon:Command line arguments: ['/usr/bin/colcon', 'build']
[0.585s] DEBUG:colcon:Parsed command line arguments: Namespace(log_base=None, log_level=None, verb_name='build', build_base='build', install_base='install', merge_install=False, symlink_install=False, test_result_base=None, continue_on_error=False, executor='parallel', parallel_workers=8, event_handlers=None, ignore_user_meta=False, metas=['./colcon.meta'], base_paths=['.'], packages_ignore=None, packages_ignore_regex=None, paths=None, packages_up_to=None, packages_up_to_regex=None, packages_above=None, packages_above_and_dependencies=None, packages_above_depth=None, packages_select_by_dep=None, packages_skip_by_dep=None, packages_skip_up_to=None, packages_select_build_failed=False, packages_skip_build_finished=False, packages_select_test_failures=False, packages_skip_test_passed=False, packages_select=None, packages_skip=None, packages_select_regex=None, packages_skip_regex=None, packages_start=None, packages_end=None, allow_overriding=[], cmake_args=None, cmake_target=None, cmake_target_skip_unavailable=False, cmake_clean_cache=False, cmake_clean_first=False, cmake_force_configure=False, ament_cmake_args=None, catkin_cmake_args=None, catkin_skip_building_tests=False, verb_parser=<colcon_defaults.argument_parser.defaults.DefaultArgumentsDecorator object at 0x7f3e6f579090>, verb_extension=<colcon_core.verb.build.BuildVerb object at 0x7f3e6f57b760>, main=<bound method BuildVerb.main of <colcon_core.verb.build.BuildVerb object at 0x7f3e6f57b760>>)
[0.615s] Level 1:colcon.colcon_core.package_discovery:discover_packages(colcon_meta) check parameters
[0.615s] Level 1:colcon.colcon_core.package_discovery:discover_packages(recursive) check parameters
[0.615s] Level 1:colcon.colcon_core.package_discovery:discover_packages(ignore) check parameters
[0.615s] Level 1:colcon.colcon_core.package_discovery:discover_packages(path) check parameters
[0.615s] Level 1:colcon.colcon_core.package_discovery:discover_packages(colcon_meta) discover
[0.615s] Level 1:colcon.colcon_core.package_discovery:discover_packages(recursive) discover
[0.615s] INFO:colcon.colcon_core.package_discovery:Crawling recursively for packages in '/home/lucas/dev_ws'
[0.615s] Level 1:colcon.colcon_core.package_identification:_identify(.) by extensions ['ignore', 'ignore_ament_install']
[0.615s] Level 1:colcon.colcon_core.package_identification:_identify(.) by extension 'ignore'
[0.615s] Level 1:colcon.colcon_core.package_identification:_identify(.) by extension 'ignore_ament_install'
[0.615s] Level 1:colcon.colcon_core.package_identification:_identify(.) by extensions ['colcon_pkg']
[0.615s] Level 1:colcon.colcon_core.package_identification:_identify(.) by extension 'colcon_pkg'
[0.615s] Level 1:colcon.colcon_core.package_identification:_identify(.) by extensions ['colcon_meta']
[0.615s] Level 1:colcon.colcon_core.package_identification:_identify(.) by extension 'colcon_meta'
[0.615s] Level 1:colcon.colcon_core.package_identification:_identify(.) by extensions ['ros']
[0.615s] Level 1:colcon.colcon_core.package_identification:_identify(.) by extension 'ros'
[0.624s] Level 1:colcon.colcon_core.package_identification:_identify(.) by extensions ['cmake', 'python']
[0.624s] Level 1:colcon.colcon_core.package_identification:_identify(.) by extension 'cmake'
[0.624s] Level 1:colcon.colcon_core.package_identification:_identify(.) by extension 'python'
[0.624s] Level 1:colcon.colcon_core.package_identification:_identify(.) by extensions ['python_setup_py']
[0.624s] Level 1:colcon.colcon_core.package_identification:_identify(.) by extension 'python_setup_py'
[0.624s] Level 1:colcon.colcon_core.package_identification:_identify(build) by extensions ['ignore', 'ignore_ament_install']
[0.624s] Level 1:colcon.colcon_core.package_identification:_identify(build) by extension 'ignore'
[0.624s] Level 1:colcon.colcon_core.package_identification:_identify(build) ignored
[0.624s] Level 1:colcon.colcon_core.package_identification:_identify(custom_hard) by extensions ['ignore', 'ignore_ament_install']
[0.624s] Level 1:colcon.colcon_core.package_identification:_identify(custom_hard) by extension 'ignore'
[0.624s] Level 1:colcon.colcon_core.package_identification:_identify(custom_hard) by extension 'ignore_ament_install'
[0.624s] Level 1:colcon.colcon_core.package_identification:_identify(custom_hard) by extensions ['colcon_pkg']
[0.624s] Level 1:colcon.colcon_core.package_identification:_identify(custom_hard) by extension 'colcon_pkg'
[0.625s] Level 1:colcon.colcon_core.package_identification:_identify(custom_hard) by extensions ['colcon_meta']
[0.625s] Level 1:colcon.colcon_core.package_identification:_identify(custom_hard) by extension 'colcon_meta'
[0.625s] Level 1:colcon.colcon_core.package_identification:_identify(custom_hard) by extensions ['ros']
[0.625s] Level 1:colcon.colcon_core.package_identification:_identify(custom_hard) by extension 'ros'
[0.625s] Level 1:colcon.colcon_core.package_identification:_identify(custom_hard) by extensions ['cmake', 'python']
[0.625s] Level 1:colcon.colcon_core.package_identification:_identify(custom_hard) by extension 'cmake'
[0.625s] Level 1:colcon.colcon_core.package_identification:_identify(custom_hard) by extension 'python'
[0.625s] Level 1:colcon.colcon_core.package_identification:_identify(custom_hard) by extensions ['python_setup_py']
[0.625s] Level 1:colcon.colcon_core.package_identification:_identify(custom_hard) by extension 'python_setup_py'
[0.625s] Level 1:colcon.colcon_core.package_identification:_identify(install) by extensions ['ignore', 'ignore_ament_install']
[0.625s] Level 1:colcon.colcon_core.package_identification:_identify(install) by extension 'ignore'
[0.625s] Level 1:colcon.colcon_core.package_identification:_identify(install) ignored
[0.625s] Level 1:colcon.colcon_core.package_identification:_identify(log) by extensions ['ignore', 'ignore_ament_install']
[0.625s] Level 1:colcon.colcon_core.package_identification:_identify(log) by extension 'ignore'
[0.625s] Level 1:colcon.colcon_core.package_identification:_identify(log) ignored
[0.625s] Level 1:colcon.colcon_core.package_identification:_identify(src) by extensions ['ignore', 'ignore_ament_install']
[0.625s] Level 1:colcon.colcon_core.package_identification:_identify(src) by extension 'ignore'
[0.625s] Level 1:colcon.colcon_core.package_identification:_identify(src) by extension 'ignore_ament_install'
[0.625s] Level 1:colcon.colcon_core.package_identification:_identify(src) by extensions ['colcon_pkg']
[0.625s] Level 1:colcon.colcon_core.package_identification:_identify(src) by extension 'colcon_pkg'
[0.625s] Level 1:colcon.colcon_core.package_identification:_identify(src) by extensions ['colcon_meta']
[0.625s] Level 1:colcon.colcon_core.package_identification:_identify(src) by extension 'colcon_meta'
[0.625s] Level 1:colcon.colcon_core.package_identification:_identify(src) by extensions ['ros']
[0.626s] Level 1:colcon.colcon_core.package_identification:_identify(src) by extension 'ros'
[0.626s] Level 1:colcon.colcon_core.package_identification:_identify(src) by extensions ['cmake', 'python']
[0.626s] Level 1:colcon.colcon_core.package_identification:_identify(src) by extension 'cmake'
[0.626s] Level 1:colcon.colcon_core.package_identification:_identify(src) by extension 'python'
[0.626s] Level 1:colcon.colcon_core.package_identification:_identify(src) by extensions ['python_setup_py']
[0.626s] Level 1:colcon.colcon_core.package_identification:_identify(src) by extension 'python_setup_py'
[0.626s] Level 1:colcon.colcon_core.package_identification:_identify(src/ros2_control_demo_description) by extensions ['ignore', 'ignore_ament_install']
[0.626s] Level 1:colcon.colcon_core.package_identification:_identify(src/ros2_control_demo_description) by extension 'ignore'
[0.626s] Level 1:colcon.colcon_core.package_identification:_identify(src/ros2_control_demo_description) by extension 'ignore_ament_install'
[0.626s] Level 1:colcon.colcon_core.package_identification:_identify(src/ros2_control_demo_description) by extensions ['colcon_pkg']
[0.626s] Level 1:colcon.colcon_core.package_identification:_identify(src/ros2_control_demo_description) by extension 'colcon_pkg'
[0.626s] Level 1:colcon.colcon_core.package_identification:_identify(src/ros2_control_demo_description) by extensions ['colcon_meta']
[0.626s] Level 1:colcon.colcon_core.package_identification:_identify(src/ros2_control_demo_description) by extension 'colcon_meta'
[0.626s] Level 1:colcon.colcon_core.package_identification:_identify(src/ros2_control_demo_description) by extensions ['ros']
[0.626s] Level 1:colcon.colcon_core.package_identification:_identify(src/ros2_control_demo_description) by extension 'ros'
[0.628s] DEBUG:colcon.colcon_core.package_identification:Package 'src/ros2_control_demo_description' with type 'ros.ament_cmake' and name 'ros2_control_demo_description'
[0.628s] Level 1:colcon.colcon_core.package_identification:_identify(src/ros2_control_hand) by extensions ['ignore', 'ignore_ament_install']
[0.628s] Level 1:colcon.colcon_core.package_identification:_identify(src/ros2_control_hand) by extension 'ignore'
[0.628s] Level 1:colcon.colcon_core.package_identification:_identify(src/ros2_control_hand) by extension 'ignore_ament_install'
[0.628s] Level 1:colcon.colcon_core.package_identification:_identify(src/ros2_control_hand) by extensions ['colcon_pkg']
[0.628s] Level 1:colcon.colcon_core.package_identification:_identify(src/ros2_control_hand) by extension 'colcon_pkg'
[0.628s] Level 1:colcon.colcon_core.package_identification:_identify(src/ros2_control_hand) by extensions ['colcon_meta']
[0.628s] Level 1:colcon.colcon_core.package_identification:_identify(src/ros2_control_hand) by extension 'colcon_meta'
[0.628s] Level 1:colcon.colcon_core.package_identification:_identify(src/ros2_control_hand) by extensions ['ros']
[0.628s] Level 1:colcon.colcon_core.package_identification:_identify(src/ros2_control_hand) by extension 'ros'
[0.629s] DEBUG:colcon.colcon_core.package_identification:Package 'src/ros2_control_hand' with type 'ros.ament_cmake' and name 'ros2_control_hand'
[0.629s] Level 1:colcon.colcon_core.package_identification:_identify(src/ros2_ue_linker) by extensions ['ignore', 'ignore_ament_install']
[0.629s] Level 1:colcon.colcon_core.package_identification:_identify(src/ros2_ue_linker) by extension 'ignore'
[0.629s] Level 1:colcon.colcon_core.package_identification:_identify(src/ros2_ue_linker) by extension 'ignore_ament_install'
[0.629s] Level 1:colcon.colcon_core.package_identification:_identify(src/ros2_ue_linker) by extensions ['colcon_pkg']
[0.629s] Level 1:colcon.colcon_core.package_identification:_identify(src/ros2_ue_linker) by extension 'colcon_pkg'
[0.629s] Level 1:colcon.colcon_core.package_identification:_identify(src/ros2_ue_linker) by extensions ['colcon_meta']
[0.630s] Level 1:colcon.colcon_core.package_identification:_identify(src/ros2_ue_linker) by extension 'colcon_meta'
[0.630s] Level 1:colcon.colcon_core.package_identification:_identify(src/ros2_ue_linker) by extensions ['ros']
[0.630s] Level 1:colcon.colcon_core.package_identification:_identify(src/ros2_ue_linker) by extension 'ros'
[0.630s] DEBUG:colcon.colcon_core.package_identification:Package 'src/ros2_ue_linker' with type 'ros.ament_cmake' and name 'ros2_ue_linker'
[0.630s] Level 1:colcon.colcon_core.package_discovery:discover_packages(recursive) using defaults
[0.630s] Level 1:colcon.colcon_core.package_discovery:discover_packages(ignore) discover
[0.630s] Level 1:colcon.colcon_core.package_discovery:discover_packages(ignore) using defaults
[0.630s] Level 1:colcon.colcon_core.package_discovery:discover_packages(path) discover
[0.630s] Level 1:colcon.colcon_core.package_discovery:discover_packages(path) using defaults
[0.693s] Level 1:colcon.colcon_core.package_discovery:discover_packages(prefix_path) check parameters
[0.693s] Level 1:colcon.colcon_core.package_discovery:discover_packages(prefix_path) discover
[0.711s] DEBUG:colcon.colcon_installed_package_information.package_discovery:Found 6 installed packages in /home/lucas/ros2_ws/install
[0.721s] DEBUG:colcon.colcon_installed_package_information.package_discovery:Found 325 installed packages in /opt/ros/humble
[0.722s] Level 1:colcon.colcon_core.package_discovery:discover_packages(prefix_path) using defaults
[0.789s] Level 5:colcon.colcon_core.verb:set package 'ros2_control_demo_description' build argument 'cmake_args' from command line to 'None'
[0.789s] Level 5:colcon.colcon_core.verb:set package 'ros2_control_demo_description' build argument 'cmake_target' from command line to 'None'
[0.789s] Level 5:colcon.colcon_core.verb:set package 'ros2_control_demo_description' build argument 'cmake_target_skip_unavailable' from command line to 'False'
[0.789s] Level 5:colcon.colcon_core.verb:set package 'ros2_control_demo_description' build argument 'cmake_clean_cache' from command line to 'False'
[0.789s] Level 5:colcon.colcon_core.verb:set package 'ros2_control_demo_description' build argument 'cmake_clean_first' from command line to 'False'
[0.789s] Level 5:colcon.colcon_core.verb:set package 'ros2_control_demo_description' build argument 'cmake_force_configure' from command line to 'False'
[0.789s] Level 5:colcon.colcon_core.verb:set package 'ros2_control_demo_description' build argument 'ament_cmake_args' from command line to 'None'
[0.789s] Level 5:colcon.colcon_core.verb:set package 'ros2_control_demo_description' build argument 'catkin_cmake_args' from command line to 'None'
[0.789s] Level 5:colcon.colcon_core.verb:set package 'ros2_control_demo_description' build argument 'catkin_skip_building_tests' from command line to 'False'
[0.789s] DEBUG:colcon.colcon_core.verb:Building package 'ros2_control_demo_description' with the following arguments: {'ament_cmake_args': None, 'build_base': '/home/lucas/dev_ws/build/ros2_control_demo_description', 'catkin_cmake_args': None, 'catkin_skip_building_tests': False, 'cmake_args': None, 'cmake_clean_cache': False, 'cmake_clean_first': False, 'cmake_force_configure': False, 'cmake_target': None, 'cmake_target_skip_unavailable': False, 'install_base': '/home/lucas/dev_ws/install/ros2_control_demo_description', 'merge_install': False, 'path': '/home/lucas/dev_ws/src/ros2_control_demo_description', 'symlink_install': False, 'test_result_base': None}
[0.800s] Level 5:colcon.colcon_core.verb:set package 'ros2_ue_linker' build argument 'cmake_args' from command line to 'None'
[0.800s] Level 5:colcon.colcon_core.verb:set package 'ros2_ue_linker' build argument 'cmake_target' from command line to 'None'
[0.800s] Level 5:colcon.colcon_core.verb:set package 'ros2_ue_linker' build argument 'cmake_target_skip_unavailable' from command line to 'False'
[0.800s] Level 5:colcon.colcon_core.verb:set package 'ros2_ue_linker' build argument 'cmake_clean_cache' from command line to 'False'
[0.800s] Level 5:colcon.colcon_core.verb:set package 'ros2_ue_linker' build argument 'cmake_clean_first' from command line to 'False'
[0.800s] Level 5:colcon.colcon_core.verb:set package 'ros2_ue_linker' build argument 'cmake_force_configure' from command line to 'False'
[0.800s] Level 5:colcon.colcon_core.verb:set package 'ros2_ue_linker' build argument 'ament_cmake_args' from command line to 'None'
[0.800s] Level 5:colcon.colcon_core.verb:set package 'ros2_ue_linker' build argument 'catkin_cmake_args' from command line to 'None'
[0.800s] Level 5:colcon.colcon_core.verb:set package 'ros2_ue_linker' build argument 'catkin_skip_building_tests' from command line to 'False'
[0.800s] DEBUG:colcon.colcon_core.verb:Building package 'ros2_ue_linker' with the following arguments: {'ament_cmake_args': None, 'build_base': '/home/lucas/dev_ws/build/ros2_ue_linker', 'catkin_cmake_args': None, 'catkin_skip_building_tests': False, 'cmake_args': None, 'cmake_clean_cache': False, 'cmake_clean_first': False, 'cmake_force_configure': False, 'cmake_target': None, 'cmake_target_skip_unavailable': False, 'install_base': '/home/lucas/dev_ws/install/ros2_ue_linker', 'merge_install': False, 'path': '/home/lucas/dev_ws/src/ros2_ue_linker', 'symlink_install': False, 'test_result_base': None}
[0.811s] Level 5:colcon.colcon_core.verb:set package 'ros2_control_hand' build argument 'cmake_args' from command line to 'None'
[0.811s] Level 5:colcon.colcon_core.verb:set package 'ros2_control_hand' build argument 'cmake_target' from command line to 'None'
[0.811s] Level 5:colcon.colcon_core.verb:set package 'ros2_control_hand' build argument 'cmake_target_skip_unavailable' from command line to 'False'
[0.811s] Level 5:colcon.colcon_core.verb:set package 'ros2_control_hand' build argument 'cmake_clean_cache' from command line to 'False'
[0.811s] Level 5:colcon.colcon_core.verb:set package 'ros2_control_hand' build argument 'cmake_clean_first' from command line to 'False'
[0.811s] Level 5:colcon.colcon_core.verb:set package 'ros2_control_hand' build argument 'cmake_force_configure' from command line to 'False'
[0.811s] Level 5:colcon.colcon_core.verb:set package 'ros2_control_hand' build argument 'ament_cmake_args' from command line to 'None'
[0.811s] Level 5:colcon.colcon_core.verb:set package 'ros2_control_hand' build argument 'catkin_cmake_args' from command line to 'None'
[0.811s] Level 5:colcon.colcon_core.verb:set package 'ros2_control_hand' build argument 'catkin_skip_building_tests' from command line to 'False'
[0.811s] DEBUG:colcon.colcon_core.verb:Building package 'ros2_control_hand' with the following arguments: {'ament_cmake_args': None, 'build_base': '/home/lucas/dev_ws/build/ros2_control_hand', 'catkin_cmake_args': None, 'catkin_skip_building_tests': False, 'cmake_args': None, 'cmake_clean_cache': False, 'cmake_clean_first': False, 'cmake_force_configure': False, 'cmake_target': None, 'cmake_target_skip_unavailable': False, 'install_base': '/home/lucas/dev_ws/install/ros2_control_hand', 'merge_install': False, 'path': '/home/lucas/dev_ws/src/ros2_control_hand', 'symlink_install': False, 'test_result_base': None}
[0.821s] INFO:colcon.colcon_core.executor:Executing jobs using 'parallel' executor
[0.831s] DEBUG:colcon.colcon_parallel_executor.executor.parallel:run_until_complete
[0.831s] INFO:colcon.colcon_ros.task.ament_cmake.build:Building ROS package in '/home/lucas/dev_ws/src/ros2_control_demo_description' with build type 'ament_cmake'
[0.831s] INFO:colcon.colcon_cmake.task.cmake.build:Building CMake package in '/home/lucas/dev_ws/src/ros2_control_demo_description'
[0.845s] INFO:colcon.colcon_core.plugin_system:Skipping extension 'colcon_core.shell.bat': Not used on non-Windows systems
[0.846s] INFO:colcon.colcon_core.shell:Skip shell extension 'powershell' for command environment: Not usable outside of PowerShell
[0.846s] DEBUG:colcon.colcon_core.shell:Skip shell extension 'dsv' for command environment
[0.876s] INFO:colcon.colcon_ros.task.ament_cmake.build:Building ROS package in '/home/lucas/dev_ws/src/ros2_ue_linker' with build type 'ament_cmake'
[0.876s] INFO:colcon.colcon_cmake.task.cmake.build:Building CMake package in '/home/lucas/dev_ws/src/ros2_ue_linker'
[0.886s] INFO:colcon.colcon_core.shell:Skip shell extension 'powershell' for command environment: Not usable outside of PowerShell
[0.886s] DEBUG:colcon.colcon_core.shell:Skip shell extension 'dsv' for command environment
[0.920s] DEBUG:colcon.colcon_core.event_handler.log_command:Invoking command in '/home/lucas/dev_ws/build/ros2_control_demo_description': CMAKE_PREFIX_PATH=${CMAKE_PREFIX_PATH}:/opt/ros/humble /usr/bin/cmake --build /home/lucas/dev_ws/build/ros2_control_demo_description -- -j8 -l8
[0.923s] DEBUG:colcon.colcon_core.event_handler.log_command:Invoking command in '/home/lucas/dev_ws/build/ros2_ue_linker': CMAKE_PREFIX_PATH=${CMAKE_PREFIX_PATH}:/opt/ros/humble /usr/bin/cmake --build /home/lucas/dev_ws/build/ros2_ue_linker -- -j8 -l8
[0.954s] DEBUG:colcon.colcon_core.event_handler.log_command:Invoked command in '/home/lucas/dev_ws/build/ros2_control_demo_description' returned '0': CMAKE_PREFIX_PATH=${CMAKE_PREFIX_PATH}:/opt/ros/humble /usr/bin/cmake --build /home/lucas/dev_ws/build/ros2_control_demo_description -- -j8 -l8
[0.982s] DEBUG:colcon.colcon_core.event_handler.log_command:Invoking command in '/home/lucas/dev_ws/build/ros2_control_demo_description': CMAKE_PREFIX_PATH=${CMAKE_PREFIX_PATH}:/opt/ros/humble /usr/bin/cmake --install /home/lucas/dev_ws/build/ros2_control_demo_description
[0.983s] DEBUG:colcon.colcon_core.event_handler.log_command:Invoked command in '/home/lucas/dev_ws/build/ros2_ue_linker' returned '0': CMAKE_PREFIX_PATH=${CMAKE_PREFIX_PATH}:/opt/ros/humble /usr/bin/cmake --build /home/lucas/dev_ws/build/ros2_ue_linker -- -j8 -l8
[0.991s] Level 1:colcon.colcon_core.environment:create_environment_scripts_only(ros2_control_demo_description)
[0.992s] DEBUG:colcon.colcon_core.event_handler.log_command:Invoked command in '/home/lucas/dev_ws/build/ros2_control_demo_description' returned '0': CMAKE_PREFIX_PATH=${CMAKE_PREFIX_PATH}:/opt/ros/humble /usr/bin/cmake --install /home/lucas/dev_ws/build/ros2_control_demo_description
[1.006s] Level 1:colcon.colcon_core.environment:checking '/home/lucas/dev_ws/install/ros2_control_demo_description' for CMake module files
[1.007s] Level 1:colcon.colcon_core.environment:checking '/home/lucas/dev_ws/install/ros2_control_demo_description' for CMake config files
[1.007s] Level 1:colcon.colcon_core.shell:create_environment_hook('ros2_control_demo_description', 'cmake_prefix_path')
[1.019s] INFO:colcon.colcon_core.shell:Creating environment hook '/home/lucas/dev_ws/install/ros2_control_demo_description/share/ros2_control_demo_description/hook/cmake_prefix_path.ps1'
[1.020s] INFO:colcon.colcon_core.shell:Creating environment descriptor '/home/lucas/dev_ws/install/ros2_control_demo_description/share/ros2_control_demo_description/hook/cmake_prefix_path.dsv'
[1.020s] INFO:colcon.colcon_core.shell:Creating environment hook '/home/lucas/dev_ws/install/ros2_control_demo_description/share/ros2_control_demo_description/hook/cmake_prefix_path.sh'
[1.021s] Level 1:colcon.colcon_core.environment:checking '/home/lucas/dev_ws/install/ros2_control_demo_description/bin'
[1.021s] Level 1:colcon.colcon_core.environment:checking '/home/lucas/dev_ws/install/ros2_control_demo_description/lib/pkgconfig/ros2_control_demo_description.pc'
[1.021s] Level 1:colcon.colcon_core.environment:checking '/home/lucas/dev_ws/install/ros2_control_demo_description/lib/python3.10/site-packages'
[1.022s] Level 1:colcon.colcon_core.environment:checking '/home/lucas/dev_ws/install/ros2_control_demo_description/bin'
[1.033s] INFO:colcon.colcon_core.shell:Creating package script '/home/lucas/dev_ws/install/ros2_control_demo_description/share/ros2_control_demo_description/package.ps1'
[1.034s] INFO:colcon.colcon_core.shell:Creating package descriptor '/home/lucas/dev_ws/install/ros2_control_demo_description/share/ros2_control_demo_description/package.dsv'
[1.034s] INFO:colcon.colcon_core.shell:Creating package script '/home/lucas/dev_ws/install/ros2_control_demo_description/share/ros2_control_demo_description/package.sh'
[1.035s] INFO:colcon.colcon_core.shell:Creating package script '/home/lucas/dev_ws/install/ros2_control_demo_description/share/ros2_control_demo_description/package.bash'
[1.036s] INFO:colcon.colcon_core.shell:Creating package script '/home/lucas/dev_ws/install/ros2_control_demo_description/share/ros2_control_demo_description/package.zsh'
[1.036s] Level 1:colcon.colcon_core.environment:create_file_with_runtime_dependencies(/home/lucas/dev_ws/install/ros2_control_demo_description/share/colcon-core/packages/ros2_control_demo_description)
[1.039s] DEBUG:colcon.colcon_core.event_handler.log_command:Invoking command in '/home/lucas/dev_ws/build/ros2_ue_linker': CMAKE_PREFIX_PATH=${CMAKE_PREFIX_PATH}:/opt/ros/humble /usr/bin/cmake --install /home/lucas/dev_ws/build/ros2_ue_linker
[1.048s] Level 1:colcon.colcon_core.environment:create_environment_scripts_only(ros2_ue_linker)
[1.049s] DEBUG:colcon.colcon_core.event_handler.log_command:Invoked command in '/home/lucas/dev_ws/build/ros2_ue_linker' returned '0': CMAKE_PREFIX_PATH=${CMAKE_PREFIX_PATH}:/opt/ros/humble /usr/bin/cmake --install /home/lucas/dev_ws/build/ros2_ue_linker
[1.062s] Level 1:colcon.colcon_core.environment:checking '/home/lucas/dev_ws/install/ros2_ue_linker' for CMake module files
[1.062s] Level 1:colcon.colcon_core.environment:checking '/home/lucas/dev_ws/install/ros2_ue_linker' for CMake config files
[1.062s] Level 1:colcon.colcon_core.shell:create_environment_hook('ros2_ue_linker', 'cmake_prefix_path')
[1.074s] INFO:colcon.colcon_core.shell:Creating environment hook '/home/lucas/dev_ws/install/ros2_ue_linker/share/ros2_ue_linker/hook/cmake_prefix_path.ps1'
[1.074s] INFO:colcon.colcon_core.shell:Creating environment descriptor '/home/lucas/dev_ws/install/ros2_ue_linker/share/ros2_ue_linker/hook/cmake_prefix_path.dsv'
[1.074s] INFO:colcon.colcon_core.shell:Creating environment hook '/home/lucas/dev_ws/install/ros2_ue_linker/share/ros2_ue_linker/hook/cmake_prefix_path.sh'
[1.075s] Level 1:colcon.colcon_core.environment:checking '/home/lucas/dev_ws/install/ros2_ue_linker/lib'
[1.075s] Level 1:colcon.colcon_core.environment:checking '/home/lucas/dev_ws/install/ros2_ue_linker/bin'
[1.075s] Level 1:colcon.colcon_core.environment:checking '/home/lucas/dev_ws/install/ros2_ue_linker/lib/pkgconfig/ros2_ue_linker.pc'
[1.075s] Level 1:colcon.colcon_core.environment:checking '/home/lucas/dev_ws/install/ros2_ue_linker/lib/python3.10/site-packages'
[1.075s] Level 1:colcon.colcon_core.environment:checking '/home/lucas/dev_ws/install/ros2_ue_linker/bin'
[1.087s] INFO:colcon.colcon_core.shell:Creating package script '/home/lucas/dev_ws/install/ros2_ue_linker/share/ros2_ue_linker/package.ps1'
[1.087s] INFO:colcon.colcon_core.shell:Creating package descriptor '/home/lucas/dev_ws/install/ros2_ue_linker/share/ros2_ue_linker/package.dsv'
[1.088s] INFO:colcon.colcon_core.shell:Creating package script '/home/lucas/dev_ws/install/ros2_ue_linker/share/ros2_ue_linker/package.sh'
[1.088s] INFO:colcon.colcon_core.shell:Creating package script '/home/lucas/dev_ws/install/ros2_ue_linker/share/ros2_ue_linker/package.bash'
[1.088s] INFO:colcon.colcon_core.shell:Creating package script '/home/lucas/dev_ws/install/ros2_ue_linker/share/ros2_ue_linker/package.zsh'
[1.088s] Level 1:colcon.colcon_core.environment:create_file_with_runtime_dependencies(/home/lucas/dev_ws/install/ros2_ue_linker/share/colcon-core/packages/ros2_ue_linker)
[1.102s] Level 1:colcon.colcon_core.environment:create_environment_scripts_only(ros2_control_demo_description)
[1.113s] Level 1:colcon.colcon_core.environment:checking '/home/lucas/dev_ws/install/ros2_control_demo_description' for CMake module files
[1.114s] Level 1:colcon.colcon_core.environment:checking '/home/lucas/dev_ws/install/ros2_control_demo_description' for CMake config files
[1.114s] Level 1:colcon.colcon_core.shell:create_environment_hook('ros2_control_demo_description', 'cmake_prefix_path')
[1.124s] INFO:colcon.colcon_core.shell:Creating environment hook '/home/lucas/dev_ws/install/ros2_control_demo_description/share/ros2_control_demo_description/hook/cmake_prefix_path.ps1'
[1.124s] INFO:colcon.colcon_core.shell:Creating environment descriptor '/home/lucas/dev_ws/install/ros2_control_demo_description/share/ros2_control_demo_description/hook/cmake_prefix_path.dsv'
[1.125s] INFO:colcon.colcon_core.shell:Creating environment hook '/home/lucas/dev_ws/install/ros2_control_demo_description/share/ros2_control_demo_description/hook/cmake_prefix_path.sh'
[1.125s] Level 1:colcon.colcon_core.environment:checking '/home/lucas/dev_ws/install/ros2_control_demo_description/bin'
[1.125s] Level 1:colcon.colcon_core.environment:checking '/home/lucas/dev_ws/install/ros2_control_demo_description/lib/pkgconfig/ros2_control_demo_description.pc'
[1.125s] Level 1:colcon.colcon_core.environment:checking '/home/lucas/dev_ws/install/ros2_control_demo_description/lib/python3.10/site-packages'
[1.126s] Level 1:colcon.colcon_core.environment:checking '/home/lucas/dev_ws/install/ros2_control_demo_description/bin'
[1.137s] INFO:colcon.colcon_core.shell:Creating package script '/home/lucas/dev_ws/install/ros2_control_demo_description/share/ros2_control_demo_description/package.ps1'
[1.138s] INFO:colcon.colcon_core.shell:Creating package descriptor '/home/lucas/dev_ws/install/ros2_control_demo_description/share/ros2_control_demo_description/package.dsv'
[1.138s] INFO:colcon.colcon_core.shell:Creating package script '/home/lucas/dev_ws/install/ros2_control_demo_description/share/ros2_control_demo_description/package.sh'
[1.139s] INFO:colcon.colcon_core.shell:Creating package script '/home/lucas/dev_ws/install/ros2_control_demo_description/share/ros2_control_demo_description/package.bash'
[1.139s] INFO:colcon.colcon_core.shell:Creating package script '/home/lucas/dev_ws/install/ros2_control_demo_description/share/ros2_control_demo_description/package.zsh'
[1.139s] Level 1:colcon.colcon_core.environment:create_file_with_runtime_dependencies(/home/lucas/dev_ws/install/ros2_control_demo_description/share/colcon-core/packages/ros2_control_demo_description)
[1.140s] INFO:colcon.colcon_ros.task.ament_cmake.build:Building ROS package in '/home/lucas/dev_ws/src/ros2_control_hand' with build type 'ament_cmake'
[1.140s] INFO:colcon.colcon_cmake.task.cmake.build:Building CMake package in '/home/lucas/dev_ws/src/ros2_control_hand'
[1.155s] INFO:colcon.colcon_core.shell:Skip shell extension 'powershell' for command environment: Not usable outside of PowerShell
[1.155s] DEBUG:colcon.colcon_core.shell:Skip shell extension 'dsv' for command environment
[1.216s] Level 1:colcon.colcon_core.environment:create_environment_scripts_only(ros2_ue_linker)
[1.226s] Level 1:colcon.colcon_core.environment:checking '/home/lucas/dev_ws/install/ros2_ue_linker' for CMake module files
[1.227s] Level 1:colcon.colcon_core.environment:checking '/home/lucas/dev_ws/install/ros2_ue_linker' for CMake config files
[1.227s] Level 1:colcon.colcon_core.shell:create_environment_hook('ros2_ue_linker', 'cmake_prefix_path')
[1.239s] INFO:colcon.colcon_core.shell:Creating environment hook '/home/lucas/dev_ws/install/ros2_ue_linker/share/ros2_ue_linker/hook/cmake_prefix_path.ps1'
[1.239s] INFO:colcon.colcon_core.shell:Creating environment descriptor '/home/lucas/dev_ws/install/ros2_ue_linker/share/ros2_ue_linker/hook/cmake_prefix_path.dsv'
[1.240s] INFO:colcon.colcon_core.shell:Creating environment hook '/home/lucas/dev_ws/install/ros2_ue_linker/share/ros2_ue_linker/hook/cmake_prefix_path.sh'
[1.240s] Level 1:colcon.colcon_core.environment:checking '/home/lucas/dev_ws/install/ros2_ue_linker/lib'
[1.240s] Level 1:colcon.colcon_core.environment:checking '/home/lucas/dev_ws/install/ros2_ue_linker/bin'
[1.240s] Level 1:colcon.colcon_core.environment:checking '/home/lucas/dev_ws/install/ros2_ue_linker/lib/pkgconfig/ros2_ue_linker.pc'
[1.241s] Level 1:colcon.colcon_core.environment:checking '/home/lucas/dev_ws/install/ros2_ue_linker/lib/python3.10/site-packages'
[1.241s] Level 1:colcon.colcon_core.environment:checking '/home/lucas/dev_ws/install/ros2_ue_linker/bin'
[1.254s] INFO:colcon.colcon_core.shell:Creating package script '/home/lucas/dev_ws/install/ros2_ue_linker/share/ros2_ue_linker/package.ps1'
[1.255s] INFO:colcon.colcon_core.shell:Creating package descriptor '/home/lucas/dev_ws/install/ros2_ue_linker/share/ros2_ue_linker/package.dsv'
[1.255s] INFO:colcon.colcon_core.shell:Creating package script '/home/lucas/dev_ws/install/ros2_ue_linker/share/ros2_ue_linker/package.sh'
[1.256s] INFO:colcon.colcon_core.shell:Creating package script '/home/lucas/dev_ws/install/ros2_ue_linker/share/ros2_ue_linker/package.bash'
[1.256s] INFO:colcon.colcon_core.shell:Creating package script '/home/lucas/dev_ws/install/ros2_ue_linker/share/ros2_ue_linker/package.zsh'
[1.256s] Level 1:colcon.colcon_core.environment:create_file_with_runtime_dependencies(/home/lucas/dev_ws/install/ros2_ue_linker/share/colcon-core/packages/ros2_ue_linker)
[1.260s] DEBUG:colcon.colcon_core.event_handler.log_command:Invoking command in '/home/lucas/dev_ws/build/ros2_control_hand': AMENT_PREFIX_PATH=/home/lucas/dev_ws/install/ros2_control_demo_description:${AMENT_PREFIX_PATH} CMAKE_PREFIX_PATH=/home/lucas/dev_ws/install/ros2_control_demo_description:/home/lucas/ros2_ws/install/udp_driver:/home/lucas/ros2_ws/install/serial_driver:/home/lucas/ros2_ws/install/ros2_ue_connector_node:/home/lucas/ros2_ws/install/io_context:/home/lucas/ros2_ws/install/custom_hardware:/home/lucas/ros2_ws/install/asio_cmake_module:/opt/ros/humble /usr/bin/cmake --build /home/lucas/dev_ws/build/ros2_control_hand -- -j8 -l8
[1.321s] DEBUG:colcon.colcon_core.event_handler.log_command:Invoked command in '/home/lucas/dev_ws/build/ros2_control_hand' returned '0': AMENT_PREFIX_PATH=/home/lucas/dev_ws/install/ros2_control_demo_description:${AMENT_PREFIX_PATH} CMAKE_PREFIX_PATH=/home/lucas/dev_ws/install/ros2_control_demo_description:/home/lucas/ros2_ws/install/udp_driver:/home/lucas/ros2_ws/install/serial_driver:/home/lucas/ros2_ws/install/ros2_ue_connector_node:/home/lucas/ros2_ws/install/io_context:/home/lucas/ros2_ws/install/custom_hardware:/home/lucas/ros2_ws/install/asio_cmake_module:/opt/ros/humble /usr/bin/cmake --build /home/lucas/dev_ws/build/ros2_control_hand -- -j8 -l8
[1.343s] DEBUG:colcon.colcon_core.event_handler.log_command:Invoking command in '/home/lucas/dev_ws/build/ros2_control_hand': AMENT_PREFIX_PATH=/home/lucas/dev_ws/install/ros2_control_demo_description:${AMENT_PREFIX_PATH} CMAKE_PREFIX_PATH=/home/lucas/dev_ws/install/ros2_control_demo_description:/home/lucas/ros2_ws/install/udp_driver:/home/lucas/ros2_ws/install/serial_driver:/home/lucas/ros2_ws/install/ros2_ue_connector_node:/home/lucas/ros2_ws/install/io_context:/home/lucas/ros2_ws/install/custom_hardware:/home/lucas/ros2_ws/install/asio_cmake_module:/opt/ros/humble /usr/bin/cmake --install /home/lucas/dev_ws/build/ros2_control_hand
[1.367s] Level 1:colcon.colcon_core.environment:create_environment_scripts_only(ros2_control_hand)
[1.368s] DEBUG:colcon.colcon_core.event_handler.log_command:Invoked command in '/home/lucas/dev_ws/build/ros2_control_hand' returned '0': AMENT_PREFIX_PATH=/home/lucas/dev_ws/install/ros2_control_demo_description:${AMENT_PREFIX_PATH} CMAKE_PREFIX_PATH=/home/lucas/dev_ws/install/ros2_control_demo_description:/home/lucas/ros2_ws/install/udp_driver:/home/lucas/ros2_ws/install/serial_driver:/home/lucas/ros2_ws/install/ros2_ue_connector_node:/home/lucas/ros2_ws/install/io_context:/home/lucas/ros2_ws/install/custom_hardware:/home/lucas/ros2_ws/install/asio_cmake_module:/opt/ros/humble /usr/bin/cmake --install /home/lucas/dev_ws/build/ros2_control_hand
[1.382s] Level 1:colcon.colcon_core.environment:checking '/home/lucas/dev_ws/install/ros2_control_hand' for CMake module files
[1.383s] Level 1:colcon.colcon_core.environment:checking '/home/lucas/dev_ws/install/ros2_control_hand' for CMake config files
[1.383s] Level 1:colcon.colcon_core.shell:create_environment_hook('ros2_control_hand', 'cmake_prefix_path')
[1.395s] INFO:colcon.colcon_core.shell:Creating environment hook '/home/lucas/dev_ws/install/ros2_control_hand/share/ros2_control_hand/hook/cmake_prefix_path.ps1'
[1.395s] INFO:colcon.colcon_core.shell:Creating environment descriptor '/home/lucas/dev_ws/install/ros2_control_hand/share/ros2_control_hand/hook/cmake_prefix_path.dsv'
[1.395s] INFO:colcon.colcon_core.shell:Creating environment hook '/home/lucas/dev_ws/install/ros2_control_hand/share/ros2_control_hand/hook/cmake_prefix_path.sh'
[1.396s] Level 1:colcon.colcon_core.environment:checking '/home/lucas/dev_ws/install/ros2_control_hand/lib'
[1.396s] Level 1:colcon.colcon_core.shell:create_environment_hook('ros2_control_hand', 'ld_library_path_lib')
[1.407s] INFO:colcon.colcon_core.shell:Creating environment hook '/home/lucas/dev_ws/install/ros2_control_hand/share/ros2_control_hand/hook/ld_library_path_lib.ps1'
[1.407s] INFO:colcon.colcon_core.shell:Creating environment descriptor '/home/lucas/dev_ws/install/ros2_control_hand/share/ros2_control_hand/hook/ld_library_path_lib.dsv'
[1.408s] INFO:colcon.colcon_core.shell:Creating environment hook '/home/lucas/dev_ws/install/ros2_control_hand/share/ros2_control_hand/hook/ld_library_path_lib.sh'
[1.408s] Level 1:colcon.colcon_core.environment:checking '/home/lucas/dev_ws/install/ros2_control_hand/bin'
[1.408s] Level 1:colcon.colcon_core.environment:checking '/home/lucas/dev_ws/install/ros2_control_hand/lib/pkgconfig/ros2_control_hand.pc'
[1.408s] Level 1:colcon.colcon_core.environment:checking '/home/lucas/dev_ws/install/ros2_control_hand/lib/python3.10/site-packages'
[1.408s] Level 1:colcon.colcon_core.environment:checking '/home/lucas/dev_ws/install/ros2_control_hand/bin'
[1.420s] INFO:colcon.colcon_core.shell:Creating package script '/home/lucas/dev_ws/install/ros2_control_hand/share/ros2_control_hand/package.ps1'
[1.420s] INFO:colcon.colcon_core.shell:Creating package descriptor '/home/lucas/dev_ws/install/ros2_control_hand/share/ros2_control_hand/package.dsv'
[1.420s] INFO:colcon.colcon_core.shell:Creating package script '/home/lucas/dev_ws/install/ros2_control_hand/share/ros2_control_hand/package.sh'
[1.420s] INFO:colcon.colcon_core.shell:Creating package script '/home/lucas/dev_ws/install/ros2_control_hand/share/ros2_control_hand/package.bash'
[1.421s] INFO:colcon.colcon_core.shell:Creating package script '/home/lucas/dev_ws/install/ros2_control_hand/share/ros2_control_hand/package.zsh'
[1.421s] Level 1:colcon.colcon_core.environment:create_file_with_runtime_dependencies(/home/lucas/dev_ws/install/ros2_control_hand/share/colcon-core/packages/ros2_control_hand)
[1.455s] Level 1:colcon.colcon_core.environment:create_environment_scripts_only(ros2_control_hand)
[1.469s] Level 1:colcon.colcon_core.environment:checking '/home/lucas/dev_ws/install/ros2_control_hand' for CMake module files
[1.470s] Level 1:colcon.colcon_core.environment:checking '/home/lucas/dev_ws/install/ros2_control_hand' for CMake config files
[1.470s] Level 1:colcon.colcon_core.shell:create_environment_hook('ros2_control_hand', 'cmake_prefix_path')
[1.482s] INFO:colcon.colcon_core.shell:Creating environment hook '/home/lucas/dev_ws/install/ros2_control_hand/share/ros2_control_hand/hook/cmake_prefix_path.ps1'
[1.482s] INFO:colcon.colcon_core.shell:Creating environment descriptor '/home/lucas/dev_ws/install/ros2_control_hand/share/ros2_control_hand/hook/cmake_prefix_path.dsv'
[1.483s] INFO:colcon.colcon_core.shell:Creating environment hook '/home/lucas/dev_ws/install/ros2_control_hand/share/ros2_control_hand/hook/cmake_prefix_path.sh'
[1.483s] Level 1:colcon.colcon_core.environment:checking '/home/lucas/dev_ws/install/ros2_control_hand/lib'
[1.483s] Level 1:colcon.colcon_core.shell:create_environment_hook('ros2_control_hand', 'ld_library_path_lib')
[1.494s] INFO:colcon.colcon_core.shell:Creating environment hook '/home/lucas/dev_ws/install/ros2_control_hand/share/ros2_control_hand/hook/ld_library_path_lib.ps1'
[1.494s] INFO:colcon.colcon_core.shell:Creating environment descriptor '/home/lucas/dev_ws/install/ros2_control_hand/share/ros2_control_hand/hook/ld_library_path_lib.dsv'
[1.494s] INFO:colcon.colcon_core.shell:Creating environment hook '/home/lucas/dev_ws/install/ros2_control_hand/share/ros2_control_hand/hook/ld_library_path_lib.sh'
[1.494s] Level 1:colcon.colcon_core.environment:checking '/home/lucas/dev_ws/install/ros2_control_hand/bin'
[1.494s] Level 1:colcon.colcon_core.environment:checking '/home/lucas/dev_ws/install/ros2_control_hand/lib/pkgconfig/ros2_control_hand.pc'
[1.495s] Level 1:colcon.colcon_core.environment:checking '/home/lucas/dev_ws/install/ros2_control_hand/lib/python3.10/site-packages'
[1.495s] Level 1:colcon.colcon_core.environment:checking '/home/lucas/dev_ws/install/ros2_control_hand/bin'
[1.506s] INFO:colcon.colcon_core.shell:Creating package script '/home/lucas/dev_ws/install/ros2_control_hand/share/ros2_control_hand/package.ps1'
[1.506s] INFO:colcon.colcon_core.shell:Creating package descriptor '/home/lucas/dev_ws/install/ros2_control_hand/share/ros2_control_hand/package.dsv'
[1.507s] INFO:colcon.colcon_core.shell:Creating package script '/home/lucas/dev_ws/install/ros2_control_hand/share/ros2_control_hand/package.sh'
[1.507s] INFO:colcon.colcon_core.shell:Creating package script '/home/lucas/dev_ws/install/ros2_control_hand/share/ros2_control_hand/package.bash'
[1.508s] INFO:colcon.colcon_core.shell:Creating package script '/home/lucas/dev_ws/install/ros2_control_hand/share/ros2_control_hand/package.zsh'
[1.508s] Level 1:colcon.colcon_core.environment:create_file_with_runtime_dependencies(/home/lucas/dev_ws/install/ros2_control_hand/share/colcon-core/packages/ros2_control_hand)
[1.508s] DEBUG:colcon.colcon_parallel_executor.executor.parallel:closing loop
[1.509s] DEBUG:colcon.colcon_parallel_executor.executor.parallel:loop closed
[1.509s] DEBUG:colcon.colcon_parallel_executor.executor.parallel:run_until_complete finished with '0'
[1.509s] DEBUG:colcon.colcon_core.event_reactor:joining thread
[1.525s] INFO:colcon.colcon_core.plugin_system:Skipping extension 'colcon_notification.desktop_notification.terminal_notifier': Not used on non-Darwin systems
[1.525s] INFO:colcon.colcon_core.plugin_system:Skipping extension 'colcon_notification.desktop_notification.win32': Not used on non-Windows systems
[1.526s] INFO:colcon.colcon_notification.desktop_notification:Sending desktop notification using 'notify2'
[1.536s] DEBUG:colcon.colcon_core.event_reactor:joined thread
[1.550s] INFO:colcon.colcon_core.shell:Creating prefix script '/home/lucas/dev_ws/install/local_setup.ps1'
[1.551s] INFO:colcon.colcon_core.shell:Creating prefix util module '/home/lucas/dev_ws/install/_local_setup_util_ps1.py'
[1.553s] INFO:colcon.colcon_core.shell:Creating prefix chain script '/home/lucas/dev_ws/install/setup.ps1'
[1.566s] INFO:colcon.colcon_core.shell:Creating prefix script '/home/lucas/dev_ws/install/local_setup.sh'
[1.567s] INFO:colcon.colcon_core.shell:Creating prefix util module '/home/lucas/dev_ws/install/_local_setup_util_sh.py'
[1.568s] INFO:colcon.colcon_core.shell:Creating prefix chain script '/home/lucas/dev_ws/install/setup.sh'
[1.580s] INFO:colcon.colcon_core.shell:Creating prefix script '/home/lucas/dev_ws/install/local_setup.bash'
[1.581s] INFO:colcon.colcon_core.shell:Creating prefix chain script '/home/lucas/dev_ws/install/setup.bash'
[1.592s] INFO:colcon.colcon_core.shell:Creating prefix script '/home/lucas/dev_ws/install/local_setup.zsh'
[1.592s] INFO:colcon.colcon_core.shell:Creating prefix chain script '/home/lucas/dev_ws/install/setup.zsh'
