[ 50%] [32mBuilding CXX object CMakeFiles/ue_connector.dir/src/ue_connector.cpp.o[0m
In file included from [01m[K/opt/ros/humble/include/rclcpp/rclcpp/logging.hpp:24[m[K,
                 from [01m[K/opt/ros/humble/include/rclcpp/rclcpp/client.hpp:40[m[K,
                 from [01m[K/opt/ros/humble/include/rclcpp/rclcpp/callback_group.hpp:24[m[K,
                 from [01m[K/opt/ros/humble/include/rclcpp/rclcpp/any_executable.hpp:20[m[K,
                 from [01m[K/opt/ros/humble/include/rclcpp/rclcpp/memory_strategy.hpp:25[m[K,
                 from [01m[K/opt/ros/humble/include/rclcpp/rclcpp/memory_strategies.hpp:18[m[K,
                 from [01m[K/opt/ros/humble/include/rclcpp/rclcpp/executor_options.hpp:20[m[K,
                 from [01m[K/opt/ros/humble/include/rclcpp/rclcpp/executor.hpp:37[m[K,
                 from [01m[K/opt/ros/humble/include/rclcpp/rclcpp/executors/multi_threaded_executor.hpp:25[m[K,
                 from [01m[K/opt/ros/humble/include/rclcpp/rclcpp/executors.hpp:21[m[K,
                 from [01m[K/opt/ros/humble/include/rclcpp/rclcpp/rclcpp.hpp:155[m[K,
                 from [01m[K/home/lucas/dev_ws/src/ros2_ue_linker/src/ue_connector.cpp:1[m[K:
[01m[K/home/lucas/dev_ws/src/ros2_ue_linker/src/ue_connector.cpp:[m[K In member function ‘[01m[Kvoid TFSubscriber::topic_callback(sensor_msgs::msg::JointState_<std::allocator<void> >::SharedPtr) const[m[K’:
[01m[K/home/lucas/dev_ws/src/ros2_ue_linker/src/ue_connector.cpp:52:45:[m[K [01;35m[Kwarning: [m[Kformat ‘[01m[K%f[m[K’ expects argument of type ‘[01m[Kdouble[m[K’, but argument 5 has type ‘[01m[Kdouble*[m[K’ [[01;35m[K]8;;https://gcc.gnu.org/onlinedocs/gcc/Warning-Options.html#index-Wformat=-Wformat=]8;;[m[K]
   52 |             RCLCPP_INFO(this->get_logger(), [01;35m[K"position : %f"[m[K, [32m[Kposition[m[K);
      |                                             [01;35m[K^~~~~~~~~~~~~~~[m[K  [32m[K~~~~~~~~[m[K
      |                                                              [32m[K|[m[K
      |                                                              [32m[Kdouble*[m[K
[01m[K/home/lucas/dev_ws/src/ros2_ue_linker/src/ue_connector.cpp:52:58:[m[K [01;36m[Knote: [m[Kformat string is defined here
   52 |             RCLCPP_INFO(this->get_logger(), "position : [01;36m[K%f[m[K", position);
      |                                                         [01;36m[K~^[m[K
      |                                                          [01;36m[K|[m[K
      |                                                          [01;36m[Kdouble[m[K
[100%] [32m[1mLinking CXX executable ue_connector[0m
[100%] Built target ue_connector
-- Install configuration: ""
-- Installing: /home/lucas/dev_ws/install/ros2_ue_linker/lib/ros2_ue_linker/ue_connector
-- Set runtime path of "/home/lucas/dev_ws/install/ros2_ue_linker/lib/ros2_ue_linker/ue_connector" to ""
-- Up-to-date: /home/lucas/dev_ws/install/ros2_ue_linker/share/ament_index/resource_index/package_run_dependencies/ros2_ue_linker
-- Up-to-date: /home/lucas/dev_ws/install/ros2_ue_linker/share/ament_index/resource_index/parent_prefix_path/ros2_ue_linker
-- Up-to-date: /home/lucas/dev_ws/install/ros2_ue_linker/share/ros2_ue_linker/environment/ament_prefix_path.sh
-- Up-to-date: /home/lucas/dev_ws/install/ros2_ue_linker/share/ros2_ue_linker/environment/ament_prefix_path.dsv
-- Up-to-date: /home/lucas/dev_ws/install/ros2_ue_linker/share/ros2_ue_linker/environment/path.sh
-- Up-to-date: /home/lucas/dev_ws/install/ros2_ue_linker/share/ros2_ue_linker/environment/path.dsv
-- Up-to-date: /home/lucas/dev_ws/install/ros2_ue_linker/share/ros2_ue_linker/local_setup.bash
-- Up-to-date: /home/lucas/dev_ws/install/ros2_ue_linker/share/ros2_ue_linker/local_setup.sh
-- Up-to-date: /home/lucas/dev_ws/install/ros2_ue_linker/share/ros2_ue_linker/local_setup.zsh
-- Up-to-date: /home/lucas/dev_ws/install/ros2_ue_linker/share/ros2_ue_linker/local_setup.dsv
-- Installing: /home/lucas/dev_ws/install/ros2_ue_linker/share/ros2_ue_linker/package.dsv
-- Up-to-date: /home/lucas/dev_ws/install/ros2_ue_linker/share/ament_index/resource_index/packages/ros2_ue_linker
-- Up-to-date: /home/lucas/dev_ws/install/ros2_ue_linker/share/ros2_ue_linker/cmake/ros2_ue_linkerConfig.cmake
-- Up-to-date: /home/lucas/dev_ws/install/ros2_ue_linker/share/ros2_ue_linker/cmake/ros2_ue_linkerConfig-version.cmake
-- Up-to-date: /home/lucas/dev_ws/install/ros2_ue_linker/share/ros2_ue_linker/package.xml
