[0.286s] Invoking command in '/home/lucas/dev_ws/build/ros2_ue_linker': CMAKE_PREFIX_PATH=/home/lucas/dev_ws/install/ros2_ue_linker:/home/lucas/dev_ws/install/ros2_control_hand:/home/lucas/dev_ws/install/ros2_control_demo_description:/home/lucas/dev_ws/install/dexhand_description:/opt/ros/humble:/home/lucas/dev_ws/install/hand_urdf:/home/lucas/ros2_ws/install/udp_driver:/home/lucas/ros2_ws/install/serial_driver:/home/lucas/ros2_ws/install/ros2_ue_connector_node:/home/lucas/ros2_ws/install/io_context:/home/lucas/ros2_ws/install/custom_hardware:/home/lucas/ros2_ws/install/asio_cmake_module /usr/bin/cmake --build /home/lucas/dev_ws/build/ros2_ue_linker -- -j8 -l8
[0.334s] [ 50%] [32mBuilding CXX object CMakeFiles/ue_connector.dir/src/ue_connector.cpp.o[0m
[2.066s] [01m[K/home/lucas/dev_ws/src/ros2_ue_linker/src/ue_connector.cpp:[m[K In member function ‘[01m[Kvoid TFSubscriber::serialize(std::vector<std::__cxx11::basic_string<char> >&, double*, int)[m[K’:
[2.066s] [01m[K/home/lucas/dev_ws/src/ros2_ue_linker/src/ue_connector.cpp:74:18:[m[K [01;35m[Kwarning: [m[Kcomparison of integer expressions of different signedness: ‘[01m[Kint[m[K’ and ‘[01m[Kstd::vector<std::__cxx11::basic_string<char> >::size_type[m[K’ {aka ‘[01m[Klong unsigned int[m[K’} [[01;35m[K]8;;https://gcc.gnu.org/onlinedocs/gcc/Warning-Options.html#index-Wsign-compare-Wsign-compare]8;;[m[K]
[2.066s]    74 |         while ([01;35m[Ki < joint_names.size()[m[K)
[2.066s]       |                [01;35m[K~~^~~~~~~~~~~~~~~~~~~~[m[K
[2.066s] [01m[K/home/lucas/dev_ws/src/ros2_ue_linker/src/ue_connector.cpp:84:18:[m[K [01;35m[Kwarning: [m[Kcomparison of integer expressions of different signedness: ‘[01m[Kint[m[K’ and ‘[01m[Kstd::vector<std::__cxx11::basic_string<char> >::size_type[m[K’ {aka ‘[01m[Klong unsigned int[m[K’} [[01;35m[K]8;;https://gcc.gnu.org/onlinedocs/gcc/Warning-Options.html#index-Wsign-compare-Wsign-compare]8;;[m[K]
[2.066s]    84 |         while ([01;35m[Ki < joint_names.size()[m[K)
[2.066s]       |                [01;35m[K~~^~~~~~~~~~~~~~~~~~~~[m[K
[6.135s] [100%] [32m[1mLinking CXX executable ue_connector[0m
[6.434s] [100%] Built target ue_connector
[6.442s] Invoked command in '/home/lucas/dev_ws/build/ros2_ue_linker' returned '0': CMAKE_PREFIX_PATH=/home/lucas/dev_ws/install/ros2_ue_linker:/home/lucas/dev_ws/install/ros2_control_hand:/home/lucas/dev_ws/install/ros2_control_demo_description:/home/lucas/dev_ws/install/dexhand_description:/opt/ros/humble:/home/lucas/dev_ws/install/hand_urdf:/home/lucas/ros2_ws/install/udp_driver:/home/lucas/ros2_ws/install/serial_driver:/home/lucas/ros2_ws/install/ros2_ue_connector_node:/home/lucas/ros2_ws/install/io_context:/home/lucas/ros2_ws/install/custom_hardware:/home/lucas/ros2_ws/install/asio_cmake_module /usr/bin/cmake --build /home/lucas/dev_ws/build/ros2_ue_linker -- -j8 -l8
[6.462s] Invoking command in '/home/lucas/dev_ws/build/ros2_ue_linker': CMAKE_PREFIX_PATH=/home/lucas/dev_ws/install/ros2_ue_linker:/home/lucas/dev_ws/install/ros2_control_hand:/home/lucas/dev_ws/install/ros2_control_demo_description:/home/lucas/dev_ws/install/dexhand_description:/opt/ros/humble:/home/lucas/dev_ws/install/hand_urdf:/home/lucas/ros2_ws/install/udp_driver:/home/lucas/ros2_ws/install/serial_driver:/home/lucas/ros2_ws/install/ros2_ue_connector_node:/home/lucas/ros2_ws/install/io_context:/home/lucas/ros2_ws/install/custom_hardware:/home/lucas/ros2_ws/install/asio_cmake_module /usr/bin/cmake --install /home/lucas/dev_ws/build/ros2_ue_linker
[6.469s] -- Install configuration: ""
[6.469s] -- Installing: /home/lucas/dev_ws/install/ros2_ue_linker/lib/ros2_ue_linker/ue_connector
[6.472s] -- Set runtime path of "/home/lucas/dev_ws/install/ros2_ue_linker/lib/ros2_ue_linker/ue_connector" to ""
[6.473s] -- Up-to-date: /home/lucas/dev_ws/install/ros2_ue_linker/share/ament_index/resource_index/package_run_dependencies/ros2_ue_linker
[6.473s] -- Up-to-date: /home/lucas/dev_ws/install/ros2_ue_linker/share/ament_index/resource_index/parent_prefix_path/ros2_ue_linker
[6.473s] -- Up-to-date: /home/lucas/dev_ws/install/ros2_ue_linker/share/ros2_ue_linker/environment/ament_prefix_path.sh
[6.473s] -- Up-to-date: /home/lucas/dev_ws/install/ros2_ue_linker/share/ros2_ue_linker/environment/ament_prefix_path.dsv
[6.473s] -- Up-to-date: /home/lucas/dev_ws/install/ros2_ue_linker/share/ros2_ue_linker/environment/path.sh
[6.473s] -- Up-to-date: /home/lucas/dev_ws/install/ros2_ue_linker/share/ros2_ue_linker/environment/path.dsv
[6.473s] -- Up-to-date: /home/lucas/dev_ws/install/ros2_ue_linker/share/ros2_ue_linker/local_setup.bash
[6.473s] -- Up-to-date: /home/lucas/dev_ws/install/ros2_ue_linker/share/ros2_ue_linker/local_setup.sh
[6.473s] -- Up-to-date: /home/lucas/dev_ws/install/ros2_ue_linker/share/ros2_ue_linker/local_setup.zsh
[6.473s] -- Up-to-date: /home/lucas/dev_ws/install/ros2_ue_linker/share/ros2_ue_linker/local_setup.dsv
[6.473s] -- Installing: /home/lucas/dev_ws/install/ros2_ue_linker/share/ros2_ue_linker/package.dsv
[6.473s] -- Up-to-date: /home/lucas/dev_ws/install/ros2_ue_linker/share/ament_index/resource_index/packages/ros2_ue_linker
[6.473s] -- Up-to-date: /home/lucas/dev_ws/install/ros2_ue_linker/share/ros2_ue_linker/cmake/ros2_ue_linkerConfig.cmake
[6.473s] -- Up-to-date: /home/lucas/dev_ws/install/ros2_ue_linker/share/ros2_ue_linker/cmake/ros2_ue_linkerConfig-version.cmake
[6.473s] -- Up-to-date: /home/lucas/dev_ws/install/ros2_ue_linker/share/ros2_ue_linker/package.xml
[6.474s] Invoked command in '/home/lucas/dev_ws/build/ros2_ue_linker' returned '0': CMAKE_PREFIX_PATH=/home/lucas/dev_ws/install/ros2_ue_linker:/home/lucas/dev_ws/install/ros2_control_hand:/home/lucas/dev_ws/install/ros2_control_demo_description:/home/lucas/dev_ws/install/dexhand_description:/opt/ros/humble:/home/lucas/dev_ws/install/hand_urdf:/home/lucas/ros2_ws/install/udp_driver:/home/lucas/ros2_ws/install/serial_driver:/home/lucas/ros2_ws/install/ros2_ue_connector_node:/home/lucas/ros2_ws/install/io_context:/home/lucas/ros2_ws/install/custom_hardware:/home/lucas/ros2_ws/install/asio_cmake_module /usr/bin/cmake --install /home/lucas/dev_ws/build/ros2_ue_linker
