[0.593s] DEBUG:colcon:Command line arguments: ['/usr/bin/colcon', 'build']
[0.594s] DEBUG:colcon:Parsed command line arguments: Namespace(log_base=None, log_level=None, verb_name='build', build_base='build', install_base='install', merge_install=False, symlink_install=False, test_result_base=None, continue_on_error=False, executor='parallel', parallel_workers=8, event_handlers=None, ignore_user_meta=False, metas=['./colcon.meta'], base_paths=['.'], packages_ignore=None, packages_ignore_regex=None, paths=None, packages_up_to=None, packages_up_to_regex=None, packages_above=None, packages_above_and_dependencies=None, packages_above_depth=None, packages_select_by_dep=None, packages_skip_by_dep=None, packages_skip_up_to=None, packages_select_build_failed=False, packages_skip_build_finished=False, packages_select_test_failures=False, packages_skip_test_passed=False, packages_select=None, packages_skip=None, packages_select_regex=None, packages_skip_regex=None, packages_start=None, packages_end=None, allow_overriding=[], cmake_args=None, cmake_target=None, cmake_target_skip_unavailable=False, cmake_clean_cache=False, cmake_clean_first=False, cmake_force_configure=False, ament_cmake_args=None, catkin_cmake_args=None, catkin_skip_building_tests=False, verb_parser=<colcon_defaults.argument_parser.defaults.DefaultArgumentsDecorator object at 0x7ff299c34fa0>, verb_extension=<colcon_core.verb.build.BuildVerb object at 0x7ff299c375b0>, main=<bound method BuildVerb.main of <colcon_core.verb.build.BuildVerb object at 0x7ff299c375b0>>)
[0.623s] Level 1:colcon.colcon_core.package_discovery:discover_packages(colcon_meta) check parameters
[0.623s] Level 1:colcon.colcon_core.package_discovery:discover_packages(recursive) check parameters
[0.623s] Level 1:colcon.colcon_core.package_discovery:discover_packages(ignore) check parameters
[0.623s] Level 1:colcon.colcon_core.package_discovery:discover_packages(path) check parameters
[0.623s] Level 1:colcon.colcon_core.package_discovery:discover_packages(colcon_meta) discover
[0.624s] Level 1:colcon.colcon_core.package_discovery:discover_packages(recursive) discover
[0.624s] INFO:colcon.colcon_core.package_discovery:Crawling recursively for packages in '/home/lucas/dev_ws'
[0.624s] Level 1:colcon.colcon_core.package_identification:_identify(.) by extensions ['ignore', 'ignore_ament_install']
[0.624s] Level 1:colcon.colcon_core.package_identification:_identify(.) by extension 'ignore'
[0.624s] Level 1:colcon.colcon_core.package_identification:_identify(.) by extension 'ignore_ament_install'
[0.624s] Level 1:colcon.colcon_core.package_identification:_identify(.) by extensions ['colcon_pkg']
[0.624s] Level 1:colcon.colcon_core.package_identification:_identify(.) by extension 'colcon_pkg'
[0.624s] Level 1:colcon.colcon_core.package_identification:_identify(.) by extensions ['colcon_meta']
[0.624s] Level 1:colcon.colcon_core.package_identification:_identify(.) by extension 'colcon_meta'
[0.624s] Level 1:colcon.colcon_core.package_identification:_identify(.) by extensions ['ros']
[0.624s] Level 1:colcon.colcon_core.package_identification:_identify(.) by extension 'ros'
[0.633s] Level 1:colcon.colcon_core.package_identification:_identify(.) by extensions ['cmake', 'python']
[0.633s] Level 1:colcon.colcon_core.package_identification:_identify(.) by extension 'cmake'
[0.633s] Level 1:colcon.colcon_core.package_identification:_identify(.) by extension 'python'
[0.633s] Level 1:colcon.colcon_core.package_identification:_identify(.) by extensions ['python_setup_py']
[0.633s] Level 1:colcon.colcon_core.package_identification:_identify(.) by extension 'python_setup_py'
[0.633s] Level 1:colcon.colcon_core.package_identification:_identify(build) by extensions ['ignore', 'ignore_ament_install']
[0.633s] Level 1:colcon.colcon_core.package_identification:_identify(build) by extension 'ignore'
[0.633s] Level 1:colcon.colcon_core.package_identification:_identify(build) ignored
[0.633s] Level 1:colcon.colcon_core.package_identification:_identify(custom_hard) by extensions ['ignore', 'ignore_ament_install']
[0.633s] Level 1:colcon.colcon_core.package_identification:_identify(custom_hard) by extension 'ignore'
[0.633s] Level 1:colcon.colcon_core.package_identification:_identify(custom_hard) by extension 'ignore_ament_install'
[0.633s] Level 1:colcon.colcon_core.package_identification:_identify(custom_hard) by extensions ['colcon_pkg']
[0.633s] Level 1:colcon.colcon_core.package_identification:_identify(custom_hard) by extension 'colcon_pkg'
[0.633s] Level 1:colcon.colcon_core.package_identification:_identify(custom_hard) by extensions ['colcon_meta']
[0.633s] Level 1:colcon.colcon_core.package_identification:_identify(custom_hard) by extension 'colcon_meta'
[0.634s] Level 1:colcon.colcon_core.package_identification:_identify(custom_hard) by extensions ['ros']
[0.634s] Level 1:colcon.colcon_core.package_identification:_identify(custom_hard) by extension 'ros'
[0.634s] Level 1:colcon.colcon_core.package_identification:_identify(custom_hard) by extensions ['cmake', 'python']
[0.634s] Level 1:colcon.colcon_core.package_identification:_identify(custom_hard) by extension 'cmake'
[0.634s] Level 1:colcon.colcon_core.package_identification:_identify(custom_hard) by extension 'python'
[0.634s] Level 1:colcon.colcon_core.package_identification:_identify(custom_hard) by extensions ['python_setup_py']
[0.634s] Level 1:colcon.colcon_core.package_identification:_identify(custom_hard) by extension 'python_setup_py'
[0.634s] Level 1:colcon.colcon_core.package_identification:_identify(install) by extensions ['ignore', 'ignore_ament_install']
[0.634s] Level 1:colcon.colcon_core.package_identification:_identify(install) by extension 'ignore'
[0.634s] Level 1:colcon.colcon_core.package_identification:_identify(install) ignored
[0.634s] Level 1:colcon.colcon_core.package_identification:_identify(log) by extensions ['ignore', 'ignore_ament_install']
[0.634s] Level 1:colcon.colcon_core.package_identification:_identify(log) by extension 'ignore'
[0.634s] Level 1:colcon.colcon_core.package_identification:_identify(log) ignored
[0.634s] Level 1:colcon.colcon_core.package_identification:_identify(src) by extensions ['ignore', 'ignore_ament_install']
[0.634s] Level 1:colcon.colcon_core.package_identification:_identify(src) by extension 'ignore'
[0.634s] Level 1:colcon.colcon_core.package_identification:_identify(src) by extension 'ignore_ament_install'
[0.634s] Level 1:colcon.colcon_core.package_identification:_identify(src) by extensions ['colcon_pkg']
[0.634s] Level 1:colcon.colcon_core.package_identification:_identify(src) by extension 'colcon_pkg'
[0.634s] Level 1:colcon.colcon_core.package_identification:_identify(src) by extensions ['colcon_meta']
[0.634s] Level 1:colcon.colcon_core.package_identification:_identify(src) by extension 'colcon_meta'
[0.634s] Level 1:colcon.colcon_core.package_identification:_identify(src) by extensions ['ros']
[0.634s] Level 1:colcon.colcon_core.package_identification:_identify(src) by extension 'ros'
[0.635s] Level 1:colcon.colcon_core.package_identification:_identify(src) by extensions ['cmake', 'python']
[0.635s] Level 1:colcon.colcon_core.package_identification:_identify(src) by extension 'cmake'
[0.635s] Level 1:colcon.colcon_core.package_identification:_identify(src) by extension 'python'
[0.635s] Level 1:colcon.colcon_core.package_identification:_identify(src) by extensions ['python_setup_py']
[0.635s] Level 1:colcon.colcon_core.package_identification:_identify(src) by extension 'python_setup_py'
[0.635s] Level 1:colcon.colcon_core.package_identification:_identify(src/ros2_control_demo_description) by extensions ['ignore', 'ignore_ament_install']
[0.635s] Level 1:colcon.colcon_core.package_identification:_identify(src/ros2_control_demo_description) by extension 'ignore'
[0.635s] Level 1:colcon.colcon_core.package_identification:_identify(src/ros2_control_demo_description) by extension 'ignore_ament_install'
[0.635s] Level 1:colcon.colcon_core.package_identification:_identify(src/ros2_control_demo_description) by extensions ['colcon_pkg']
[0.635s] Level 1:colcon.colcon_core.package_identification:_identify(src/ros2_control_demo_description) by extension 'colcon_pkg'
[0.635s] Level 1:colcon.colcon_core.package_identification:_identify(src/ros2_control_demo_description) by extensions ['colcon_meta']
[0.635s] Level 1:colcon.colcon_core.package_identification:_identify(src/ros2_control_demo_description) by extension 'colcon_meta'
[0.635s] Level 1:colcon.colcon_core.package_identification:_identify(src/ros2_control_demo_description) by extensions ['ros']
[0.635s] Level 1:colcon.colcon_core.package_identification:_identify(src/ros2_control_demo_description) by extension 'ros'
[0.637s] DEBUG:colcon.colcon_core.package_identification:Package 'src/ros2_control_demo_description' with type 'ros.ament_cmake' and name 'ros2_control_demo_description'
[0.637s] Level 1:colcon.colcon_core.package_identification:_identify(src/ros2_control_hand) by extensions ['ignore', 'ignore_ament_install']
[0.637s] Level 1:colcon.colcon_core.package_identification:_identify(src/ros2_control_hand) by extension 'ignore'
[0.637s] Level 1:colcon.colcon_core.package_identification:_identify(src/ros2_control_hand) by extension 'ignore_ament_install'
[0.637s] Level 1:colcon.colcon_core.package_identification:_identify(src/ros2_control_hand) by extensions ['colcon_pkg']
[0.637s] Level 1:colcon.colcon_core.package_identification:_identify(src/ros2_control_hand) by extension 'colcon_pkg'
[0.637s] Level 1:colcon.colcon_core.package_identification:_identify(src/ros2_control_hand) by extensions ['colcon_meta']
[0.637s] Level 1:colcon.colcon_core.package_identification:_identify(src/ros2_control_hand) by extension 'colcon_meta'
[0.637s] Level 1:colcon.colcon_core.package_identification:_identify(src/ros2_control_hand) by extensions ['ros']
[0.637s] Level 1:colcon.colcon_core.package_identification:_identify(src/ros2_control_hand) by extension 'ros'
[0.638s] DEBUG:colcon.colcon_core.package_identification:Package 'src/ros2_control_hand' with type 'ros.ament_cmake' and name 'ros2_control_hand'
[0.638s] Level 1:colcon.colcon_core.package_identification:_identify(src/ros2_ue_linker) by extensions ['ignore', 'ignore_ament_install']
[0.638s] Level 1:colcon.colcon_core.package_identification:_identify(src/ros2_ue_linker) by extension 'ignore'
[0.638s] Level 1:colcon.colcon_core.package_identification:_identify(src/ros2_ue_linker) by extension 'ignore_ament_install'
[0.638s] Level 1:colcon.colcon_core.package_identification:_identify(src/ros2_ue_linker) by extensions ['colcon_pkg']
[0.638s] Level 1:colcon.colcon_core.package_identification:_identify(src/ros2_ue_linker) by extension 'colcon_pkg'
[0.638s] Level 1:colcon.colcon_core.package_identification:_identify(src/ros2_ue_linker) by extensions ['colcon_meta']
[0.638s] Level 1:colcon.colcon_core.package_identification:_identify(src/ros2_ue_linker) by extension 'colcon_meta'
[0.638s] Level 1:colcon.colcon_core.package_identification:_identify(src/ros2_ue_linker) by extensions ['ros']
[0.638s] Level 1:colcon.colcon_core.package_identification:_identify(src/ros2_ue_linker) by extension 'ros'
[0.639s] DEBUG:colcon.colcon_core.package_identification:Package 'src/ros2_ue_linker' with type 'ros.ament_cmake' and name 'ros2_ue_linker'
[0.639s] Level 1:colcon.colcon_core.package_discovery:discover_packages(recursive) using defaults
[0.639s] Level 1:colcon.colcon_core.package_discovery:discover_packages(ignore) discover
[0.639s] Level 1:colcon.colcon_core.package_discovery:discover_packages(ignore) using defaults
[0.639s] Level 1:colcon.colcon_core.package_discovery:discover_packages(path) discover
[0.639s] Level 1:colcon.colcon_core.package_discovery:discover_packages(path) using defaults
[0.703s] Level 1:colcon.colcon_core.package_discovery:discover_packages(prefix_path) check parameters
[0.703s] Level 1:colcon.colcon_core.package_discovery:discover_packages(prefix_path) discover
[0.721s] DEBUG:colcon.colcon_installed_package_information.package_discovery:Found 6 installed packages in /home/lucas/ros2_ws/install
[0.730s] DEBUG:colcon.colcon_installed_package_information.package_discovery:Found 325 installed packages in /opt/ros/humble
[0.731s] Level 1:colcon.colcon_core.package_discovery:discover_packages(prefix_path) using defaults
[0.799s] Level 5:colcon.colcon_core.verb:set package 'ros2_control_demo_description' build argument 'cmake_args' from command line to 'None'
[0.799s] Level 5:colcon.colcon_core.verb:set package 'ros2_control_demo_description' build argument 'cmake_target' from command line to 'None'
[0.799s] Level 5:colcon.colcon_core.verb:set package 'ros2_control_demo_description' build argument 'cmake_target_skip_unavailable' from command line to 'False'
[0.799s] Level 5:colcon.colcon_core.verb:set package 'ros2_control_demo_description' build argument 'cmake_clean_cache' from command line to 'False'
[0.799s] Level 5:colcon.colcon_core.verb:set package 'ros2_control_demo_description' build argument 'cmake_clean_first' from command line to 'False'
[0.799s] Level 5:colcon.colcon_core.verb:set package 'ros2_control_demo_description' build argument 'cmake_force_configure' from command line to 'False'
[0.799s] Level 5:colcon.colcon_core.verb:set package 'ros2_control_demo_description' build argument 'ament_cmake_args' from command line to 'None'
[0.799s] Level 5:colcon.colcon_core.verb:set package 'ros2_control_demo_description' build argument 'catkin_cmake_args' from command line to 'None'
[0.799s] Level 5:colcon.colcon_core.verb:set package 'ros2_control_demo_description' build argument 'catkin_skip_building_tests' from command line to 'False'
[0.799s] DEBUG:colcon.colcon_core.verb:Building package 'ros2_control_demo_description' with the following arguments: {'ament_cmake_args': None, 'build_base': '/home/lucas/dev_ws/build/ros2_control_demo_description', 'catkin_cmake_args': None, 'catkin_skip_building_tests': False, 'cmake_args': None, 'cmake_clean_cache': False, 'cmake_clean_first': False, 'cmake_force_configure': False, 'cmake_target': None, 'cmake_target_skip_unavailable': False, 'install_base': '/home/lucas/dev_ws/install/ros2_control_demo_description', 'merge_install': False, 'path': '/home/lucas/dev_ws/src/ros2_control_demo_description', 'symlink_install': False, 'test_result_base': None}
[0.808s] Level 5:colcon.colcon_core.verb:set package 'ros2_ue_linker' build argument 'cmake_args' from command line to 'None'
[0.808s] Level 5:colcon.colcon_core.verb:set package 'ros2_ue_linker' build argument 'cmake_target' from command line to 'None'
[0.808s] Level 5:colcon.colcon_core.verb:set package 'ros2_ue_linker' build argument 'cmake_target_skip_unavailable' from command line to 'False'
[0.808s] Level 5:colcon.colcon_core.verb:set package 'ros2_ue_linker' build argument 'cmake_clean_cache' from command line to 'False'
[0.808s] Level 5:colcon.colcon_core.verb:set package 'ros2_ue_linker' build argument 'cmake_clean_first' from command line to 'False'
[0.808s] Level 5:colcon.colcon_core.verb:set package 'ros2_ue_linker' build argument 'cmake_force_configure' from command line to 'False'
[0.808s] Level 5:colcon.colcon_core.verb:set package 'ros2_ue_linker' build argument 'ament_cmake_args' from command line to 'None'
[0.808s] Level 5:colcon.colcon_core.verb:set package 'ros2_ue_linker' build argument 'catkin_cmake_args' from command line to 'None'
[0.808s] Level 5:colcon.colcon_core.verb:set package 'ros2_ue_linker' build argument 'catkin_skip_building_tests' from command line to 'False'
[0.808s] DEBUG:colcon.colcon_core.verb:Building package 'ros2_ue_linker' with the following arguments: {'ament_cmake_args': None, 'build_base': '/home/lucas/dev_ws/build/ros2_ue_linker', 'catkin_cmake_args': None, 'catkin_skip_building_tests': False, 'cmake_args': None, 'cmake_clean_cache': False, 'cmake_clean_first': False, 'cmake_force_configure': False, 'cmake_target': None, 'cmake_target_skip_unavailable': False, 'install_base': '/home/lucas/dev_ws/install/ros2_ue_linker', 'merge_install': False, 'path': '/home/lucas/dev_ws/src/ros2_ue_linker', 'symlink_install': False, 'test_result_base': None}
[0.818s] Level 5:colcon.colcon_core.verb:set package 'ros2_control_hand' build argument 'cmake_args' from command line to 'None'
[0.818s] Level 5:colcon.colcon_core.verb:set package 'ros2_control_hand' build argument 'cmake_target' from command line to 'None'
[0.818s] Level 5:colcon.colcon_core.verb:set package 'ros2_control_hand' build argument 'cmake_target_skip_unavailable' from command line to 'False'
[0.818s] Level 5:colcon.colcon_core.verb:set package 'ros2_control_hand' build argument 'cmake_clean_cache' from command line to 'False'
[0.818s] Level 5:colcon.colcon_core.verb:set package 'ros2_control_hand' build argument 'cmake_clean_first' from command line to 'False'
[0.818s] Level 5:colcon.colcon_core.verb:set package 'ros2_control_hand' build argument 'cmake_force_configure' from command line to 'False'
[0.818s] Level 5:colcon.colcon_core.verb:set package 'ros2_control_hand' build argument 'ament_cmake_args' from command line to 'None'
[0.818s] Level 5:colcon.colcon_core.verb:set package 'ros2_control_hand' build argument 'catkin_cmake_args' from command line to 'None'
[0.818s] Level 5:colcon.colcon_core.verb:set package 'ros2_control_hand' build argument 'catkin_skip_building_tests' from command line to 'False'
[0.818s] DEBUG:colcon.colcon_core.verb:Building package 'ros2_control_hand' with the following arguments: {'ament_cmake_args': None, 'build_base': '/home/lucas/dev_ws/build/ros2_control_hand', 'catkin_cmake_args': None, 'catkin_skip_building_tests': False, 'cmake_args': None, 'cmake_clean_cache': False, 'cmake_clean_first': False, 'cmake_force_configure': False, 'cmake_target': None, 'cmake_target_skip_unavailable': False, 'install_base': '/home/lucas/dev_ws/install/ros2_control_hand', 'merge_install': False, 'path': '/home/lucas/dev_ws/src/ros2_control_hand', 'symlink_install': False, 'test_result_base': None}
[0.828s] INFO:colcon.colcon_core.executor:Executing jobs using 'parallel' executor
[0.837s] DEBUG:colcon.colcon_parallel_executor.executor.parallel:run_until_complete
[0.837s] INFO:colcon.colcon_ros.task.ament_cmake.build:Building ROS package in '/home/lucas/dev_ws/src/ros2_control_demo_description' with build type 'ament_cmake'
[0.838s] INFO:colcon.colcon_cmake.task.cmake.build:Building CMake package in '/home/lucas/dev_ws/src/ros2_control_demo_description'
[0.848s] INFO:colcon.colcon_core.plugin_system:Skipping extension 'colcon_core.shell.bat': Not used on non-Windows systems
[0.849s] INFO:colcon.colcon_core.shell:Skip shell extension 'powershell' for command environment: Not usable outside of PowerShell
[0.849s] DEBUG:colcon.colcon_core.shell:Skip shell extension 'dsv' for command environment
[0.878s] INFO:colcon.colcon_ros.task.ament_cmake.build:Building ROS package in '/home/lucas/dev_ws/src/ros2_ue_linker' with build type 'ament_cmake'
[0.878s] INFO:colcon.colcon_cmake.task.cmake.build:Building CMake package in '/home/lucas/dev_ws/src/ros2_ue_linker'
[0.888s] INFO:colcon.colcon_core.shell:Skip shell extension 'powershell' for command environment: Not usable outside of PowerShell
[0.889s] DEBUG:colcon.colcon_core.shell:Skip shell extension 'dsv' for command environment
[0.922s] DEBUG:colcon.colcon_core.event_handler.log_command:Invoking command in '/home/lucas/dev_ws/build/ros2_control_demo_description': CMAKE_PREFIX_PATH=${CMAKE_PREFIX_PATH}:/opt/ros/humble /usr/bin/cmake --build /home/lucas/dev_ws/build/ros2_control_demo_description -- -j8 -l8
[0.925s] DEBUG:colcon.colcon_core.event_handler.log_command:Invoking command in '/home/lucas/dev_ws/build/ros2_ue_linker': CMAKE_PREFIX_PATH=${CMAKE_PREFIX_PATH}:/opt/ros/humble /usr/bin/cmake --build /home/lucas/dev_ws/build/ros2_ue_linker -- -j8 -l8
[0.955s] DEBUG:colcon.colcon_core.event_handler.log_command:Invoked command in '/home/lucas/dev_ws/build/ros2_control_demo_description' returned '0': CMAKE_PREFIX_PATH=${CMAKE_PREFIX_PATH}:/opt/ros/humble /usr/bin/cmake --build /home/lucas/dev_ws/build/ros2_control_demo_description -- -j8 -l8
[0.982s] DEBUG:colcon.colcon_core.event_handler.log_command:Invoking command in '/home/lucas/dev_ws/build/ros2_control_demo_description': CMAKE_PREFIX_PATH=${CMAKE_PREFIX_PATH}:/opt/ros/humble /usr/bin/cmake --install /home/lucas/dev_ws/build/ros2_control_demo_description
[0.983s] DEBUG:colcon.colcon_core.event_handler.log_command:Invoked command in '/home/lucas/dev_ws/build/ros2_ue_linker' returned '0': CMAKE_PREFIX_PATH=${CMAKE_PREFIX_PATH}:/opt/ros/humble /usr/bin/cmake --build /home/lucas/dev_ws/build/ros2_ue_linker -- -j8 -l8
[0.991s] Level 1:colcon.colcon_core.environment:create_environment_scripts_only(ros2_control_demo_description)
[0.991s] DEBUG:colcon.colcon_core.event_handler.log_command:Invoked command in '/home/lucas/dev_ws/build/ros2_control_demo_description' returned '0': CMAKE_PREFIX_PATH=${CMAKE_PREFIX_PATH}:/opt/ros/humble /usr/bin/cmake --install /home/lucas/dev_ws/build/ros2_control_demo_description
[1.007s] Level 1:colcon.colcon_core.environment:checking '/home/lucas/dev_ws/install/ros2_control_demo_description' for CMake module files
[1.008s] Level 1:colcon.colcon_core.environment:checking '/home/lucas/dev_ws/install/ros2_control_demo_description' for CMake config files
[1.008s] Level 1:colcon.colcon_core.shell:create_environment_hook('ros2_control_demo_description', 'cmake_prefix_path')
[1.020s] INFO:colcon.colcon_core.shell:Creating environment hook '/home/lucas/dev_ws/install/ros2_control_demo_description/share/ros2_control_demo_description/hook/cmake_prefix_path.ps1'
[1.020s] INFO:colcon.colcon_core.shell:Creating environment descriptor '/home/lucas/dev_ws/install/ros2_control_demo_description/share/ros2_control_demo_description/hook/cmake_prefix_path.dsv'
[1.021s] INFO:colcon.colcon_core.shell:Creating environment hook '/home/lucas/dev_ws/install/ros2_control_demo_description/share/ros2_control_demo_description/hook/cmake_prefix_path.sh'
[1.022s] Level 1:colcon.colcon_core.environment:checking '/home/lucas/dev_ws/install/ros2_control_demo_description/bin'
[1.022s] Level 1:colcon.colcon_core.environment:checking '/home/lucas/dev_ws/install/ros2_control_demo_description/lib/pkgconfig/ros2_control_demo_description.pc'
[1.022s] Level 1:colcon.colcon_core.environment:checking '/home/lucas/dev_ws/install/ros2_control_demo_description/lib/python3.10/site-packages'
[1.022s] Level 1:colcon.colcon_core.environment:checking '/home/lucas/dev_ws/install/ros2_control_demo_description/bin'
[1.038s] INFO:colcon.colcon_core.shell:Creating package script '/home/lucas/dev_ws/install/ros2_control_demo_description/share/ros2_control_demo_description/package.ps1'
[1.039s] INFO:colcon.colcon_core.shell:Creating package descriptor '/home/lucas/dev_ws/install/ros2_control_demo_description/share/ros2_control_demo_description/package.dsv'
[1.039s] INFO:colcon.colcon_core.shell:Creating package script '/home/lucas/dev_ws/install/ros2_control_demo_description/share/ros2_control_demo_description/package.sh'
[1.040s] INFO:colcon.colcon_core.shell:Creating package script '/home/lucas/dev_ws/install/ros2_control_demo_description/share/ros2_control_demo_description/package.bash'
[1.041s] INFO:colcon.colcon_core.shell:Creating package script '/home/lucas/dev_ws/install/ros2_control_demo_description/share/ros2_control_demo_description/package.zsh'
[1.042s] Level 1:colcon.colcon_core.environment:create_file_with_runtime_dependencies(/home/lucas/dev_ws/install/ros2_control_demo_description/share/colcon-core/packages/ros2_control_demo_description)
[1.046s] DEBUG:colcon.colcon_core.event_handler.log_command:Invoking command in '/home/lucas/dev_ws/build/ros2_ue_linker': CMAKE_PREFIX_PATH=${CMAKE_PREFIX_PATH}:/opt/ros/humble /usr/bin/cmake --install /home/lucas/dev_ws/build/ros2_ue_linker
[1.056s] Level 1:colcon.colcon_core.environment:create_environment_scripts_only(ros2_ue_linker)
[1.057s] DEBUG:colcon.colcon_core.event_handler.log_command:Invoked command in '/home/lucas/dev_ws/build/ros2_ue_linker' returned '0': CMAKE_PREFIX_PATH=${CMAKE_PREFIX_PATH}:/opt/ros/humble /usr/bin/cmake --install /home/lucas/dev_ws/build/ros2_ue_linker
[1.072s] Level 1:colcon.colcon_core.environment:checking '/home/lucas/dev_ws/install/ros2_ue_linker' for CMake module files
[1.073s] Level 1:colcon.colcon_core.environment:checking '/home/lucas/dev_ws/install/ros2_ue_linker' for CMake config files
[1.073s] Level 1:colcon.colcon_core.shell:create_environment_hook('ros2_ue_linker', 'cmake_prefix_path')
[1.085s] INFO:colcon.colcon_core.shell:Creating environment hook '/home/lucas/dev_ws/install/ros2_ue_linker/share/ros2_ue_linker/hook/cmake_prefix_path.ps1'
[1.086s] INFO:colcon.colcon_core.shell:Creating environment descriptor '/home/lucas/dev_ws/install/ros2_ue_linker/share/ros2_ue_linker/hook/cmake_prefix_path.dsv'
[1.086s] INFO:colcon.colcon_core.shell:Creating environment hook '/home/lucas/dev_ws/install/ros2_ue_linker/share/ros2_ue_linker/hook/cmake_prefix_path.sh'
[1.087s] Level 1:colcon.colcon_core.environment:checking '/home/lucas/dev_ws/install/ros2_ue_linker/lib'
[1.087s] Level 1:colcon.colcon_core.environment:checking '/home/lucas/dev_ws/install/ros2_ue_linker/bin'
[1.087s] Level 1:colcon.colcon_core.environment:checking '/home/lucas/dev_ws/install/ros2_ue_linker/lib/pkgconfig/ros2_ue_linker.pc'
[1.087s] Level 1:colcon.colcon_core.environment:checking '/home/lucas/dev_ws/install/ros2_ue_linker/lib/python3.10/site-packages'
[1.087s] Level 1:colcon.colcon_core.environment:checking '/home/lucas/dev_ws/install/ros2_ue_linker/bin'
[1.100s] INFO:colcon.colcon_core.shell:Creating package script '/home/lucas/dev_ws/install/ros2_ue_linker/share/ros2_ue_linker/package.ps1'
[1.100s] INFO:colcon.colcon_core.shell:Creating package descriptor '/home/lucas/dev_ws/install/ros2_ue_linker/share/ros2_ue_linker/package.dsv'
[1.101s] INFO:colcon.colcon_core.shell:Creating package script '/home/lucas/dev_ws/install/ros2_ue_linker/share/ros2_ue_linker/package.sh'
[1.101s] INFO:colcon.colcon_core.shell:Creating package script '/home/lucas/dev_ws/install/ros2_ue_linker/share/ros2_ue_linker/package.bash'
[1.102s] INFO:colcon.colcon_core.shell:Creating package script '/home/lucas/dev_ws/install/ros2_ue_linker/share/ros2_ue_linker/package.zsh'
[1.102s] Level 1:colcon.colcon_core.environment:create_file_with_runtime_dependencies(/home/lucas/dev_ws/install/ros2_ue_linker/share/colcon-core/packages/ros2_ue_linker)
[1.118s] Level 1:colcon.colcon_core.environment:create_environment_scripts_only(ros2_control_demo_description)
[1.133s] Level 1:colcon.colcon_core.environment:checking '/home/lucas/dev_ws/install/ros2_control_demo_description' for CMake module files
[1.134s] Level 1:colcon.colcon_core.environment:checking '/home/lucas/dev_ws/install/ros2_control_demo_description' for CMake config files
[1.134s] Level 1:colcon.colcon_core.shell:create_environment_hook('ros2_control_demo_description', 'cmake_prefix_path')
[1.149s] INFO:colcon.colcon_core.shell:Creating environment hook '/home/lucas/dev_ws/install/ros2_control_demo_description/share/ros2_control_demo_description/hook/cmake_prefix_path.ps1'
[1.150s] INFO:colcon.colcon_core.shell:Creating environment descriptor '/home/lucas/dev_ws/install/ros2_control_demo_description/share/ros2_control_demo_description/hook/cmake_prefix_path.dsv'
[1.150s] INFO:colcon.colcon_core.shell:Creating environment hook '/home/lucas/dev_ws/install/ros2_control_demo_description/share/ros2_control_demo_description/hook/cmake_prefix_path.sh'
[1.150s] Level 1:colcon.colcon_core.environment:checking '/home/lucas/dev_ws/install/ros2_control_demo_description/bin'
[1.151s] Level 1:colcon.colcon_core.environment:checking '/home/lucas/dev_ws/install/ros2_control_demo_description/lib/pkgconfig/ros2_control_demo_description.pc'
[1.151s] Level 1:colcon.colcon_core.environment:checking '/home/lucas/dev_ws/install/ros2_control_demo_description/lib/python3.10/site-packages'
[1.151s] Level 1:colcon.colcon_core.environment:checking '/home/lucas/dev_ws/install/ros2_control_demo_description/bin'
[1.165s] INFO:colcon.colcon_core.shell:Creating package script '/home/lucas/dev_ws/install/ros2_control_demo_description/share/ros2_control_demo_description/package.ps1'
[1.166s] INFO:colcon.colcon_core.shell:Creating package descriptor '/home/lucas/dev_ws/install/ros2_control_demo_description/share/ros2_control_demo_description/package.dsv'
[1.167s] INFO:colcon.colcon_core.shell:Creating package script '/home/lucas/dev_ws/install/ros2_control_demo_description/share/ros2_control_demo_description/package.sh'
[1.167s] INFO:colcon.colcon_core.shell:Creating package script '/home/lucas/dev_ws/install/ros2_control_demo_description/share/ros2_control_demo_description/package.bash'
[1.167s] INFO:colcon.colcon_core.shell:Creating package script '/home/lucas/dev_ws/install/ros2_control_demo_description/share/ros2_control_demo_description/package.zsh'
[1.168s] Level 1:colcon.colcon_core.environment:create_file_with_runtime_dependencies(/home/lucas/dev_ws/install/ros2_control_demo_description/share/colcon-core/packages/ros2_control_demo_description)
[1.168s] INFO:colcon.colcon_ros.task.ament_cmake.build:Building ROS package in '/home/lucas/dev_ws/src/ros2_control_hand' with build type 'ament_cmake'
[1.168s] INFO:colcon.colcon_cmake.task.cmake.build:Building CMake package in '/home/lucas/dev_ws/src/ros2_control_hand'
[1.184s] INFO:colcon.colcon_core.shell:Skip shell extension 'powershell' for command environment: Not usable outside of PowerShell
[1.184s] DEBUG:colcon.colcon_core.shell:Skip shell extension 'dsv' for command environment
[1.248s] Level 1:colcon.colcon_core.environment:create_environment_scripts_only(ros2_ue_linker)
[1.260s] Level 1:colcon.colcon_core.environment:checking '/home/lucas/dev_ws/install/ros2_ue_linker' for CMake module files
[1.260s] Level 1:colcon.colcon_core.environment:checking '/home/lucas/dev_ws/install/ros2_ue_linker' for CMake config files
[1.260s] Level 1:colcon.colcon_core.shell:create_environment_hook('ros2_ue_linker', 'cmake_prefix_path')
[1.273s] INFO:colcon.colcon_core.shell:Creating environment hook '/home/lucas/dev_ws/install/ros2_ue_linker/share/ros2_ue_linker/hook/cmake_prefix_path.ps1'
[1.273s] INFO:colcon.colcon_core.shell:Creating environment descriptor '/home/lucas/dev_ws/install/ros2_ue_linker/share/ros2_ue_linker/hook/cmake_prefix_path.dsv'
[1.274s] INFO:colcon.colcon_core.shell:Creating environment hook '/home/lucas/dev_ws/install/ros2_ue_linker/share/ros2_ue_linker/hook/cmake_prefix_path.sh'
[1.274s] Level 1:colcon.colcon_core.environment:checking '/home/lucas/dev_ws/install/ros2_ue_linker/lib'
[1.274s] Level 1:colcon.colcon_core.environment:checking '/home/lucas/dev_ws/install/ros2_ue_linker/bin'
[1.274s] Level 1:colcon.colcon_core.environment:checking '/home/lucas/dev_ws/install/ros2_ue_linker/lib/pkgconfig/ros2_ue_linker.pc'
[1.275s] Level 1:colcon.colcon_core.environment:checking '/home/lucas/dev_ws/install/ros2_ue_linker/lib/python3.10/site-packages'
[1.275s] Level 1:colcon.colcon_core.environment:checking '/home/lucas/dev_ws/install/ros2_ue_linker/bin'
[1.287s] INFO:colcon.colcon_core.shell:Creating package script '/home/lucas/dev_ws/install/ros2_ue_linker/share/ros2_ue_linker/package.ps1'
[1.288s] INFO:colcon.colcon_core.shell:Creating package descriptor '/home/lucas/dev_ws/install/ros2_ue_linker/share/ros2_ue_linker/package.dsv'
[1.288s] INFO:colcon.colcon_core.shell:Creating package script '/home/lucas/dev_ws/install/ros2_ue_linker/share/ros2_ue_linker/package.sh'
[1.289s] INFO:colcon.colcon_core.shell:Creating package script '/home/lucas/dev_ws/install/ros2_ue_linker/share/ros2_ue_linker/package.bash'
[1.289s] INFO:colcon.colcon_core.shell:Creating package script '/home/lucas/dev_ws/install/ros2_ue_linker/share/ros2_ue_linker/package.zsh'
[1.289s] Level 1:colcon.colcon_core.environment:create_file_with_runtime_dependencies(/home/lucas/dev_ws/install/ros2_ue_linker/share/colcon-core/packages/ros2_ue_linker)
[1.294s] DEBUG:colcon.colcon_core.event_handler.log_command:Invoking command in '/home/lucas/dev_ws/build/ros2_control_hand': AMENT_PREFIX_PATH=/home/lucas/dev_ws/install/ros2_control_demo_description:${AMENT_PREFIX_PATH} CMAKE_PREFIX_PATH=/home/lucas/dev_ws/install/ros2_control_demo_description:/home/lucas/ros2_ws/install/udp_driver:/home/lucas/ros2_ws/install/serial_driver:/home/lucas/ros2_ws/install/ros2_ue_connector_node:/home/lucas/ros2_ws/install/io_context:/home/lucas/ros2_ws/install/custom_hardware:/home/lucas/ros2_ws/install/asio_cmake_module:/opt/ros/humble /usr/bin/cmake --build /home/lucas/dev_ws/build/ros2_control_hand -- -j8 -l8
[3.586s] DEBUG:colcon.colcon_core.event_handler.log_command:Invoked command in '/home/lucas/dev_ws/build/ros2_control_hand' returned '2': AMENT_PREFIX_PATH=/home/lucas/dev_ws/install/ros2_control_demo_description:${AMENT_PREFIX_PATH} CMAKE_PREFIX_PATH=/home/lucas/dev_ws/install/ros2_control_demo_description:/home/lucas/ros2_ws/install/udp_driver:/home/lucas/ros2_ws/install/serial_driver:/home/lucas/ros2_ws/install/ros2_ue_connector_node:/home/lucas/ros2_ws/install/io_context:/home/lucas/ros2_ws/install/custom_hardware:/home/lucas/ros2_ws/install/asio_cmake_module:/opt/ros/humble /usr/bin/cmake --build /home/lucas/dev_ws/build/ros2_control_hand -- -j8 -l8
[3.614s] Level 1:colcon.colcon_core.environment:create_environment_scripts_only(ros2_control_hand)
[3.624s] Level 1:colcon.colcon_core.environment:checking '/home/lucas/dev_ws/install/ros2_control_hand' for CMake module files
[3.624s] Level 1:colcon.colcon_core.environment:checking '/home/lucas/dev_ws/install/ros2_control_hand' for CMake config files
[3.624s] Level 1:colcon.colcon_core.shell:create_environment_hook('ros2_control_hand', 'cmake_prefix_path')
[3.634s] INFO:colcon.colcon_core.shell:Creating environment hook '/home/lucas/dev_ws/install/ros2_control_hand/share/ros2_control_hand/hook/cmake_prefix_path.ps1'
[3.634s] INFO:colcon.colcon_core.shell:Creating environment descriptor '/home/lucas/dev_ws/install/ros2_control_hand/share/ros2_control_hand/hook/cmake_prefix_path.dsv'
[3.635s] INFO:colcon.colcon_core.shell:Creating environment hook '/home/lucas/dev_ws/install/ros2_control_hand/share/ros2_control_hand/hook/cmake_prefix_path.sh'
[3.635s] Level 1:colcon.colcon_core.environment:checking '/home/lucas/dev_ws/install/ros2_control_hand/lib'
[3.635s] Level 1:colcon.colcon_core.shell:create_environment_hook('ros2_control_hand', 'ld_library_path_lib')
[3.645s] INFO:colcon.colcon_core.shell:Creating environment hook '/home/lucas/dev_ws/install/ros2_control_hand/share/ros2_control_hand/hook/ld_library_path_lib.ps1'
[3.646s] INFO:colcon.colcon_core.shell:Creating environment descriptor '/home/lucas/dev_ws/install/ros2_control_hand/share/ros2_control_hand/hook/ld_library_path_lib.dsv'
[3.646s] INFO:colcon.colcon_core.shell:Creating environment hook '/home/lucas/dev_ws/install/ros2_control_hand/share/ros2_control_hand/hook/ld_library_path_lib.sh'
[3.646s] Level 1:colcon.colcon_core.environment:checking '/home/lucas/dev_ws/install/ros2_control_hand/bin'
[3.646s] Level 1:colcon.colcon_core.environment:checking '/home/lucas/dev_ws/install/ros2_control_hand/lib/pkgconfig/ros2_control_hand.pc'
[3.647s] Level 1:colcon.colcon_core.environment:checking '/home/lucas/dev_ws/install/ros2_control_hand/lib/python3.10/site-packages'
[3.647s] Level 1:colcon.colcon_core.environment:checking '/home/lucas/dev_ws/install/ros2_control_hand/bin'
[3.657s] INFO:colcon.colcon_core.shell:Creating package script '/home/lucas/dev_ws/install/ros2_control_hand/share/ros2_control_hand/package.ps1'
[3.658s] INFO:colcon.colcon_core.shell:Creating package descriptor '/home/lucas/dev_ws/install/ros2_control_hand/share/ros2_control_hand/package.dsv'
[3.658s] INFO:colcon.colcon_core.shell:Creating package script '/home/lucas/dev_ws/install/ros2_control_hand/share/ros2_control_hand/package.sh'
[3.659s] INFO:colcon.colcon_core.shell:Creating package script '/home/lucas/dev_ws/install/ros2_control_hand/share/ros2_control_hand/package.bash'
[3.659s] INFO:colcon.colcon_core.shell:Creating package script '/home/lucas/dev_ws/install/ros2_control_hand/share/ros2_control_hand/package.zsh'
[3.659s] Level 1:colcon.colcon_core.environment:create_file_with_runtime_dependencies(/home/lucas/dev_ws/install/ros2_control_hand/share/colcon-core/packages/ros2_control_hand)
[3.670s] DEBUG:colcon.colcon_parallel_executor.executor.parallel:closing loop
[3.670s] DEBUG:colcon.colcon_parallel_executor.executor.parallel:loop closed
[3.670s] DEBUG:colcon.colcon_parallel_executor.executor.parallel:run_until_complete finished with '2'
[3.670s] DEBUG:colcon.colcon_core.event_reactor:joining thread
[3.685s] INFO:colcon.colcon_core.plugin_system:Skipping extension 'colcon_notification.desktop_notification.terminal_notifier': Not used on non-Darwin systems
[3.685s] INFO:colcon.colcon_core.plugin_system:Skipping extension 'colcon_notification.desktop_notification.win32': Not used on non-Windows systems
[3.685s] INFO:colcon.colcon_notification.desktop_notification:Sending desktop notification using 'notify2'
[3.695s] DEBUG:colcon.colcon_core.event_reactor:joined thread
[3.706s] INFO:colcon.colcon_core.shell:Creating prefix script '/home/lucas/dev_ws/install/local_setup.ps1'
[3.707s] INFO:colcon.colcon_core.shell:Creating prefix util module '/home/lucas/dev_ws/install/_local_setup_util_ps1.py'
[3.708s] INFO:colcon.colcon_core.shell:Creating prefix chain script '/home/lucas/dev_ws/install/setup.ps1'
[3.718s] INFO:colcon.colcon_core.shell:Creating prefix script '/home/lucas/dev_ws/install/local_setup.sh'
[3.719s] INFO:colcon.colcon_core.shell:Creating prefix util module '/home/lucas/dev_ws/install/_local_setup_util_sh.py'
[3.719s] INFO:colcon.colcon_core.shell:Creating prefix chain script '/home/lucas/dev_ws/install/setup.sh'
[3.730s] INFO:colcon.colcon_core.shell:Creating prefix script '/home/lucas/dev_ws/install/local_setup.bash'
[3.731s] INFO:colcon.colcon_core.shell:Creating prefix chain script '/home/lucas/dev_ws/install/setup.bash'
[3.744s] INFO:colcon.colcon_core.shell:Creating prefix script '/home/lucas/dev_ws/install/local_setup.zsh'
[3.745s] INFO:colcon.colcon_core.shell:Creating prefix chain script '/home/lucas/dev_ws/install/setup.zsh'
