[0.083s] Invoking command in '/home/lucas/dev_ws/build/hand_urdf': /usr/bin/cmake /home/lucas/dev_ws/src/hand_urdf -DCATKIN_INSTALL_INTO_PREFIX_ROOT=0 -DCMAKE_INSTALL_PREFIX=/home/lucas/dev_ws/install/hand_urdf
[0.118s] [0mCMake Deprecation Warning at CMakeLists.txt:1 (cmake_minimum_required):
[0.118s]   Compatibility with CMake < 2.8.12 will be removed from a future version of
[0.118s]   CMake.
[0.118s] 
[0.118s]   Update the VERSION argument <min> value or use a ...<max> suffix to tell
[0.118s]   CMake that the project does not need compatibility with older versions.
[0.118s] 
[0.119s] [0m
[0.279s] -- The C compiler identification is GNU 11.4.0
[0.403s] -- The CXX compiler identification is GNU 11.4.0
[0.415s] -- Detecting C compiler ABI info
[0.470s] -- Detecting C compiler ABI info - done
[0.478s] -- Check for working C compiler: /usr/bin/cc - skipped
[0.479s] -- Detecting C compile features
[0.479s] -- Detecting C compile features - done
[0.482s] -- Detecting CXX compiler ABI info
[0.539s] -- Detecting CXX compiler ABI info - done
[0.545s] -- Check for working CXX compiler: /usr/bin/c++ - skipped
[0.545s] -- Detecting CXX compile features
[0.546s] -- Detecting CXX compile features - done
[0.555s] -- Configuring incomplete, errors occurred!
[0.555s] See also "/home/lucas/dev_ws/build/hand_urdf/CMakeFiles/CMakeOutput.log".
[0.555s] [31mCMake Error at CMakeLists.txt:5 (find_package):
[0.555s]   By not providing "Findcatkin.cmake" in CMAKE_MODULE_PATH this project has
[0.555s]   asked CMake to find a package configuration file provided by "catkin", but
[0.555s]   CMake did not find one.
[0.556s] 
[0.556s]   Could not find a package configuration file provided by "catkin" with any
[0.556s]   of the following names:
[0.556s] 
[0.556s]     catkinConfig.cmake
[0.556s]     catkin-config.cmake
[0.556s] 
[0.556s]   Add the installation prefix of "catkin" to CMAKE_PREFIX_PATH or set
[0.556s]   "catkin_DIR" to a directory containing one of the above files.  If "catkin"
[0.556s]   provides a separate development package or SDK, be sure it has been
[0.556s]   installed.
[0.556s] 
[0.556s] [0m
[0.558s] Invoked command in '/home/lucas/dev_ws/build/hand_urdf' returned '1': /usr/bin/cmake /home/lucas/dev_ws/src/hand_urdf -DCATKIN_INSTALL_INTO_PREFIX_ROOT=0 -DCMAKE_INSTALL_PREFIX=/home/lucas/dev_ws/install/hand_urdf
