running egg_info
writing ../../build/dexhand_description/dexhand_description.egg-info/PKG-INFO
writing dependency_links to ../../build/dexhand_description/dexhand_description.egg-info/dependency_links.txt
writing entry points to ../../build/dexhand_description/dexhand_description.egg-info/entry_points.txt
writing requirements to ../../build/dexhand_description/dexhand_description.egg-info/requires.txt
writing top-level names to ../../build/dexhand_description/dexhand_description.egg-info/top_level.txt
reading manifest file '../../build/dexhand_description/dexhand_description.egg-info/SOURCES.txt'
adding license file 'LICENSE'
writing manifest file '../../build/dexhand_description/dexhand_description.egg-info/SOURCES.txt'
running build
running build_py
running install
/usr/lib/python3/dist-packages/setuptools/command/install.py:34: SetuptoolsDeprecationWarning: setup.py install is deprecated. Use build and pip and other standards-based tools.
  warnings.warn(
running install_lib
running install_data
copying urdf/dexhand.xacro -> /home/lucas/dev_ws/install/dexhand_description/share/dexhand_description/urdf
running install_egg_info
removing '/home/lucas/dev_ws/install/dexhand_description/lib/python3.10/site-packages/dexhand_description-0.0.1-py3.10.egg-info' (and everything under it)
Copying ../../build/dexhand_description/dexhand_description.egg-info to /home/lucas/dev_ws/install/dexhand_description/lib/python3.10/site-packages/dexhand_description-0.0.1-py3.10.egg-info
running install_scripts
writing list of installed files to '/home/lucas/dev_ws/build/dexhand_description/install.log'
