[0.193s] Invoking command in '/home/lucas/dev_ws/build/ros2_control_demo_description': CMAKE_PREFIX_PATH=/home/lucas/dev_ws/install/ros2_ue_linker:/home/lucas/dev_ws/install/ros2_control_hand:/home/lucas/dev_ws/install/ros2_control_demo_description:/home/lucas/dev_ws/install/dexhand_description:/opt/ros/humble:/home/lucas/dev_ws/install/hand_urdf:/home/lucas/ros2_ws/install/udp_driver:/home/lucas/ros2_ws/install/serial_driver:/home/lucas/ros2_ws/install/ros2_ue_connector_node:/home/lucas/ros2_ws/install/io_context:/home/lucas/ros2_ws/install/custom_hardware:/home/lucas/ros2_ws/install/asio_cmake_module /usr/bin/cmake --build /home/lucas/dev_ws/build/ros2_control_demo_description -- -j8 -l8
[0.483s] Invoked command in '/home/lucas/dev_ws/build/ros2_control_demo_description' returned '0': CMAKE_PREFIX_PATH=/home/lucas/dev_ws/install/ros2_ue_linker:/home/lucas/dev_ws/install/ros2_control_hand:/home/lucas/dev_ws/install/ros2_control_demo_description:/home/lucas/dev_ws/install/dexhand_description:/opt/ros/humble:/home/lucas/dev_ws/install/hand_urdf:/home/lucas/ros2_ws/install/udp_driver:/home/lucas/ros2_ws/install/serial_driver:/home/lucas/ros2_ws/install/ros2_ue_connector_node:/home/lucas/ros2_ws/install/io_context:/home/lucas/ros2_ws/install/custom_hardware:/home/lucas/ros2_ws/install/asio_cmake_module /usr/bin/cmake --build /home/lucas/dev_ws/build/ros2_control_demo_description -- -j8 -l8
[0.511s] Invoking command in '/home/lucas/dev_ws/build/ros2_control_demo_description': CMAKE_PREFIX_PATH=/home/lucas/dev_ws/install/ros2_ue_linker:/home/lucas/dev_ws/install/ros2_control_hand:/home/lucas/dev_ws/install/ros2_control_demo_description:/home/lucas/dev_ws/install/dexhand_description:/opt/ros/humble:/home/lucas/dev_ws/install/hand_urdf:/home/lucas/ros2_ws/install/udp_driver:/home/lucas/ros2_ws/install/serial_driver:/home/lucas/ros2_ws/install/ros2_ue_connector_node:/home/lucas/ros2_ws/install/io_context:/home/lucas/ros2_ws/install/custom_hardware:/home/lucas/ros2_ws/install/asio_cmake_module /usr/bin/cmake --install /home/lucas/dev_ws/build/ros2_control_demo_description
[0.517s] -- Install configuration: ""
[0.517s] -- Up-to-date: /home/lucas/dev_ws/install/ros2_control_demo_description/share/ros2_control_demo_description/rrbot/urdf
[0.517s] -- Up-to-date: /home/lucas/dev_ws/install/ros2_control_demo_description/share/ros2_control_demo_description/rrbot/urdf/rrbot_description.urdf.xacro
[0.518s] -- Up-to-date: /home/lucas/dev_ws/install/ros2_control_demo_description/share/ros2_control_demo_description/rrbot/urdf/rrbot.materials.xacro
[0.518s] -- Up-to-date: /home/lucas/dev_ws/install/ros2_control_demo_description/share/ros2_control_demo_description/rrbot/rviz
[0.518s] -- Up-to-date: /home/lucas/dev_ws/install/ros2_control_demo_description/share/ros2_control_demo_description/rrbot/rviz/rrbot.rviz
[0.518s] -- Up-to-date: /home/lucas/dev_ws/install/ros2_control_demo_description/share/ament_index/resource_index/package_run_dependencies/ros2_control_demo_description
[0.518s] -- Up-to-date: /home/lucas/dev_ws/install/ros2_control_demo_description/share/ament_index/resource_index/parent_prefix_path/ros2_control_demo_description
[0.518s] -- Up-to-date: /home/lucas/dev_ws/install/ros2_control_demo_description/share/ros2_control_demo_description/environment/ament_prefix_path.sh
[0.518s] -- Up-to-date: /home/lucas/dev_ws/install/ros2_control_demo_description/share/ros2_control_demo_description/environment/ament_prefix_path.dsv
[0.518s] -- Up-to-date: /home/lucas/dev_ws/install/ros2_control_demo_description/share/ros2_control_demo_description/environment/path.sh
[0.518s] -- Up-to-date: /home/lucas/dev_ws/install/ros2_control_demo_description/share/ros2_control_demo_description/environment/path.dsv
[0.518s] -- Up-to-date: /home/lucas/dev_ws/install/ros2_control_demo_description/share/ros2_control_demo_description/local_setup.bash
[0.518s] -- Up-to-date: /home/lucas/dev_ws/install/ros2_control_demo_description/share/ros2_control_demo_description/local_setup.sh
[0.518s] -- Up-to-date: /home/lucas/dev_ws/install/ros2_control_demo_description/share/ros2_control_demo_description/local_setup.zsh
[0.518s] -- Up-to-date: /home/lucas/dev_ws/install/ros2_control_demo_description/share/ros2_control_demo_description/local_setup.dsv
[0.518s] -- Installing: /home/lucas/dev_ws/install/ros2_control_demo_description/share/ros2_control_demo_description/package.dsv
[0.519s] -- Up-to-date: /home/lucas/dev_ws/install/ros2_control_demo_description/share/ament_index/resource_index/packages/ros2_control_demo_description
[0.519s] -- Up-to-date: /home/lucas/dev_ws/install/ros2_control_demo_description/share/ros2_control_demo_description/cmake/ros2_control_demo_descriptionConfig.cmake
[0.519s] -- Up-to-date: /home/lucas/dev_ws/install/ros2_control_demo_description/share/ros2_control_demo_description/cmake/ros2_control_demo_descriptionConfig-version.cmake
[0.519s] -- Up-to-date: /home/lucas/dev_ws/install/ros2_control_demo_description/share/ros2_control_demo_description/package.xml
[0.521s] Invoked command in '/home/lucas/dev_ws/build/ros2_control_demo_description' returned '0': CMAKE_PREFIX_PATH=/home/lucas/dev_ws/install/ros2_ue_linker:/home/lucas/dev_ws/install/ros2_control_hand:/home/lucas/dev_ws/install/ros2_control_demo_description:/home/lucas/dev_ws/install/dexhand_description:/opt/ros/humble:/home/lucas/dev_ws/install/hand_urdf:/home/lucas/ros2_ws/install/udp_driver:/home/lucas/ros2_ws/install/serial_driver:/home/lucas/ros2_ws/install/ros2_ue_connector_node:/home/lucas/ros2_ws/install/io_context:/home/lucas/ros2_ws/install/custom_hardware:/home/lucas/ros2_ws/install/asio_cmake_module /usr/bin/cmake --install /home/lucas/dev_ws/build/ros2_control_demo_description
