[0.043s] Invoking command in '/home/lucas/dev_ws/build/ros2_control_hand': AMENT_PREFIX_PATH=/home/lucas/dev_ws/install/ros2_control_demo_description:/home/lucas/dev_ws/install/hand_urdf:${AMENT_PREFIX_PATH} CMAKE_PREFIX_PATH=/home/lucas/dev_ws/install/ros2_control_demo_description:/opt/ros/humble:/home/lucas/dev_ws/install/hand_urdf:${CMAKE_PREFIX_PATH} /usr/bin/cmake --build /home/lucas/dev_ws/build/ros2_control_hand -- -j8 -l8
[0.098s] [100%] Built target ros2_control_hand
[0.140s] Invoked command in '/home/lucas/dev_ws/build/ros2_control_hand' returned '0': AMENT_PREFIX_PATH=/home/lucas/dev_ws/install/ros2_control_demo_description:/home/lucas/dev_ws/install/hand_urdf:${AMENT_PREFIX_PATH} CMAKE_PREFIX_PATH=/home/lucas/dev_ws/install/ros2_control_demo_description:/opt/ros/humble:/home/lucas/dev_ws/install/hand_urdf:${CMAKE_PREFIX_PATH} /usr/bin/cmake --build /home/lucas/dev_ws/build/ros2_control_hand -- -j8 -l8
[0.158s] Invoking command in '/home/lucas/dev_ws/build/ros2_control_hand': AMENT_PREFIX_PATH=/home/lucas/dev_ws/install/ros2_control_demo_description:/home/lucas/dev_ws/install/hand_urdf:${AMENT_PREFIX_PATH} CMAKE_PREFIX_PATH=/home/lucas/dev_ws/install/ros2_control_demo_description:/opt/ros/humble:/home/lucas/dev_ws/install/hand_urdf:${CMAKE_PREFIX_PATH} /usr/bin/cmake --install /home/lucas/dev_ws/build/ros2_control_hand
[0.165s] -- Install configuration: ""
[0.166s] -- Execute custom install script
[0.166s] -- Up-to-date symlink: /home/lucas/dev_ws/install/ros2_control_hand/share/ros2_control_hand//ros2_control_hand.xml
[0.167s] -- Up-to-date symlink: /home/lucas/dev_ws/install/ros2_control_hand/include/ros2_control_hand/ros2_control_hand/rrbot.hpp
[0.168s] -- Up-to-date symlink: /home/lucas/dev_ws/install/ros2_control_hand/include/ros2_control_hand/ros2_control_hand/visibility_control.h
[0.169s] -- Up-to-date symlink: /home/lucas/dev_ws/install/ros2_control_hand/share/ros2_control_hand/launch/view_robot.launch.py
[0.169s] -- Up-to-date symlink: /home/lucas/dev_ws/install/ros2_control_hand/share/ros2_control_hand/ros2_control/rrbot.ros2_control.xacro
[0.170s] -- Up-to-date symlink: /home/lucas/dev_ws/install/ros2_control_hand/share/ros2_control_hand/urdf/rrbot.urdf.xacro
[0.171s] -- Up-to-date symlink: /home/lucas/dev_ws/install/ros2_control_hand/share/ros2_control_hand/launch/rrbot.launch.py
[0.171s] -- Up-to-date symlink: /home/lucas/dev_ws/install/ros2_control_hand/share/ros2_control_hand/launch/test_forward_position_controller.launch.py
[0.171s] -- Up-to-date symlink: /home/lucas/dev_ws/install/ros2_control_hand/share/ros2_control_hand/launch/test_joint_trajectory_controller.launch.py
[0.172s] -- Up-to-date symlink: /home/lucas/dev_ws/install/ros2_control_hand/share/ros2_control_hand/config/rrbot_controllers.yaml
[0.172s] -- Up-to-date symlink: /home/lucas/dev_ws/install/ros2_control_hand/share/ros2_control_hand/config/rrbot_forward_position_publisher.yaml
[0.173s] -- Up-to-date symlink: /home/lucas/dev_ws/install/ros2_control_hand/share/ros2_control_hand/config/rrbot_joint_trajectory_publisher.yaml
[0.173s] -- Up-to-date symlink: /home/lucas/dev_ws/install/ros2_control_hand/share/ros2_control_hand/environment/library_path.sh
[0.174s] -- Up-to-date symlink: /home/lucas/dev_ws/install/ros2_control_hand/share/ros2_control_hand/environment/library_path.dsv
[0.174s] -- Up-to-date symlink: /home/lucas/dev_ws/install/ros2_control_hand/share/ament_index/resource_index/package_run_dependencies/ros2_control_hand
[0.175s] -- Up-to-date symlink: /home/lucas/dev_ws/install/ros2_control_hand/share/ament_index/resource_index/parent_prefix_path/ros2_control_hand
[0.175s] -- Up-to-date symlink: /home/lucas/dev_ws/install/ros2_control_hand/share/ros2_control_hand/environment/ament_prefix_path.sh
[0.175s] -- Up-to-date symlink: /home/lucas/dev_ws/install/ros2_control_hand/share/ros2_control_hand/environment/ament_prefix_path.dsv
[0.176s] -- Up-to-date symlink: /home/lucas/dev_ws/install/ros2_control_hand/share/ros2_control_hand/environment/path.sh
[0.176s] -- Up-to-date symlink: /home/lucas/dev_ws/install/ros2_control_hand/share/ros2_control_hand/environment/path.dsv
[0.176s] -- Up-to-date symlink: /home/lucas/dev_ws/install/ros2_control_hand/share/ros2_control_hand/local_setup.bash
[0.176s] -- Up-to-date symlink: /home/lucas/dev_ws/install/ros2_control_hand/share/ros2_control_hand/local_setup.sh
[0.177s] -- Up-to-date symlink: /home/lucas/dev_ws/install/ros2_control_hand/share/ros2_control_hand/local_setup.zsh
[0.177s] -- Up-to-date symlink: /home/lucas/dev_ws/install/ros2_control_hand/share/ros2_control_hand/local_setup.dsv
[0.177s] -- Symlinking: /home/lucas/dev_ws/install/ros2_control_hand/share/ros2_control_hand/package.dsv
[0.184s] -- Up-to-date symlink: /home/lucas/dev_ws/install/ros2_control_hand/share/ament_index/resource_index/packages/ros2_control_hand
[0.184s] -- Up-to-date symlink: /home/lucas/dev_ws/install/ros2_control_hand/share/ament_index/resource_index/hardware_interface__pluginlib__plugin/ros2_control_hand
[0.185s] -- Up-to-date symlink: /home/lucas/dev_ws/install/ros2_control_hand/share/ros2_control_hand/cmake/ament_cmake_export_targets-extras.cmake
[0.185s] -- Up-to-date symlink: /home/lucas/dev_ws/install/ros2_control_hand/share/ros2_control_hand/cmake/ament_cmake_export_dependencies-extras.cmake
[0.185s] -- Up-to-date symlink: /home/lucas/dev_ws/install/ros2_control_hand/share/ros2_control_hand/cmake/ros2_control_handConfig.cmake
[0.186s] -- Up-to-date symlink: /home/lucas/dev_ws/install/ros2_control_hand/share/ros2_control_hand/cmake/ros2_control_handConfig-version.cmake
[0.186s] -- Up-to-date symlink: /home/lucas/dev_ws/install/ros2_control_hand/share/ros2_control_hand/package.xml
[0.187s] -- Up-to-date: /home/lucas/dev_ws/install/ros2_control_hand/lib/libros2_control_hand.so
[0.188s] -- Up-to-date: /home/lucas/dev_ws/install/ros2_control_hand/share/ros2_control_hand/cmake/export_ros2_control_handExport.cmake
[0.188s] -- Up-to-date: /home/lucas/dev_ws/install/ros2_control_hand/share/ros2_control_hand/cmake/export_ros2_control_handExport-noconfig.cmake
[0.190s] Invoked command in '/home/lucas/dev_ws/build/ros2_control_hand' returned '0': AMENT_PREFIX_PATH=/home/lucas/dev_ws/install/ros2_control_demo_description:/home/lucas/dev_ws/install/hand_urdf:${AMENT_PREFIX_PATH} CMAKE_PREFIX_PATH=/home/lucas/dev_ws/install/ros2_control_demo_description:/opt/ros/humble:/home/lucas/dev_ws/install/hand_urdf:${CMAKE_PREFIX_PATH} /usr/bin/cmake --install /home/lucas/dev_ws/build/ros2_control_hand
