[0.706s] Invoking command in '/home/lucas/dev_ws/src/dexhand_description': PYTHONPATH=/home/lucas/dev_ws/build/dexhand_description/prefix_override:/home/lucas/dev_ws/install/dexhand_description/lib/python3.10/site-packages:${PYTHONPATH} /usr/bin/python3 setup.py egg_info --egg-base ../../build/dexhand_description build --build-base /home/lucas/dev_ws/build/dexhand_description/build install --record /home/lucas/dev_ws/build/dexhand_description/install.log --single-version-externally-managed
[0.902s] running egg_info
[0.902s] writing ../../build/dexhand_description/dexhand_description.egg-info/PKG-INFO
[0.903s] writing dependency_links to ../../build/dexhand_description/dexhand_description.egg-info/dependency_links.txt
[0.903s] writing entry points to ../../build/dexhand_description/dexhand_description.egg-info/entry_points.txt
[0.903s] writing requirements to ../../build/dexhand_description/dexhand_description.egg-info/requires.txt
[0.903s] writing top-level names to ../../build/dexhand_description/dexhand_description.egg-info/top_level.txt
[0.904s] reading manifest file '../../build/dexhand_description/dexhand_description.egg-info/SOURCES.txt'
[0.905s] adding license file 'LICENSE'
[0.906s] writing manifest file '../../build/dexhand_description/dexhand_description.egg-info/SOURCES.txt'
[0.906s] running build
[0.906s] running build_py
[0.906s] running install
[0.906s] /usr/lib/python3/dist-packages/setuptools/command/install.py:34: SetuptoolsDeprecationWarning: setup.py install is deprecated. Use build and pip and other standards-based tools.
[0.906s]   warnings.warn(
[0.906s] running install_lib
[0.907s] running install_data
[0.908s] running install_egg_info
[0.909s] removing '/home/lucas/dev_ws/install/dexhand_description/lib/python3.10/site-packages/dexhand_description-0.0.1-py3.10.egg-info' (and everything under it)
[0.910s] Copying ../../build/dexhand_description/dexhand_description.egg-info to /home/lucas/dev_ws/install/dexhand_description/lib/python3.10/site-packages/dexhand_description-0.0.1-py3.10.egg-info
[0.910s] running install_scripts
[0.927s] writing list of installed files to '/home/lucas/dev_ws/build/dexhand_description/install.log'
[0.973s] Invoked command in '/home/lucas/dev_ws/src/dexhand_description' returned '0': PYTHONPATH=/home/lucas/dev_ws/build/dexhand_description/prefix_override:/home/lucas/dev_ws/install/dexhand_description/lib/python3.10/site-packages:${PYTHONPATH} /usr/bin/python3 setup.py egg_info --egg-base ../../build/dexhand_description build --build-base /home/lucas/dev_ws/build/dexhand_description/build install --record /home/lucas/dev_ws/build/dexhand_description/install.log --single-version-externally-managed
