[0.581s] DEBUG:colcon:Command line arguments: ['/usr/bin/colcon', 'build']
[0.581s] DEBUG:colcon:Parsed command line arguments: Namespace(log_base=None, log_level=None, verb_name='build', build_base='build', install_base='install', merge_install=False, symlink_install=False, test_result_base=None, continue_on_error=False, executor='parallel', parallel_workers=8, event_handlers=None, ignore_user_meta=False, metas=['./colcon.meta'], base_paths=['.'], packages_ignore=None, packages_ignore_regex=None, paths=None, packages_up_to=None, packages_up_to_regex=None, packages_above=None, packages_above_and_dependencies=None, packages_above_depth=None, packages_select_by_dep=None, packages_skip_by_dep=None, packages_skip_up_to=None, packages_select_build_failed=False, packages_skip_build_finished=False, packages_select_test_failures=False, packages_skip_test_passed=False, packages_select=None, packages_skip=None, packages_select_regex=None, packages_skip_regex=None, packages_start=None, packages_end=None, allow_overriding=[], cmake_args=None, cmake_target=None, cmake_target_skip_unavailable=False, cmake_clean_cache=False, cmake_clean_first=False, cmake_force_configure=False, ament_cmake_args=None, catkin_cmake_args=None, catkin_skip_building_tests=False, verb_parser=<colcon_defaults.argument_parser.defaults.DefaultArgumentsDecorator object at 0x7f6087bba8f0>, verb_extension=<colcon_core.verb.build.BuildVerb object at 0x7f6087bbbfd0>, main=<bound method BuildVerb.main of <colcon_core.verb.build.BuildVerb object at 0x7f6087bbbfd0>>)
[0.612s] Level 1:colcon.colcon_core.package_discovery:discover_packages(colcon_meta) check parameters
[0.612s] Level 1:colcon.colcon_core.package_discovery:discover_packages(recursive) check parameters
[0.612s] Level 1:colcon.colcon_core.package_discovery:discover_packages(ignore) check parameters
[0.612s] Level 1:colcon.colcon_core.package_discovery:discover_packages(path) check parameters
[0.612s] Level 1:colcon.colcon_core.package_discovery:discover_packages(colcon_meta) discover
[0.612s] Level 1:colcon.colcon_core.package_discovery:discover_packages(recursive) discover
[0.612s] INFO:colcon.colcon_core.package_discovery:Crawling recursively for packages in '/home/lucas/dev_ws'
[0.612s] Level 1:colcon.colcon_core.package_identification:_identify(.) by extensions ['ignore', 'ignore_ament_install']
[0.612s] Level 1:colcon.colcon_core.package_identification:_identify(.) by extension 'ignore'
[0.612s] Level 1:colcon.colcon_core.package_identification:_identify(.) by extension 'ignore_ament_install'
[0.612s] Level 1:colcon.colcon_core.package_identification:_identify(.) by extensions ['colcon_pkg']
[0.612s] Level 1:colcon.colcon_core.package_identification:_identify(.) by extension 'colcon_pkg'
[0.612s] Level 1:colcon.colcon_core.package_identification:_identify(.) by extensions ['colcon_meta']
[0.612s] Level 1:colcon.colcon_core.package_identification:_identify(.) by extension 'colcon_meta'
[0.612s] Level 1:colcon.colcon_core.package_identification:_identify(.) by extensions ['ros']
[0.612s] Level 1:colcon.colcon_core.package_identification:_identify(.) by extension 'ros'
[0.621s] Level 1:colcon.colcon_core.package_identification:_identify(.) by extensions ['cmake', 'python']
[0.621s] Level 1:colcon.colcon_core.package_identification:_identify(.) by extension 'cmake'
[0.621s] Level 1:colcon.colcon_core.package_identification:_identify(.) by extension 'python'
[0.621s] Level 1:colcon.colcon_core.package_identification:_identify(.) by extensions ['python_setup_py']
[0.621s] Level 1:colcon.colcon_core.package_identification:_identify(.) by extension 'python_setup_py'
[0.622s] Level 1:colcon.colcon_core.package_identification:_identify(build) by extensions ['ignore', 'ignore_ament_install']
[0.622s] Level 1:colcon.colcon_core.package_identification:_identify(build) by extension 'ignore'
[0.622s] Level 1:colcon.colcon_core.package_identification:_identify(build) ignored
[0.622s] Level 1:colcon.colcon_core.package_identification:_identify(custom_hard) by extensions ['ignore', 'ignore_ament_install']
[0.622s] Level 1:colcon.colcon_core.package_identification:_identify(custom_hard) by extension 'ignore'
[0.622s] Level 1:colcon.colcon_core.package_identification:_identify(custom_hard) by extension 'ignore_ament_install'
[0.622s] Level 1:colcon.colcon_core.package_identification:_identify(custom_hard) by extensions ['colcon_pkg']
[0.622s] Level 1:colcon.colcon_core.package_identification:_identify(custom_hard) by extension 'colcon_pkg'
[0.622s] Level 1:colcon.colcon_core.package_identification:_identify(custom_hard) by extensions ['colcon_meta']
[0.622s] Level 1:colcon.colcon_core.package_identification:_identify(custom_hard) by extension 'colcon_meta'
[0.622s] Level 1:colcon.colcon_core.package_identification:_identify(custom_hard) by extensions ['ros']
[0.622s] Level 1:colcon.colcon_core.package_identification:_identify(custom_hard) by extension 'ros'
[0.622s] Level 1:colcon.colcon_core.package_identification:_identify(custom_hard) by extensions ['cmake', 'python']
[0.622s] Level 1:colcon.colcon_core.package_identification:_identify(custom_hard) by extension 'cmake'
[0.622s] Level 1:colcon.colcon_core.package_identification:_identify(custom_hard) by extension 'python'
[0.622s] Level 1:colcon.colcon_core.package_identification:_identify(custom_hard) by extensions ['python_setup_py']
[0.622s] Level 1:colcon.colcon_core.package_identification:_identify(custom_hard) by extension 'python_setup_py'
[0.622s] Level 1:colcon.colcon_core.package_identification:_identify(install) by extensions ['ignore', 'ignore_ament_install']
[0.622s] Level 1:colcon.colcon_core.package_identification:_identify(install) by extension 'ignore'
[0.622s] Level 1:colcon.colcon_core.package_identification:_identify(install) ignored
[0.623s] Level 1:colcon.colcon_core.package_identification:_identify(log) by extensions ['ignore', 'ignore_ament_install']
[0.623s] Level 1:colcon.colcon_core.package_identification:_identify(log) by extension 'ignore'
[0.623s] Level 1:colcon.colcon_core.package_identification:_identify(log) ignored
[0.623s] Level 1:colcon.colcon_core.package_identification:_identify(src) by extensions ['ignore', 'ignore_ament_install']
[0.623s] Level 1:colcon.colcon_core.package_identification:_identify(src) by extension 'ignore'
[0.623s] Level 1:colcon.colcon_core.package_identification:_identify(src) by extension 'ignore_ament_install'
[0.623s] Level 1:colcon.colcon_core.package_identification:_identify(src) by extensions ['colcon_pkg']
[0.623s] Level 1:colcon.colcon_core.package_identification:_identify(src) by extension 'colcon_pkg'
[0.623s] Level 1:colcon.colcon_core.package_identification:_identify(src) by extensions ['colcon_meta']
[0.623s] Level 1:colcon.colcon_core.package_identification:_identify(src) by extension 'colcon_meta'
[0.623s] Level 1:colcon.colcon_core.package_identification:_identify(src) by extensions ['ros']
[0.623s] Level 1:colcon.colcon_core.package_identification:_identify(src) by extension 'ros'
[0.623s] Level 1:colcon.colcon_core.package_identification:_identify(src) by extensions ['cmake', 'python']
[0.623s] Level 1:colcon.colcon_core.package_identification:_identify(src) by extension 'cmake'
[0.623s] Level 1:colcon.colcon_core.package_identification:_identify(src) by extension 'python'
[0.623s] Level 1:colcon.colcon_core.package_identification:_identify(src) by extensions ['python_setup_py']
[0.623s] Level 1:colcon.colcon_core.package_identification:_identify(src) by extension 'python_setup_py'
[0.623s] Level 1:colcon.colcon_core.package_identification:_identify(src/ros2_control_demo_description) by extensions ['ignore', 'ignore_ament_install']
[0.623s] Level 1:colcon.colcon_core.package_identification:_identify(src/ros2_control_demo_description) by extension 'ignore'
[0.623s] Level 1:colcon.colcon_core.package_identification:_identify(src/ros2_control_demo_description) by extension 'ignore_ament_install'
[0.623s] Level 1:colcon.colcon_core.package_identification:_identify(src/ros2_control_demo_description) by extensions ['colcon_pkg']
[0.623s] Level 1:colcon.colcon_core.package_identification:_identify(src/ros2_control_demo_description) by extension 'colcon_pkg'
[0.623s] Level 1:colcon.colcon_core.package_identification:_identify(src/ros2_control_demo_description) by extensions ['colcon_meta']
[0.623s] Level 1:colcon.colcon_core.package_identification:_identify(src/ros2_control_demo_description) by extension 'colcon_meta'
[0.624s] Level 1:colcon.colcon_core.package_identification:_identify(src/ros2_control_demo_description) by extensions ['ros']
[0.624s] Level 1:colcon.colcon_core.package_identification:_identify(src/ros2_control_demo_description) by extension 'ros'
[0.625s] DEBUG:colcon.colcon_core.package_identification:Package 'src/ros2_control_demo_description' with type 'ros.ament_cmake' and name 'ros2_control_demo_description'
[0.625s] Level 1:colcon.colcon_core.package_identification:_identify(src/ros2_control_hand) by extensions ['ignore', 'ignore_ament_install']
[0.625s] Level 1:colcon.colcon_core.package_identification:_identify(src/ros2_control_hand) by extension 'ignore'
[0.625s] Level 1:colcon.colcon_core.package_identification:_identify(src/ros2_control_hand) by extension 'ignore_ament_install'
[0.626s] Level 1:colcon.colcon_core.package_identification:_identify(src/ros2_control_hand) by extensions ['colcon_pkg']
[0.626s] Level 1:colcon.colcon_core.package_identification:_identify(src/ros2_control_hand) by extension 'colcon_pkg'
[0.626s] Level 1:colcon.colcon_core.package_identification:_identify(src/ros2_control_hand) by extensions ['colcon_meta']
[0.626s] Level 1:colcon.colcon_core.package_identification:_identify(src/ros2_control_hand) by extension 'colcon_meta'
[0.626s] Level 1:colcon.colcon_core.package_identification:_identify(src/ros2_control_hand) by extensions ['ros']
[0.626s] Level 1:colcon.colcon_core.package_identification:_identify(src/ros2_control_hand) by extension 'ros'
[0.627s] DEBUG:colcon.colcon_core.package_identification:Package 'src/ros2_control_hand' with type 'ros.ament_cmake' and name 'ros2_control_hand'
[0.627s] Level 1:colcon.colcon_core.package_identification:_identify(src/ros2_ue_linker) by extensions ['ignore', 'ignore_ament_install']
[0.627s] Level 1:colcon.colcon_core.package_identification:_identify(src/ros2_ue_linker) by extension 'ignore'
[0.627s] Level 1:colcon.colcon_core.package_identification:_identify(src/ros2_ue_linker) by extension 'ignore_ament_install'
[0.627s] Level 1:colcon.colcon_core.package_identification:_identify(src/ros2_ue_linker) by extensions ['colcon_pkg']
[0.627s] Level 1:colcon.colcon_core.package_identification:_identify(src/ros2_ue_linker) by extension 'colcon_pkg'
[0.627s] Level 1:colcon.colcon_core.package_identification:_identify(src/ros2_ue_linker) by extensions ['colcon_meta']
[0.627s] Level 1:colcon.colcon_core.package_identification:_identify(src/ros2_ue_linker) by extension 'colcon_meta'
[0.627s] Level 1:colcon.colcon_core.package_identification:_identify(src/ros2_ue_linker) by extensions ['ros']
[0.627s] Level 1:colcon.colcon_core.package_identification:_identify(src/ros2_ue_linker) by extension 'ros'
[0.627s] DEBUG:colcon.colcon_core.package_identification:Package 'src/ros2_ue_linker' with type 'ros.ament_cmake' and name 'ros2_ue_linker'
[0.627s] Level 1:colcon.colcon_core.package_discovery:discover_packages(recursive) using defaults
[0.627s] Level 1:colcon.colcon_core.package_discovery:discover_packages(ignore) discover
[0.627s] Level 1:colcon.colcon_core.package_discovery:discover_packages(ignore) using defaults
[0.627s] Level 1:colcon.colcon_core.package_discovery:discover_packages(path) discover
[0.627s] Level 1:colcon.colcon_core.package_discovery:discover_packages(path) using defaults
[0.692s] Level 1:colcon.colcon_core.package_discovery:discover_packages(prefix_path) check parameters
[0.692s] Level 1:colcon.colcon_core.package_discovery:discover_packages(prefix_path) discover
[0.713s] DEBUG:colcon.colcon_installed_package_information.package_discovery:Found 6 installed packages in /home/lucas/ros2_ws/install
[0.723s] DEBUG:colcon.colcon_installed_package_information.package_discovery:Found 325 installed packages in /opt/ros/humble
[0.724s] Level 1:colcon.colcon_core.package_discovery:discover_packages(prefix_path) using defaults
[0.791s] Level 5:colcon.colcon_core.verb:set package 'ros2_control_demo_description' build argument 'cmake_args' from command line to 'None'
[0.791s] Level 5:colcon.colcon_core.verb:set package 'ros2_control_demo_description' build argument 'cmake_target' from command line to 'None'
[0.792s] Level 5:colcon.colcon_core.verb:set package 'ros2_control_demo_description' build argument 'cmake_target_skip_unavailable' from command line to 'False'
[0.792s] Level 5:colcon.colcon_core.verb:set package 'ros2_control_demo_description' build argument 'cmake_clean_cache' from command line to 'False'
[0.792s] Level 5:colcon.colcon_core.verb:set package 'ros2_control_demo_description' build argument 'cmake_clean_first' from command line to 'False'
[0.792s] Level 5:colcon.colcon_core.verb:set package 'ros2_control_demo_description' build argument 'cmake_force_configure' from command line to 'False'
[0.792s] Level 5:colcon.colcon_core.verb:set package 'ros2_control_demo_description' build argument 'ament_cmake_args' from command line to 'None'
[0.792s] Level 5:colcon.colcon_core.verb:set package 'ros2_control_demo_description' build argument 'catkin_cmake_args' from command line to 'None'
[0.792s] Level 5:colcon.colcon_core.verb:set package 'ros2_control_demo_description' build argument 'catkin_skip_building_tests' from command line to 'False'
[0.792s] DEBUG:colcon.colcon_core.verb:Building package 'ros2_control_demo_description' with the following arguments: {'ament_cmake_args': None, 'build_base': '/home/lucas/dev_ws/build/ros2_control_demo_description', 'catkin_cmake_args': None, 'catkin_skip_building_tests': False, 'cmake_args': None, 'cmake_clean_cache': False, 'cmake_clean_first': False, 'cmake_force_configure': False, 'cmake_target': None, 'cmake_target_skip_unavailable': False, 'install_base': '/home/lucas/dev_ws/install/ros2_control_demo_description', 'merge_install': False, 'path': '/home/lucas/dev_ws/src/ros2_control_demo_description', 'symlink_install': False, 'test_result_base': None}
[0.801s] Level 5:colcon.colcon_core.verb:set package 'ros2_ue_linker' build argument 'cmake_args' from command line to 'None'
[0.801s] Level 5:colcon.colcon_core.verb:set package 'ros2_ue_linker' build argument 'cmake_target' from command line to 'None'
[0.801s] Level 5:colcon.colcon_core.verb:set package 'ros2_ue_linker' build argument 'cmake_target_skip_unavailable' from command line to 'False'
[0.801s] Level 5:colcon.colcon_core.verb:set package 'ros2_ue_linker' build argument 'cmake_clean_cache' from command line to 'False'
[0.801s] Level 5:colcon.colcon_core.verb:set package 'ros2_ue_linker' build argument 'cmake_clean_first' from command line to 'False'
[0.801s] Level 5:colcon.colcon_core.verb:set package 'ros2_ue_linker' build argument 'cmake_force_configure' from command line to 'False'
[0.801s] Level 5:colcon.colcon_core.verb:set package 'ros2_ue_linker' build argument 'ament_cmake_args' from command line to 'None'
[0.801s] Level 5:colcon.colcon_core.verb:set package 'ros2_ue_linker' build argument 'catkin_cmake_args' from command line to 'None'
[0.801s] Level 5:colcon.colcon_core.verb:set package 'ros2_ue_linker' build argument 'catkin_skip_building_tests' from command line to 'False'
[0.801s] DEBUG:colcon.colcon_core.verb:Building package 'ros2_ue_linker' with the following arguments: {'ament_cmake_args': None, 'build_base': '/home/lucas/dev_ws/build/ros2_ue_linker', 'catkin_cmake_args': None, 'catkin_skip_building_tests': False, 'cmake_args': None, 'cmake_clean_cache': False, 'cmake_clean_first': False, 'cmake_force_configure': False, 'cmake_target': None, 'cmake_target_skip_unavailable': False, 'install_base': '/home/lucas/dev_ws/install/ros2_ue_linker', 'merge_install': False, 'path': '/home/lucas/dev_ws/src/ros2_ue_linker', 'symlink_install': False, 'test_result_base': None}
[0.812s] Level 5:colcon.colcon_core.verb:set package 'ros2_control_hand' build argument 'cmake_args' from command line to 'None'
[0.812s] Level 5:colcon.colcon_core.verb:set package 'ros2_control_hand' build argument 'cmake_target' from command line to 'None'
[0.812s] Level 5:colcon.colcon_core.verb:set package 'ros2_control_hand' build argument 'cmake_target_skip_unavailable' from command line to 'False'
[0.812s] Level 5:colcon.colcon_core.verb:set package 'ros2_control_hand' build argument 'cmake_clean_cache' from command line to 'False'
[0.812s] Level 5:colcon.colcon_core.verb:set package 'ros2_control_hand' build argument 'cmake_clean_first' from command line to 'False'
[0.812s] Level 5:colcon.colcon_core.verb:set package 'ros2_control_hand' build argument 'cmake_force_configure' from command line to 'False'
[0.812s] Level 5:colcon.colcon_core.verb:set package 'ros2_control_hand' build argument 'ament_cmake_args' from command line to 'None'
[0.812s] Level 5:colcon.colcon_core.verb:set package 'ros2_control_hand' build argument 'catkin_cmake_args' from command line to 'None'
[0.812s] Level 5:colcon.colcon_core.verb:set package 'ros2_control_hand' build argument 'catkin_skip_building_tests' from command line to 'False'
[0.812s] DEBUG:colcon.colcon_core.verb:Building package 'ros2_control_hand' with the following arguments: {'ament_cmake_args': None, 'build_base': '/home/lucas/dev_ws/build/ros2_control_hand', 'catkin_cmake_args': None, 'catkin_skip_building_tests': False, 'cmake_args': None, 'cmake_clean_cache': False, 'cmake_clean_first': False, 'cmake_force_configure': False, 'cmake_target': None, 'cmake_target_skip_unavailable': False, 'install_base': '/home/lucas/dev_ws/install/ros2_control_hand', 'merge_install': False, 'path': '/home/lucas/dev_ws/src/ros2_control_hand', 'symlink_install': False, 'test_result_base': None}
[0.821s] INFO:colcon.colcon_core.executor:Executing jobs using 'parallel' executor
[0.831s] DEBUG:colcon.colcon_parallel_executor.executor.parallel:run_until_complete
[0.831s] INFO:colcon.colcon_ros.task.ament_cmake.build:Building ROS package in '/home/lucas/dev_ws/src/ros2_control_demo_description' with build type 'ament_cmake'
[0.832s] INFO:colcon.colcon_cmake.task.cmake.build:Building CMake package in '/home/lucas/dev_ws/src/ros2_control_demo_description'
[0.848s] INFO:colcon.colcon_core.plugin_system:Skipping extension 'colcon_core.shell.bat': Not used on non-Windows systems
[0.848s] INFO:colcon.colcon_core.shell:Skip shell extension 'powershell' for command environment: Not usable outside of PowerShell
[0.848s] DEBUG:colcon.colcon_core.shell:Skip shell extension 'dsv' for command environment
[0.886s] INFO:colcon.colcon_ros.task.ament_cmake.build:Building ROS package in '/home/lucas/dev_ws/src/ros2_ue_linker' with build type 'ament_cmake'
[0.886s] INFO:colcon.colcon_cmake.task.cmake.build:Building CMake package in '/home/lucas/dev_ws/src/ros2_ue_linker'
[0.896s] INFO:colcon.colcon_core.shell:Skip shell extension 'powershell' for command environment: Not usable outside of PowerShell
[0.896s] DEBUG:colcon.colcon_core.shell:Skip shell extension 'dsv' for command environment
[0.929s] DEBUG:colcon.colcon_core.event_handler.log_command:Invoking command in '/home/lucas/dev_ws/build/ros2_control_demo_description': CMAKE_PREFIX_PATH=${CMAKE_PREFIX_PATH}:/opt/ros/humble /usr/bin/cmake --build /home/lucas/dev_ws/build/ros2_control_demo_description -- -j8 -l8
[0.932s] DEBUG:colcon.colcon_core.event_handler.log_command:Invoking command in '/home/lucas/dev_ws/build/ros2_ue_linker': CMAKE_PREFIX_PATH=${CMAKE_PREFIX_PATH}:/opt/ros/humble /usr/bin/cmake --build /home/lucas/dev_ws/build/ros2_ue_linker -- -j8 -l8
[0.961s] DEBUG:colcon.colcon_core.event_handler.log_command:Invoked command in '/home/lucas/dev_ws/build/ros2_control_demo_description' returned '0': CMAKE_PREFIX_PATH=${CMAKE_PREFIX_PATH}:/opt/ros/humble /usr/bin/cmake --build /home/lucas/dev_ws/build/ros2_control_demo_description -- -j8 -l8
[0.990s] DEBUG:colcon.colcon_core.event_handler.log_command:Invoking command in '/home/lucas/dev_ws/build/ros2_control_demo_description': CMAKE_PREFIX_PATH=${CMAKE_PREFIX_PATH}:/opt/ros/humble /usr/bin/cmake --install /home/lucas/dev_ws/build/ros2_control_demo_description
[0.991s] DEBUG:colcon.colcon_core.event_handler.log_command:Invoked command in '/home/lucas/dev_ws/build/ros2_ue_linker' returned '0': CMAKE_PREFIX_PATH=${CMAKE_PREFIX_PATH}:/opt/ros/humble /usr/bin/cmake --build /home/lucas/dev_ws/build/ros2_ue_linker -- -j8 -l8
[0.999s] Level 1:colcon.colcon_core.environment:create_environment_scripts_only(ros2_control_demo_description)
[0.999s] DEBUG:colcon.colcon_core.event_handler.log_command:Invoked command in '/home/lucas/dev_ws/build/ros2_control_demo_description' returned '0': CMAKE_PREFIX_PATH=${CMAKE_PREFIX_PATH}:/opt/ros/humble /usr/bin/cmake --install /home/lucas/dev_ws/build/ros2_control_demo_description
[1.015s] Level 1:colcon.colcon_core.environment:checking '/home/lucas/dev_ws/install/ros2_control_demo_description' for CMake module files
[1.015s] Level 1:colcon.colcon_core.environment:checking '/home/lucas/dev_ws/install/ros2_control_demo_description' for CMake config files
[1.016s] Level 1:colcon.colcon_core.shell:create_environment_hook('ros2_control_demo_description', 'cmake_prefix_path')
[1.027s] INFO:colcon.colcon_core.shell:Creating environment hook '/home/lucas/dev_ws/install/ros2_control_demo_description/share/ros2_control_demo_description/hook/cmake_prefix_path.ps1'
[1.027s] INFO:colcon.colcon_core.shell:Creating environment descriptor '/home/lucas/dev_ws/install/ros2_control_demo_description/share/ros2_control_demo_description/hook/cmake_prefix_path.dsv'
[1.028s] INFO:colcon.colcon_core.shell:Creating environment hook '/home/lucas/dev_ws/install/ros2_control_demo_description/share/ros2_control_demo_description/hook/cmake_prefix_path.sh'
[1.028s] Level 1:colcon.colcon_core.environment:checking '/home/lucas/dev_ws/install/ros2_control_demo_description/bin'
[1.028s] Level 1:colcon.colcon_core.environment:checking '/home/lucas/dev_ws/install/ros2_control_demo_description/lib/pkgconfig/ros2_control_demo_description.pc'
[1.029s] Level 1:colcon.colcon_core.environment:checking '/home/lucas/dev_ws/install/ros2_control_demo_description/lib/python3.10/site-packages'
[1.029s] Level 1:colcon.colcon_core.environment:checking '/home/lucas/dev_ws/install/ros2_control_demo_description/bin'
[1.040s] INFO:colcon.colcon_core.shell:Creating package script '/home/lucas/dev_ws/install/ros2_control_demo_description/share/ros2_control_demo_description/package.ps1'
[1.041s] INFO:colcon.colcon_core.shell:Creating package descriptor '/home/lucas/dev_ws/install/ros2_control_demo_description/share/ros2_control_demo_description/package.dsv'
[1.041s] INFO:colcon.colcon_core.shell:Creating package script '/home/lucas/dev_ws/install/ros2_control_demo_description/share/ros2_control_demo_description/package.sh'
[1.042s] INFO:colcon.colcon_core.shell:Creating package script '/home/lucas/dev_ws/install/ros2_control_demo_description/share/ros2_control_demo_description/package.bash'
[1.042s] INFO:colcon.colcon_core.shell:Creating package script '/home/lucas/dev_ws/install/ros2_control_demo_description/share/ros2_control_demo_description/package.zsh'
[1.043s] Level 1:colcon.colcon_core.environment:create_file_with_runtime_dependencies(/home/lucas/dev_ws/install/ros2_control_demo_description/share/colcon-core/packages/ros2_control_demo_description)
[1.045s] DEBUG:colcon.colcon_core.event_handler.log_command:Invoking command in '/home/lucas/dev_ws/build/ros2_ue_linker': CMAKE_PREFIX_PATH=${CMAKE_PREFIX_PATH}:/opt/ros/humble /usr/bin/cmake --install /home/lucas/dev_ws/build/ros2_ue_linker
[1.054s] Level 1:colcon.colcon_core.environment:create_environment_scripts_only(ros2_ue_linker)
[1.055s] DEBUG:colcon.colcon_core.event_handler.log_command:Invoked command in '/home/lucas/dev_ws/build/ros2_ue_linker' returned '0': CMAKE_PREFIX_PATH=${CMAKE_PREFIX_PATH}:/opt/ros/humble /usr/bin/cmake --install /home/lucas/dev_ws/build/ros2_ue_linker
[1.070s] Level 1:colcon.colcon_core.environment:checking '/home/lucas/dev_ws/install/ros2_ue_linker' for CMake module files
[1.070s] Level 1:colcon.colcon_core.environment:checking '/home/lucas/dev_ws/install/ros2_ue_linker' for CMake config files
[1.071s] Level 1:colcon.colcon_core.shell:create_environment_hook('ros2_ue_linker', 'cmake_prefix_path')
[1.084s] INFO:colcon.colcon_core.shell:Creating environment hook '/home/lucas/dev_ws/install/ros2_ue_linker/share/ros2_ue_linker/hook/cmake_prefix_path.ps1'
[1.085s] INFO:colcon.colcon_core.shell:Creating environment descriptor '/home/lucas/dev_ws/install/ros2_ue_linker/share/ros2_ue_linker/hook/cmake_prefix_path.dsv'
[1.085s] INFO:colcon.colcon_core.shell:Creating environment hook '/home/lucas/dev_ws/install/ros2_ue_linker/share/ros2_ue_linker/hook/cmake_prefix_path.sh'
[1.086s] Level 1:colcon.colcon_core.environment:checking '/home/lucas/dev_ws/install/ros2_ue_linker/lib'
[1.086s] Level 1:colcon.colcon_core.environment:checking '/home/lucas/dev_ws/install/ros2_ue_linker/bin'
[1.086s] Level 1:colcon.colcon_core.environment:checking '/home/lucas/dev_ws/install/ros2_ue_linker/lib/pkgconfig/ros2_ue_linker.pc'
[1.086s] Level 1:colcon.colcon_core.environment:checking '/home/lucas/dev_ws/install/ros2_ue_linker/lib/python3.10/site-packages'
[1.086s] Level 1:colcon.colcon_core.environment:checking '/home/lucas/dev_ws/install/ros2_ue_linker/bin'
[1.098s] INFO:colcon.colcon_core.shell:Creating package script '/home/lucas/dev_ws/install/ros2_ue_linker/share/ros2_ue_linker/package.ps1'
[1.099s] INFO:colcon.colcon_core.shell:Creating package descriptor '/home/lucas/dev_ws/install/ros2_ue_linker/share/ros2_ue_linker/package.dsv'
[1.099s] INFO:colcon.colcon_core.shell:Creating package script '/home/lucas/dev_ws/install/ros2_ue_linker/share/ros2_ue_linker/package.sh'
[1.099s] INFO:colcon.colcon_core.shell:Creating package script '/home/lucas/dev_ws/install/ros2_ue_linker/share/ros2_ue_linker/package.bash'
[1.099s] INFO:colcon.colcon_core.shell:Creating package script '/home/lucas/dev_ws/install/ros2_ue_linker/share/ros2_ue_linker/package.zsh'
[1.100s] Level 1:colcon.colcon_core.environment:create_file_with_runtime_dependencies(/home/lucas/dev_ws/install/ros2_ue_linker/share/colcon-core/packages/ros2_ue_linker)
[1.112s] Level 1:colcon.colcon_core.environment:create_environment_scripts_only(ros2_control_demo_description)
[1.124s] Level 1:colcon.colcon_core.environment:checking '/home/lucas/dev_ws/install/ros2_control_demo_description' for CMake module files
[1.125s] Level 1:colcon.colcon_core.environment:checking '/home/lucas/dev_ws/install/ros2_control_demo_description' for CMake config files
[1.125s] Level 1:colcon.colcon_core.shell:create_environment_hook('ros2_control_demo_description', 'cmake_prefix_path')
[1.136s] INFO:colcon.colcon_core.shell:Creating environment hook '/home/lucas/dev_ws/install/ros2_control_demo_description/share/ros2_control_demo_description/hook/cmake_prefix_path.ps1'
[1.136s] INFO:colcon.colcon_core.shell:Creating environment descriptor '/home/lucas/dev_ws/install/ros2_control_demo_description/share/ros2_control_demo_description/hook/cmake_prefix_path.dsv'
[1.137s] INFO:colcon.colcon_core.shell:Creating environment hook '/home/lucas/dev_ws/install/ros2_control_demo_description/share/ros2_control_demo_description/hook/cmake_prefix_path.sh'
[1.137s] Level 1:colcon.colcon_core.environment:checking '/home/lucas/dev_ws/install/ros2_control_demo_description/bin'
[1.137s] Level 1:colcon.colcon_core.environment:checking '/home/lucas/dev_ws/install/ros2_control_demo_description/lib/pkgconfig/ros2_control_demo_description.pc'
[1.138s] Level 1:colcon.colcon_core.environment:checking '/home/lucas/dev_ws/install/ros2_control_demo_description/lib/python3.10/site-packages'
[1.138s] Level 1:colcon.colcon_core.environment:checking '/home/lucas/dev_ws/install/ros2_control_demo_description/bin'
[1.150s] INFO:colcon.colcon_core.shell:Creating package script '/home/lucas/dev_ws/install/ros2_control_demo_description/share/ros2_control_demo_description/package.ps1'
[1.150s] INFO:colcon.colcon_core.shell:Creating package descriptor '/home/lucas/dev_ws/install/ros2_control_demo_description/share/ros2_control_demo_description/package.dsv'
[1.151s] INFO:colcon.colcon_core.shell:Creating package script '/home/lucas/dev_ws/install/ros2_control_demo_description/share/ros2_control_demo_description/package.sh'
[1.151s] INFO:colcon.colcon_core.shell:Creating package script '/home/lucas/dev_ws/install/ros2_control_demo_description/share/ros2_control_demo_description/package.bash'
[1.151s] INFO:colcon.colcon_core.shell:Creating package script '/home/lucas/dev_ws/install/ros2_control_demo_description/share/ros2_control_demo_description/package.zsh'
[1.152s] Level 1:colcon.colcon_core.environment:create_file_with_runtime_dependencies(/home/lucas/dev_ws/install/ros2_control_demo_description/share/colcon-core/packages/ros2_control_demo_description)
[1.152s] INFO:colcon.colcon_ros.task.ament_cmake.build:Building ROS package in '/home/lucas/dev_ws/src/ros2_control_hand' with build type 'ament_cmake'
[1.153s] INFO:colcon.colcon_cmake.task.cmake.build:Building CMake package in '/home/lucas/dev_ws/src/ros2_control_hand'
[1.164s] INFO:colcon.colcon_core.shell:Skip shell extension 'powershell' for command environment: Not usable outside of PowerShell
[1.165s] DEBUG:colcon.colcon_core.shell:Skip shell extension 'dsv' for command environment
[1.221s] Level 1:colcon.colcon_core.environment:create_environment_scripts_only(ros2_ue_linker)
[1.232s] Level 1:colcon.colcon_core.environment:checking '/home/lucas/dev_ws/install/ros2_ue_linker' for CMake module files
[1.233s] Level 1:colcon.colcon_core.environment:checking '/home/lucas/dev_ws/install/ros2_ue_linker' for CMake config files
[1.233s] Level 1:colcon.colcon_core.shell:create_environment_hook('ros2_ue_linker', 'cmake_prefix_path')
[1.246s] INFO:colcon.colcon_core.shell:Creating environment hook '/home/lucas/dev_ws/install/ros2_ue_linker/share/ros2_ue_linker/hook/cmake_prefix_path.ps1'
[1.246s] INFO:colcon.colcon_core.shell:Creating environment descriptor '/home/lucas/dev_ws/install/ros2_ue_linker/share/ros2_ue_linker/hook/cmake_prefix_path.dsv'
[1.247s] INFO:colcon.colcon_core.shell:Creating environment hook '/home/lucas/dev_ws/install/ros2_ue_linker/share/ros2_ue_linker/hook/cmake_prefix_path.sh'
[1.247s] Level 1:colcon.colcon_core.environment:checking '/home/lucas/dev_ws/install/ros2_ue_linker/lib'
[1.247s] Level 1:colcon.colcon_core.environment:checking '/home/lucas/dev_ws/install/ros2_ue_linker/bin'
[1.247s] Level 1:colcon.colcon_core.environment:checking '/home/lucas/dev_ws/install/ros2_ue_linker/lib/pkgconfig/ros2_ue_linker.pc'
[1.247s] Level 1:colcon.colcon_core.environment:checking '/home/lucas/dev_ws/install/ros2_ue_linker/lib/python3.10/site-packages'
[1.247s] Level 1:colcon.colcon_core.environment:checking '/home/lucas/dev_ws/install/ros2_ue_linker/bin'
[1.259s] INFO:colcon.colcon_core.shell:Creating package script '/home/lucas/dev_ws/install/ros2_ue_linker/share/ros2_ue_linker/package.ps1'
[1.260s] INFO:colcon.colcon_core.shell:Creating package descriptor '/home/lucas/dev_ws/install/ros2_ue_linker/share/ros2_ue_linker/package.dsv'
[1.260s] INFO:colcon.colcon_core.shell:Creating package script '/home/lucas/dev_ws/install/ros2_ue_linker/share/ros2_ue_linker/package.sh'
[1.260s] INFO:colcon.colcon_core.shell:Creating package script '/home/lucas/dev_ws/install/ros2_ue_linker/share/ros2_ue_linker/package.bash'
[1.260s] INFO:colcon.colcon_core.shell:Creating package script '/home/lucas/dev_ws/install/ros2_ue_linker/share/ros2_ue_linker/package.zsh'
[1.261s] Level 1:colcon.colcon_core.environment:create_file_with_runtime_dependencies(/home/lucas/dev_ws/install/ros2_ue_linker/share/colcon-core/packages/ros2_ue_linker)
[1.264s] DEBUG:colcon.colcon_core.event_handler.log_command:Invoking command in '/home/lucas/dev_ws/build/ros2_control_hand': AMENT_PREFIX_PATH=/home/lucas/dev_ws/install/ros2_control_demo_description:${AMENT_PREFIX_PATH} CMAKE_PREFIX_PATH=/home/lucas/dev_ws/install/ros2_control_demo_description:/home/lucas/ros2_ws/install/udp_driver:/home/lucas/ros2_ws/install/serial_driver:/home/lucas/ros2_ws/install/ros2_ue_connector_node:/home/lucas/ros2_ws/install/io_context:/home/lucas/ros2_ws/install/custom_hardware:/home/lucas/ros2_ws/install/asio_cmake_module:/opt/ros/humble /usr/bin/cmake --build /home/lucas/dev_ws/build/ros2_control_hand -- -j8 -l8
[1.323s] DEBUG:colcon.colcon_core.event_handler.log_command:Invoked command in '/home/lucas/dev_ws/build/ros2_control_hand' returned '0': AMENT_PREFIX_PATH=/home/lucas/dev_ws/install/ros2_control_demo_description:${AMENT_PREFIX_PATH} CMAKE_PREFIX_PATH=/home/lucas/dev_ws/install/ros2_control_demo_description:/home/lucas/ros2_ws/install/udp_driver:/home/lucas/ros2_ws/install/serial_driver:/home/lucas/ros2_ws/install/ros2_ue_connector_node:/home/lucas/ros2_ws/install/io_context:/home/lucas/ros2_ws/install/custom_hardware:/home/lucas/ros2_ws/install/asio_cmake_module:/opt/ros/humble /usr/bin/cmake --build /home/lucas/dev_ws/build/ros2_control_hand -- -j8 -l8
[1.345s] DEBUG:colcon.colcon_core.event_handler.log_command:Invoking command in '/home/lucas/dev_ws/build/ros2_control_hand': AMENT_PREFIX_PATH=/home/lucas/dev_ws/install/ros2_control_demo_description:${AMENT_PREFIX_PATH} CMAKE_PREFIX_PATH=/home/lucas/dev_ws/install/ros2_control_demo_description:/home/lucas/ros2_ws/install/udp_driver:/home/lucas/ros2_ws/install/serial_driver:/home/lucas/ros2_ws/install/ros2_ue_connector_node:/home/lucas/ros2_ws/install/io_context:/home/lucas/ros2_ws/install/custom_hardware:/home/lucas/ros2_ws/install/asio_cmake_module:/opt/ros/humble /usr/bin/cmake --install /home/lucas/dev_ws/build/ros2_control_hand
[1.366s] Level 1:colcon.colcon_core.environment:create_environment_scripts_only(ros2_control_hand)
[1.367s] DEBUG:colcon.colcon_core.event_handler.log_command:Invoked command in '/home/lucas/dev_ws/build/ros2_control_hand' returned '0': AMENT_PREFIX_PATH=/home/lucas/dev_ws/install/ros2_control_demo_description:${AMENT_PREFIX_PATH} CMAKE_PREFIX_PATH=/home/lucas/dev_ws/install/ros2_control_demo_description:/home/lucas/ros2_ws/install/udp_driver:/home/lucas/ros2_ws/install/serial_driver:/home/lucas/ros2_ws/install/ros2_ue_connector_node:/home/lucas/ros2_ws/install/io_context:/home/lucas/ros2_ws/install/custom_hardware:/home/lucas/ros2_ws/install/asio_cmake_module:/opt/ros/humble /usr/bin/cmake --install /home/lucas/dev_ws/build/ros2_control_hand
[1.383s] Level 1:colcon.colcon_core.environment:checking '/home/lucas/dev_ws/install/ros2_control_hand' for CMake module files
[1.384s] Level 1:colcon.colcon_core.environment:checking '/home/lucas/dev_ws/install/ros2_control_hand' for CMake config files
[1.384s] Level 1:colcon.colcon_core.shell:create_environment_hook('ros2_control_hand', 'cmake_prefix_path')
[1.394s] INFO:colcon.colcon_core.shell:Creating environment hook '/home/lucas/dev_ws/install/ros2_control_hand/share/ros2_control_hand/hook/cmake_prefix_path.ps1'
[1.394s] INFO:colcon.colcon_core.shell:Creating environment descriptor '/home/lucas/dev_ws/install/ros2_control_hand/share/ros2_control_hand/hook/cmake_prefix_path.dsv'
[1.395s] INFO:colcon.colcon_core.shell:Creating environment hook '/home/lucas/dev_ws/install/ros2_control_hand/share/ros2_control_hand/hook/cmake_prefix_path.sh'
[1.395s] Level 1:colcon.colcon_core.environment:checking '/home/lucas/dev_ws/install/ros2_control_hand/lib'
[1.395s] Level 1:colcon.colcon_core.shell:create_environment_hook('ros2_control_hand', 'ld_library_path_lib')
[1.405s] INFO:colcon.colcon_core.shell:Creating environment hook '/home/lucas/dev_ws/install/ros2_control_hand/share/ros2_control_hand/hook/ld_library_path_lib.ps1'
[1.406s] INFO:colcon.colcon_core.shell:Creating environment descriptor '/home/lucas/dev_ws/install/ros2_control_hand/share/ros2_control_hand/hook/ld_library_path_lib.dsv'
[1.406s] INFO:colcon.colcon_core.shell:Creating environment hook '/home/lucas/dev_ws/install/ros2_control_hand/share/ros2_control_hand/hook/ld_library_path_lib.sh'
[1.406s] Level 1:colcon.colcon_core.environment:checking '/home/lucas/dev_ws/install/ros2_control_hand/bin'
[1.406s] Level 1:colcon.colcon_core.environment:checking '/home/lucas/dev_ws/install/ros2_control_hand/lib/pkgconfig/ros2_control_hand.pc'
[1.406s] Level 1:colcon.colcon_core.environment:checking '/home/lucas/dev_ws/install/ros2_control_hand/lib/python3.10/site-packages'
[1.406s] Level 1:colcon.colcon_core.environment:checking '/home/lucas/dev_ws/install/ros2_control_hand/bin'
[1.417s] INFO:colcon.colcon_core.shell:Creating package script '/home/lucas/dev_ws/install/ros2_control_hand/share/ros2_control_hand/package.ps1'
[1.417s] INFO:colcon.colcon_core.shell:Creating package descriptor '/home/lucas/dev_ws/install/ros2_control_hand/share/ros2_control_hand/package.dsv'
[1.417s] INFO:colcon.colcon_core.shell:Creating package script '/home/lucas/dev_ws/install/ros2_control_hand/share/ros2_control_hand/package.sh'
[1.417s] INFO:colcon.colcon_core.shell:Creating package script '/home/lucas/dev_ws/install/ros2_control_hand/share/ros2_control_hand/package.bash'
[1.418s] INFO:colcon.colcon_core.shell:Creating package script '/home/lucas/dev_ws/install/ros2_control_hand/share/ros2_control_hand/package.zsh'
[1.418s] Level 1:colcon.colcon_core.environment:create_file_with_runtime_dependencies(/home/lucas/dev_ws/install/ros2_control_hand/share/colcon-core/packages/ros2_control_hand)
[1.447s] Level 1:colcon.colcon_core.environment:create_environment_scripts_only(ros2_control_hand)
[1.457s] Level 1:colcon.colcon_core.environment:checking '/home/lucas/dev_ws/install/ros2_control_hand' for CMake module files
[1.457s] Level 1:colcon.colcon_core.environment:checking '/home/lucas/dev_ws/install/ros2_control_hand' for CMake config files
[1.458s] Level 1:colcon.colcon_core.shell:create_environment_hook('ros2_control_hand', 'cmake_prefix_path')
[1.468s] INFO:colcon.colcon_core.shell:Creating environment hook '/home/lucas/dev_ws/install/ros2_control_hand/share/ros2_control_hand/hook/cmake_prefix_path.ps1'
[1.468s] INFO:colcon.colcon_core.shell:Creating environment descriptor '/home/lucas/dev_ws/install/ros2_control_hand/share/ros2_control_hand/hook/cmake_prefix_path.dsv'
[1.468s] INFO:colcon.colcon_core.shell:Creating environment hook '/home/lucas/dev_ws/install/ros2_control_hand/share/ros2_control_hand/hook/cmake_prefix_path.sh'
[1.469s] Level 1:colcon.colcon_core.environment:checking '/home/lucas/dev_ws/install/ros2_control_hand/lib'
[1.469s] Level 1:colcon.colcon_core.shell:create_environment_hook('ros2_control_hand', 'ld_library_path_lib')
[1.479s] INFO:colcon.colcon_core.shell:Creating environment hook '/home/lucas/dev_ws/install/ros2_control_hand/share/ros2_control_hand/hook/ld_library_path_lib.ps1'
[1.479s] INFO:colcon.colcon_core.shell:Creating environment descriptor '/home/lucas/dev_ws/install/ros2_control_hand/share/ros2_control_hand/hook/ld_library_path_lib.dsv'
[1.480s] INFO:colcon.colcon_core.shell:Creating environment hook '/home/lucas/dev_ws/install/ros2_control_hand/share/ros2_control_hand/hook/ld_library_path_lib.sh'
[1.480s] Level 1:colcon.colcon_core.environment:checking '/home/lucas/dev_ws/install/ros2_control_hand/bin'
[1.480s] Level 1:colcon.colcon_core.environment:checking '/home/lucas/dev_ws/install/ros2_control_hand/lib/pkgconfig/ros2_control_hand.pc'
[1.480s] Level 1:colcon.colcon_core.environment:checking '/home/lucas/dev_ws/install/ros2_control_hand/lib/python3.10/site-packages'
[1.480s] Level 1:colcon.colcon_core.environment:checking '/home/lucas/dev_ws/install/ros2_control_hand/bin'
[1.491s] INFO:colcon.colcon_core.shell:Creating package script '/home/lucas/dev_ws/install/ros2_control_hand/share/ros2_control_hand/package.ps1'
[1.492s] INFO:colcon.colcon_core.shell:Creating package descriptor '/home/lucas/dev_ws/install/ros2_control_hand/share/ros2_control_hand/package.dsv'
[1.492s] INFO:colcon.colcon_core.shell:Creating package script '/home/lucas/dev_ws/install/ros2_control_hand/share/ros2_control_hand/package.sh'
[1.492s] INFO:colcon.colcon_core.shell:Creating package script '/home/lucas/dev_ws/install/ros2_control_hand/share/ros2_control_hand/package.bash'
[1.493s] INFO:colcon.colcon_core.shell:Creating package script '/home/lucas/dev_ws/install/ros2_control_hand/share/ros2_control_hand/package.zsh'
[1.493s] Level 1:colcon.colcon_core.environment:create_file_with_runtime_dependencies(/home/lucas/dev_ws/install/ros2_control_hand/share/colcon-core/packages/ros2_control_hand)
[1.493s] DEBUG:colcon.colcon_parallel_executor.executor.parallel:closing loop
[1.493s] DEBUG:colcon.colcon_parallel_executor.executor.parallel:loop closed
[1.493s] DEBUG:colcon.colcon_parallel_executor.executor.parallel:run_until_complete finished with '0'
[1.493s] DEBUG:colcon.colcon_core.event_reactor:joining thread
[1.506s] INFO:colcon.colcon_core.plugin_system:Skipping extension 'colcon_notification.desktop_notification.terminal_notifier': Not used on non-Darwin systems
[1.506s] INFO:colcon.colcon_core.plugin_system:Skipping extension 'colcon_notification.desktop_notification.win32': Not used on non-Windows systems
[1.506s] INFO:colcon.colcon_notification.desktop_notification:Sending desktop notification using 'notify2'
[1.514s] DEBUG:colcon.colcon_core.event_reactor:joined thread
[1.525s] INFO:colcon.colcon_core.shell:Creating prefix script '/home/lucas/dev_ws/install/local_setup.ps1'
[1.526s] INFO:colcon.colcon_core.shell:Creating prefix util module '/home/lucas/dev_ws/install/_local_setup_util_ps1.py'
[1.527s] INFO:colcon.colcon_core.shell:Creating prefix chain script '/home/lucas/dev_ws/install/setup.ps1'
[1.538s] INFO:colcon.colcon_core.shell:Creating prefix script '/home/lucas/dev_ws/install/local_setup.sh'
[1.539s] INFO:colcon.colcon_core.shell:Creating prefix util module '/home/lucas/dev_ws/install/_local_setup_util_sh.py'
[1.539s] INFO:colcon.colcon_core.shell:Creating prefix chain script '/home/lucas/dev_ws/install/setup.sh'
[1.550s] INFO:colcon.colcon_core.shell:Creating prefix script '/home/lucas/dev_ws/install/local_setup.bash'
[1.551s] INFO:colcon.colcon_core.shell:Creating prefix chain script '/home/lucas/dev_ws/install/setup.bash'
[1.562s] INFO:colcon.colcon_core.shell:Creating prefix script '/home/lucas/dev_ws/install/local_setup.zsh'
[1.562s] INFO:colcon.colcon_core.shell:Creating prefix chain script '/home/lucas/dev_ws/install/setup.zsh'
