-- Found ament_cmake: 1.3.5 (/opt/ros/humble/share/ament_cmake/cmake)
-- Found pluginlib: 5.1.0 (/opt/ros/humble/share/pluginlib/cmake)
-- Found hardware_interface: 2.35.0 (/opt/ros/humble/share/hardware_interface/cmake)
-- Found rosidl_generator_c: 3.1.5 (/opt/ros/humble/share/rosidl_generator_c/cmake)
-- Found rosidl_adapter: 3.1.5 (/opt/ros/humble/share/rosidl_adapter/cmake)
-- Found rosidl_generator_cpp: 3.1.5 (/opt/ros/humble/share/rosidl_generator_cpp/cmake)
-- Using all available rosidl_typesupport_c: rosidl_typesupport_fastrtps_c;rosidl_typesupport_introspection_c
-- Using all available rosidl_typesupport_cpp: rosidl_typesupport_fastrtps_cpp;rosidl_typesupport_introspection_cpp
-- Found rmw_implementation_cmake: 6.1.1 (/opt/ros/humble/share/rmw_implementation_cmake/cmake)
-- Found rmw_fastrtps_cpp: 6.2.4 (/opt/ros/humble/share/rmw_fastrtps_cpp/cmake)
-- Using RMW implementation 'rmw_fastrtps_cpp' as default
-- Found kdl_parser: 2.6.4 (/opt/ros/humble/share/kdl_parser/cmake)
-- Found eigen3_cmake_module: 0.1.1 (/opt/ros/humble/share/eigen3_cmake_module/cmake)
-- Ensuring Eigen3 include directory is part of orocos-kdl CMake target
-- Found controller_interface: 2.35.0 (/opt/ros/humble/share/controller_interface/cmake)
-- Found realtime_tools: 2.5.0 (/opt/ros/humble/share/realtime_tools/cmake)
-- Found ament_cmake_gtest: 1.3.5 (/opt/ros/humble/share/ament_cmake_gtest/cmake)
-- Configuring done
-- Generating done
-- Build files have been written to: /home/lucas/dev_ws/build/ros2_control_hand
[35m[1mConsolidate compiler generated dependencies of target send_trajectory[0m
[ 40%] [32mBuilding CXX object CMakeFiles/ros2_control_hand.dir/controller/r6bot_controller.cpp.o[0m
[ 40%] [32mBuilding CXX object CMakeFiles/ros2_control_hand.dir/hardware/r6bot_hardware.cpp.o[0m
[ 80%] Built target send_trajectory
[100%] [32m[1mLinking CXX shared library libros2_control_hand.so[0m
[100%] Built target ros2_control_hand
-- Install configuration: ""
-- Installing: /home/lucas/dev_ws/install/ros2_control_hand/share/ros2_control_hand/ros2_control_hand.xml
-- Up-to-date: /home/lucas/dev_ws/install/ros2_control_hand/share/ros2_control_hand/ros2_control_hand.xml
-- Installing: /home/lucas/dev_ws/install/ros2_control_hand/include/ros2_control_hand
-- Installing: /home/lucas/dev_ws/install/ros2_control_hand/include/ros2_control_hand/ros2_control_demo_example_7
-- Installing: /home/lucas/dev_ws/install/ros2_control_hand/include/ros2_control_hand/ros2_control_demo_example_7/r6bot_hardware.hpp
-- Installing: /home/lucas/dev_ws/install/ros2_control_hand/share/ros2_control_hand/launch
-- Installing: /home/lucas/dev_ws/install/ros2_control_hand/share/ros2_control_hand/launch/view_r6bot.launch.py
-- Installing: /home/lucas/dev_ws/install/ros2_control_hand/share/ros2_control_hand/ros2_control
-- Installing: /home/lucas/dev_ws/install/ros2_control_hand/share/ros2_control_hand/ros2_control/r6bot.ros2_control.xacro
-- Installing: /home/lucas/dev_ws/install/ros2_control_hand/share/ros2_control_hand/urdf
-- Installing: /home/lucas/dev_ws/install/ros2_control_hand/share/ros2_control_hand/urdf/r6bot.urdf.xacro
-- Up-to-date: /home/lucas/dev_ws/install/ros2_control_hand/share/ros2_control_hand/launch
-- Installing: /home/lucas/dev_ws/install/ros2_control_hand/share/ros2_control_hand/launch/send_trajectory.launch.py
-- Installing: /home/lucas/dev_ws/install/ros2_control_hand/share/ros2_control_hand/launch/r6bot_controller.launch.py
-- Installing: /home/lucas/dev_ws/install/ros2_control_hand/share/ros2_control_hand/config
-- Installing: /home/lucas/dev_ws/install/ros2_control_hand/share/ros2_control_hand/config/r6bot_controller.yaml
-- Installing: /home/lucas/dev_ws/install/ros2_control_hand/lib/ros2_control_hand/send_trajectory
-- Set runtime path of "/home/lucas/dev_ws/install/ros2_control_hand/lib/ros2_control_hand/send_trajectory" to ""
-- Installing: /home/lucas/dev_ws/install/ros2_control_hand/lib/libros2_control_hand.so
-- Set runtime path of "/home/lucas/dev_ws/install/ros2_control_hand/lib/libros2_control_hand.so" to ""
-- Up-to-date: /home/lucas/dev_ws/install/ros2_control_hand/share/ros2_control_hand/environment/library_path.sh
-- Installing: /home/lucas/dev_ws/install/ros2_control_hand/share/ros2_control_hand/environment/library_path.dsv
-- Up-to-date: /home/lucas/dev_ws/install/ros2_control_hand/share/ament_index/resource_index/package_run_dependencies/ros2_control_hand
-- Installing: /home/lucas/dev_ws/install/ros2_control_hand/share/ament_index/resource_index/parent_prefix_path/ros2_control_hand
-- Up-to-date: /home/lucas/dev_ws/install/ros2_control_hand/share/ros2_control_hand/environment/ament_prefix_path.sh
-- Installing: /home/lucas/dev_ws/install/ros2_control_hand/share/ros2_control_hand/environment/ament_prefix_path.dsv
-- Up-to-date: /home/lucas/dev_ws/install/ros2_control_hand/share/ros2_control_hand/environment/path.sh
-- Installing: /home/lucas/dev_ws/install/ros2_control_hand/share/ros2_control_hand/environment/path.dsv
-- Up-to-date: /home/lucas/dev_ws/install/ros2_control_hand/share/ros2_control_hand/local_setup.bash
-- Up-to-date: /home/lucas/dev_ws/install/ros2_control_hand/share/ros2_control_hand/local_setup.sh
-- Up-to-date: /home/lucas/dev_ws/install/ros2_control_hand/share/ros2_control_hand/local_setup.zsh
-- Installing: /home/lucas/dev_ws/install/ros2_control_hand/share/ros2_control_hand/local_setup.dsv
-- Installing: /home/lucas/dev_ws/install/ros2_control_hand/share/ros2_control_hand/package.dsv
-- Up-to-date: /home/lucas/dev_ws/install/ros2_control_hand/share/ament_index/resource_index/packages/ros2_control_hand
-- Installing: /home/lucas/dev_ws/install/ros2_control_hand/share/ament_index/resource_index/hardware_interface__pluginlib__plugin/ros2_control_hand
-- Installing: /home/lucas/dev_ws/install/ros2_control_hand/share/ament_index/resource_index/controller_interface__pluginlib__plugin/ros2_control_hand
-- Installing: /home/lucas/dev_ws/install/ros2_control_hand/share/ros2_control_hand/cmake/export_ros2_control_handExport.cmake
-- Installing: /home/lucas/dev_ws/install/ros2_control_hand/share/ros2_control_hand/cmake/export_ros2_control_handExport-noconfig.cmake
-- Installing: /home/lucas/dev_ws/install/ros2_control_hand/share/ros2_control_hand/cmake/ament_cmake_export_targets-extras.cmake
-- Up-to-date: /home/lucas/dev_ws/install/ros2_control_hand/share/ros2_control_hand/cmake/ament_cmake_export_dependencies-extras.cmake
-- Up-to-date: /home/lucas/dev_ws/install/ros2_control_hand/share/ros2_control_hand/cmake/ros2_control_handConfig.cmake
-- Up-to-date: /home/lucas/dev_ws/install/ros2_control_hand/share/ros2_control_hand/cmake/ros2_control_handConfig-version.cmake
-- Up-to-date: /home/lucas/dev_ws/install/ros2_control_hand/share/ros2_control_hand/package.xml
