[0.055s] Invoking command in '/home/lucas/dev_ws/build/ros2_control_hand': CMAKE_PREFIX_PATH=${CMAKE_PREFIX_PATH}:/opt/ros/humble /usr/bin/cmake --build /home/lucas/dev_ws/build/ros2_control_hand -- -j8 -l8
[0.074s] -- Found ament_cmake: 1.3.5 (/opt/ros/humble/share/ament_cmake/cmake)
[0.162s] -- Found pluginlib: 5.1.0 (/opt/ros/humble/share/pluginlib/cmake)
[0.179s] -- Found hardware_interface: 2.35.0 (/opt/ros/humble/share/hardware_interface/cmake)
[0.189s] -- Found rosidl_generator_c: 3.1.5 (/opt/ros/humble/share/rosidl_generator_c/cmake)
[0.191s] -- Found rosidl_adapter: 3.1.5 (/opt/ros/humble/share/rosidl_adapter/cmake)
[0.194s] -- Found rosidl_generator_cpp: 3.1.5 (/opt/ros/humble/share/rosidl_generator_cpp/cmake)
[0.201s] -- Using all available rosidl_typesupport_c: rosidl_typesupport_fastrtps_c;rosidl_typesupport_introspection_c
[0.209s] -- Using all available rosidl_typesupport_cpp: rosidl_typesupport_fastrtps_cpp;rosidl_typesupport_introspection_cpp
[0.574s] -- Found rmw_implementation_cmake: 6.1.1 (/opt/ros/humble/share/rmw_implementation_cmake/cmake)
[0.575s] -- Found rmw_fastrtps_cpp: 6.2.4 (/opt/ros/humble/share/rmw_fastrtps_cpp/cmake)
[0.656s] -- Using RMW implementation 'rmw_fastrtps_cpp' as default
[0.748s] -- Found kdl_parser: 2.6.4 (/opt/ros/humble/share/kdl_parser/cmake)
[0.749s] -- Found eigen3_cmake_module: 0.1.1 (/opt/ros/humble/share/eigen3_cmake_module/cmake)
[0.750s] -- Ensuring Eigen3 include directory is part of orocos-kdl CMake target
[0.752s] -- Found controller_interface: 2.35.0 (/opt/ros/humble/share/controller_interface/cmake)
[0.807s] -- Found realtime_tools: 2.5.0 (/opt/ros/humble/share/realtime_tools/cmake)
[0.970s] -- Found ament_cmake_gtest: 1.3.5 (/opt/ros/humble/share/ament_cmake_gtest/cmake)
[1.010s] -- Configuring done
[1.026s] -- Generating done
[1.028s] -- Build files have been written to: /home/lucas/dev_ws/build/ros2_control_hand
[1.049s] [35m[1mConsolidate compiler generated dependencies of target send_trajectory[0m
[1.057s] [ 40%] [32mBuilding CXX object CMakeFiles/ros2_control_hand.dir/controller/r6bot_controller.cpp.o[0m
[1.057s] [ 40%] [32mBuilding CXX object CMakeFiles/ros2_control_hand.dir/hardware/r6bot_hardware.cpp.o[0m
[1.063s] [ 80%] Built target send_trajectory
[6.596s] [100%] [32m[1mLinking CXX shared library libros2_control_hand.so[0m
[6.968s] [100%] Built target ros2_control_hand
[6.976s] Invoked command in '/home/lucas/dev_ws/build/ros2_control_hand' returned '0': CMAKE_PREFIX_PATH=${CMAKE_PREFIX_PATH}:/opt/ros/humble /usr/bin/cmake --build /home/lucas/dev_ws/build/ros2_control_hand -- -j8 -l8
[7.009s] Invoking command in '/home/lucas/dev_ws/build/ros2_control_hand': CMAKE_PREFIX_PATH=${CMAKE_PREFIX_PATH}:/opt/ros/humble /usr/bin/cmake --install /home/lucas/dev_ws/build/ros2_control_hand
[7.015s] -- Install configuration: ""
[7.015s] -- Installing: /home/lucas/dev_ws/install/ros2_control_hand/share/ros2_control_hand/ros2_control_hand.xml
[7.015s] -- Up-to-date: /home/lucas/dev_ws/install/ros2_control_hand/share/ros2_control_hand/ros2_control_hand.xml
[7.015s] -- Installing: /home/lucas/dev_ws/install/ros2_control_hand/include/ros2_control_hand
[7.015s] -- Installing: /home/lucas/dev_ws/install/ros2_control_hand/include/ros2_control_hand/ros2_control_demo_example_7
[7.015s] -- Installing: /home/lucas/dev_ws/install/ros2_control_hand/include/ros2_control_hand/ros2_control_demo_example_7/r6bot_hardware.hpp
[7.015s] -- Installing: /home/lucas/dev_ws/install/ros2_control_hand/share/ros2_control_hand/launch
[7.016s] -- Installing: /home/lucas/dev_ws/install/ros2_control_hand/share/ros2_control_hand/launch/view_r6bot.launch.py
[7.016s] -- Installing: /home/lucas/dev_ws/install/ros2_control_hand/share/ros2_control_hand/ros2_control
[7.016s] -- Installing: /home/lucas/dev_ws/install/ros2_control_hand/share/ros2_control_hand/ros2_control/r6bot.ros2_control.xacro
[7.016s] -- Installing: /home/lucas/dev_ws/install/ros2_control_hand/share/ros2_control_hand/urdf
[7.016s] -- Installing: /home/lucas/dev_ws/install/ros2_control_hand/share/ros2_control_hand/urdf/r6bot.urdf.xacro
[7.016s] -- Up-to-date: /home/lucas/dev_ws/install/ros2_control_hand/share/ros2_control_hand/launch
[7.016s] -- Installing: /home/lucas/dev_ws/install/ros2_control_hand/share/ros2_control_hand/launch/send_trajectory.launch.py
[7.016s] -- Installing: /home/lucas/dev_ws/install/ros2_control_hand/share/ros2_control_hand/launch/r6bot_controller.launch.py
[7.016s] -- Installing: /home/lucas/dev_ws/install/ros2_control_hand/share/ros2_control_hand/config
[7.016s] -- Installing: /home/lucas/dev_ws/install/ros2_control_hand/share/ros2_control_hand/config/r6bot_controller.yaml
[7.016s] -- Installing: /home/lucas/dev_ws/install/ros2_control_hand/lib/ros2_control_hand/send_trajectory
[7.017s] -- Set runtime path of "/home/lucas/dev_ws/install/ros2_control_hand/lib/ros2_control_hand/send_trajectory" to ""
[7.017s] -- Installing: /home/lucas/dev_ws/install/ros2_control_hand/lib/libros2_control_hand.so
[7.022s] -- Set runtime path of "/home/lucas/dev_ws/install/ros2_control_hand/lib/libros2_control_hand.so" to ""
[7.022s] -- Up-to-date: /home/lucas/dev_ws/install/ros2_control_hand/share/ros2_control_hand/environment/library_path.sh
[7.022s] -- Installing: /home/lucas/dev_ws/install/ros2_control_hand/share/ros2_control_hand/environment/library_path.dsv
[7.022s] -- Up-to-date: /home/lucas/dev_ws/install/ros2_control_hand/share/ament_index/resource_index/package_run_dependencies/ros2_control_hand
[7.022s] -- Installing: /home/lucas/dev_ws/install/ros2_control_hand/share/ament_index/resource_index/parent_prefix_path/ros2_control_hand
[7.022s] -- Up-to-date: /home/lucas/dev_ws/install/ros2_control_hand/share/ros2_control_hand/environment/ament_prefix_path.sh
[7.022s] -- Installing: /home/lucas/dev_ws/install/ros2_control_hand/share/ros2_control_hand/environment/ament_prefix_path.dsv
[7.022s] -- Up-to-date: /home/lucas/dev_ws/install/ros2_control_hand/share/ros2_control_hand/environment/path.sh
[7.023s] -- Installing: /home/lucas/dev_ws/install/ros2_control_hand/share/ros2_control_hand/environment/path.dsv
[7.023s] -- Up-to-date: /home/lucas/dev_ws/install/ros2_control_hand/share/ros2_control_hand/local_setup.bash
[7.023s] -- Up-to-date: /home/lucas/dev_ws/install/ros2_control_hand/share/ros2_control_hand/local_setup.sh
[7.023s] -- Up-to-date: /home/lucas/dev_ws/install/ros2_control_hand/share/ros2_control_hand/local_setup.zsh
[7.023s] -- Installing: /home/lucas/dev_ws/install/ros2_control_hand/share/ros2_control_hand/local_setup.dsv
[7.023s] -- Installing: /home/lucas/dev_ws/install/ros2_control_hand/share/ros2_control_hand/package.dsv
[7.023s] -- Up-to-date: /home/lucas/dev_ws/install/ros2_control_hand/share/ament_index/resource_index/packages/ros2_control_hand
[7.023s] -- Installing: /home/lucas/dev_ws/install/ros2_control_hand/share/ament_index/resource_index/hardware_interface__pluginlib__plugin/ros2_control_hand
[7.023s] -- Installing: /home/lucas/dev_ws/install/ros2_control_hand/share/ament_index/resource_index/controller_interface__pluginlib__plugin/ros2_control_hand
[7.023s] -- Installing: /home/lucas/dev_ws/install/ros2_control_hand/share/ros2_control_hand/cmake/export_ros2_control_handExport.cmake
[7.023s] -- Installing: /home/lucas/dev_ws/install/ros2_control_hand/share/ros2_control_hand/cmake/export_ros2_control_handExport-noconfig.cmake
[7.023s] -- Installing: /home/lucas/dev_ws/install/ros2_control_hand/share/ros2_control_hand/cmake/ament_cmake_export_targets-extras.cmake
[7.023s] -- Up-to-date: /home/lucas/dev_ws/install/ros2_control_hand/share/ros2_control_hand/cmake/ament_cmake_export_dependencies-extras.cmake
[7.023s] -- Up-to-date: /home/lucas/dev_ws/install/ros2_control_hand/share/ros2_control_hand/cmake/ros2_control_handConfig.cmake
[7.023s] -- Up-to-date: /home/lucas/dev_ws/install/ros2_control_hand/share/ros2_control_hand/cmake/ros2_control_handConfig-version.cmake
[7.023s] -- Up-to-date: /home/lucas/dev_ws/install/ros2_control_hand/share/ros2_control_hand/package.xml
[7.025s] Invoked command in '/home/lucas/dev_ws/build/ros2_control_hand' returned '0': CMAKE_PREFIX_PATH=${CMAKE_PREFIX_PATH}:/opt/ros/humble /usr/bin/cmake --install /home/lucas/dev_ws/build/ros2_control_hand
