[0.103s] Invoking command in '/home/lucas/dev_ws/build/ros2_control_demo_description': CMAKE_PREFIX_PATH=${CMAKE_PREFIX_PATH}:/opt/ros/humble /usr/bin/cmake --build /home/lucas/dev_ws/build/ros2_control_demo_description -- -j8 -l8
[0.156s] Invoked command in '/home/lucas/dev_ws/build/ros2_control_demo_description' returned '0': CMAKE_PREFIX_PATH=${CMAKE_PREFIX_PATH}:/opt/ros/humble /usr/bin/cmake --build /home/lucas/dev_ws/build/ros2_control_demo_description -- -j8 -l8
[0.180s] Invoking command in '/home/lucas/dev_ws/build/ros2_control_demo_description': CMAKE_PREFIX_PATH=${CMAKE_PREFIX_PATH}:/opt/ros/humble /usr/bin/cmake --install /home/lucas/dev_ws/build/ros2_control_demo_description
[0.187s] -- Install configuration: ""
[0.188s] -- Up-to-date: /home/lucas/dev_ws/install/ros2_control_demo_description/share/ros2_control_demo_description/rrbot/urdf
[0.188s] -- Installing: /home/lucas/dev_ws/install/ros2_control_demo_description/share/ros2_control_demo_description/rrbot/urdf/rrbot_description.urdf.xacro
[0.188s] -- Up-to-date: /home/lucas/dev_ws/install/ros2_control_demo_description/share/ros2_control_demo_description/rrbot/urdf/rrbot.materials.xacro
[0.188s] -- Up-to-date: /home/lucas/dev_ws/install/ros2_control_demo_description/share/ros2_control_demo_description/rrbot/rviz
[0.188s] -- Up-to-date: /home/lucas/dev_ws/install/ros2_control_demo_description/share/ros2_control_demo_description/rrbot/rviz/rrbot.rviz
[0.188s] -- Up-to-date: /home/lucas/dev_ws/install/ros2_control_demo_description/share/ament_index/resource_index/package_run_dependencies/ros2_control_demo_description
[0.189s] -- Up-to-date: /home/lucas/dev_ws/install/ros2_control_demo_description/share/ament_index/resource_index/parent_prefix_path/ros2_control_demo_description
[0.189s] -- Up-to-date: /home/lucas/dev_ws/install/ros2_control_demo_description/share/ros2_control_demo_description/environment/ament_prefix_path.sh
[0.189s] -- Up-to-date: /home/lucas/dev_ws/install/ros2_control_demo_description/share/ros2_control_demo_description/environment/ament_prefix_path.dsv
[0.189s] -- Up-to-date: /home/lucas/dev_ws/install/ros2_control_demo_description/share/ros2_control_demo_description/environment/path.sh
[0.189s] -- Up-to-date: /home/lucas/dev_ws/install/ros2_control_demo_description/share/ros2_control_demo_description/environment/path.dsv
[0.189s] -- Up-to-date: /home/lucas/dev_ws/install/ros2_control_demo_description/share/ros2_control_demo_description/local_setup.bash
[0.189s] -- Up-to-date: /home/lucas/dev_ws/install/ros2_control_demo_description/share/ros2_control_demo_description/local_setup.sh
[0.189s] -- Up-to-date: /home/lucas/dev_ws/install/ros2_control_demo_description/share/ros2_control_demo_description/local_setup.zsh
[0.189s] -- Up-to-date: /home/lucas/dev_ws/install/ros2_control_demo_description/share/ros2_control_demo_description/local_setup.dsv
[0.189s] -- Installing: /home/lucas/dev_ws/install/ros2_control_demo_description/share/ros2_control_demo_description/package.dsv
[0.189s] -- Up-to-date: /home/lucas/dev_ws/install/ros2_control_demo_description/share/ament_index/resource_index/packages/ros2_control_demo_description
[0.189s] -- Up-to-date: /home/lucas/dev_ws/install/ros2_control_demo_description/share/ros2_control_demo_description/cmake/ros2_control_demo_descriptionConfig.cmake
[0.189s] -- Up-to-date: /home/lucas/dev_ws/install/ros2_control_demo_description/share/ros2_control_demo_description/cmake/ros2_control_demo_descriptionConfig-version.cmake
[0.189s] -- Up-to-date: /home/lucas/dev_ws/install/ros2_control_demo_description/share/ros2_control_demo_description/package.xml
[0.191s] Invoked command in '/home/lucas/dev_ws/build/ros2_control_demo_description' returned '0': CMAKE_PREFIX_PATH=${CMAKE_PREFIX_PATH}:/opt/ros/humble /usr/bin/cmake --install /home/lucas/dev_ws/build/ros2_control_demo_description
