[0.738s] Invoking command in '/home/lucas/dev_ws/src/dexhand_description': PYTHONPATH=/home/lucas/dev_ws/build/dexhand_description/prefix_override:/home/lucas/dev_ws/install/dexhand_description/lib/python3.10/site-packages:${PYTHONPATH} /usr/bin/python3 setup.py egg_info --egg-base ../../build/dexhand_description build --build-base /home/lucas/dev_ws/build/dexhand_description/build install --record /home/lucas/dev_ws/build/dexhand_description/install.log --single-version-externally-managed
[0.905s] running egg_info
[0.905s] writing ../../build/dexhand_description/dexhand_description.egg-info/PKG-INFO
[0.905s] writing dependency_links to ../../build/dexhand_description/dexhand_description.egg-info/dependency_links.txt
[0.905s] writing entry points to ../../build/dexhand_description/dexhand_description.egg-info/entry_points.txt
[0.906s] writing requirements to ../../build/dexhand_description/dexhand_description.egg-info/requires.txt
[0.906s] writing top-level names to ../../build/dexhand_description/dexhand_description.egg-info/top_level.txt
[0.908s] reading manifest file '../../build/dexhand_description/dexhand_description.egg-info/SOURCES.txt'
[0.909s] adding license file 'LICENSE'
[0.909s] writing manifest file '../../build/dexhand_description/dexhand_description.egg-info/SOURCES.txt'
[0.910s] running build
[0.910s] running build_py
[0.910s] running install
[0.911s] /usr/lib/python3/dist-packages/setuptools/command/install.py:34: SetuptoolsDeprecationWarning: setup.py install is deprecated. Use build and pip and other standards-based tools.
[0.911s]   warnings.warn(
[0.911s] running install_lib
[0.912s] running install_data
[0.913s] copying urdf/ros2_control_hand.xacro -> /home/lucas/dev_ws/install/dexhand_description/share/dexhand_description/urdf
[0.914s] running install_egg_info
[0.915s] removing '/home/lucas/dev_ws/install/dexhand_description/lib/python3.10/site-packages/dexhand_description-0.0.1-py3.10.egg-info' (and everything under it)
[0.915s] Copying ../../build/dexhand_description/dexhand_description.egg-info to /home/lucas/dev_ws/install/dexhand_description/lib/python3.10/site-packages/dexhand_description-0.0.1-py3.10.egg-info
[0.916s] running install_scripts
[0.931s] writing list of installed files to '/home/lucas/dev_ws/build/dexhand_description/install.log'
[0.949s] Invoked command in '/home/lucas/dev_ws/src/dexhand_description' returned '0': PYTHONPATH=/home/lucas/dev_ws/build/dexhand_description/prefix_override:/home/lucas/dev_ws/install/dexhand_description/lib/python3.10/site-packages:${PYTHONPATH} /usr/bin/python3 setup.py egg_info --egg-base ../../build/dexhand_description build --build-base /home/lucas/dev_ws/build/dexhand_description/build install --record /home/lucas/dev_ws/build/dexhand_description/install.log --single-version-externally-managed
