[0.044s] Invoking command in '/home/lucas/dev_ws/build/ros2_control_hand': CMAKE_PREFIX_PATH=${CMAKE_PREFIX_PATH}:/opt/ros/humble /usr/bin/cmake --build /home/lucas/dev_ws/build/ros2_control_hand -- -j8 -l8
[0.081s] [100%] Built target ros2_control_hand
[0.089s] Invoked command in '/home/lucas/dev_ws/build/ros2_control_hand' returned '0': CMAKE_PREFIX_PATH=${CMAKE_PREFIX_PATH}:/opt/ros/humble /usr/bin/cmake --build /home/lucas/dev_ws/build/ros2_control_hand -- -j8 -l8
[0.112s] Invoking command in '/home/lucas/dev_ws/build/ros2_control_hand': CMAKE_PREFIX_PATH=${CMAKE_PREFIX_PATH}:/opt/ros/humble /usr/bin/cmake --install /home/lucas/dev_ws/build/ros2_control_hand
[0.118s] -- Install configuration: ""
[0.118s] -- Execute custom install script
[0.118s] -- Up-to-date symlink: /home/lucas/dev_ws/install/ros2_control_hand/share/ros2_control_hand//ros2_control_hand.xml
[0.118s] -- Up-to-date symlink: /home/lucas/dev_ws/install/ros2_control_hand/include/ros2_control_hand/ros2_control_hand/rrbot.hpp
[0.118s] -- Up-to-date symlink: /home/lucas/dev_ws/install/ros2_control_hand/include/ros2_control_hand/ros2_control_hand/visibility_control.h
[0.118s] -- Up-to-date symlink: /home/lucas/dev_ws/install/ros2_control_hand/share/ros2_control_hand/launch/view_robot.launch.py
[0.119s] -- Up-to-date symlink: /home/lucas/dev_ws/install/ros2_control_hand/share/ros2_control_hand/ros2_control/rrbot.ros2_control.xacro
[0.119s] -- Up-to-date symlink: /home/lucas/dev_ws/install/ros2_control_hand/share/ros2_control_hand/urdf/rrbot.urdf.xacro
[0.119s] -- Up-to-date symlink: /home/lucas/dev_ws/install/ros2_control_hand/share/ros2_control_hand/launch/rrbot.launch.py
[0.119s] -- Up-to-date symlink: /home/lucas/dev_ws/install/ros2_control_hand/share/ros2_control_hand/launch/test_forward_position_controller.launch.py
[0.119s] -- Up-to-date symlink: /home/lucas/dev_ws/install/ros2_control_hand/share/ros2_control_hand/launch/test_joint_trajectory_controller.launch.py
[0.119s] -- Up-to-date symlink: /home/lucas/dev_ws/install/ros2_control_hand/share/ros2_control_hand/config/rrbot_controllers.yaml
[0.119s] -- Up-to-date symlink: /home/lucas/dev_ws/install/ros2_control_hand/share/ros2_control_hand/config/rrbot_forward_position_publisher.yaml
[0.119s] -- Up-to-date symlink: /home/lucas/dev_ws/install/ros2_control_hand/share/ros2_control_hand/config/rrbot_joint_trajectory_publisher.yaml
[0.120s] -- Up-to-date symlink: /home/lucas/dev_ws/install/ros2_control_hand/share/ros2_control_hand/environment/library_path.sh
[0.120s] -- Up-to-date symlink: /home/lucas/dev_ws/install/ros2_control_hand/share/ros2_control_hand/environment/library_path.dsv
[0.120s] -- Up-to-date symlink: /home/lucas/dev_ws/install/ros2_control_hand/share/ament_index/resource_index/package_run_dependencies/ros2_control_hand
[0.120s] -- Up-to-date symlink: /home/lucas/dev_ws/install/ros2_control_hand/share/ament_index/resource_index/parent_prefix_path/ros2_control_hand
[0.120s] -- Up-to-date symlink: /home/lucas/dev_ws/install/ros2_control_hand/share/ros2_control_hand/environment/ament_prefix_path.sh
[0.120s] -- Up-to-date symlink: /home/lucas/dev_ws/install/ros2_control_hand/share/ros2_control_hand/environment/ament_prefix_path.dsv
[0.120s] -- Up-to-date symlink: /home/lucas/dev_ws/install/ros2_control_hand/share/ros2_control_hand/environment/path.sh
[0.120s] -- Up-to-date symlink: /home/lucas/dev_ws/install/ros2_control_hand/share/ros2_control_hand/environment/path.dsv
[0.120s] -- Up-to-date symlink: /home/lucas/dev_ws/install/ros2_control_hand/share/ros2_control_hand/local_setup.bash
[0.121s] -- Up-to-date symlink: /home/lucas/dev_ws/install/ros2_control_hand/share/ros2_control_hand/local_setup.sh
[0.121s] -- Up-to-date symlink: /home/lucas/dev_ws/install/ros2_control_hand/share/ros2_control_hand/local_setup.zsh
[0.121s] -- Up-to-date symlink: /home/lucas/dev_ws/install/ros2_control_hand/share/ros2_control_hand/local_setup.dsv
[0.121s] -- Symlinking: /home/lucas/dev_ws/install/ros2_control_hand/share/ros2_control_hand/package.dsv
[0.128s] -- Up-to-date symlink: /home/lucas/dev_ws/install/ros2_control_hand/share/ament_index/resource_index/packages/ros2_control_hand
[0.128s] -- Up-to-date symlink: /home/lucas/dev_ws/install/ros2_control_hand/share/ament_index/resource_index/hardware_interface__pluginlib__plugin/ros2_control_hand
[0.128s] -- Up-to-date symlink: /home/lucas/dev_ws/install/ros2_control_hand/share/ros2_control_hand/cmake/ament_cmake_export_targets-extras.cmake
[0.128s] -- Up-to-date symlink: /home/lucas/dev_ws/install/ros2_control_hand/share/ros2_control_hand/cmake/ament_cmake_export_dependencies-extras.cmake
[0.128s] -- Up-to-date symlink: /home/lucas/dev_ws/install/ros2_control_hand/share/ros2_control_hand/cmake/ros2_control_handConfig.cmake
[0.128s] -- Up-to-date symlink: /home/lucas/dev_ws/install/ros2_control_hand/share/ros2_control_hand/cmake/ros2_control_handConfig-version.cmake
[0.128s] -- Up-to-date symlink: /home/lucas/dev_ws/install/ros2_control_hand/share/ros2_control_hand/package.xml
[0.129s] -- Up-to-date: /home/lucas/dev_ws/install/ros2_control_hand/lib/libros2_control_hand.so
[0.129s] -- Up-to-date: /home/lucas/dev_ws/install/ros2_control_hand/share/ros2_control_hand/cmake/export_ros2_control_handExport.cmake
[0.129s] -- Up-to-date: /home/lucas/dev_ws/install/ros2_control_hand/share/ros2_control_hand/cmake/export_ros2_control_handExport-noconfig.cmake
[0.130s] Invoked command in '/home/lucas/dev_ws/build/ros2_control_hand' returned '0': CMAKE_PREFIX_PATH=${CMAKE_PREFIX_PATH}:/opt/ros/humble /usr/bin/cmake --install /home/lucas/dev_ws/build/ros2_control_hand
