[0.054s] Invoking command in '/home/lucas/dev_ws/build/ros2_control_demo_description': CMAKE_PREFIX_PATH=${CMAKE_PREFIX_PATH}:/opt/ros/humble /usr/bin/cmake /home/lucas/dev_ws/src/ros2_control_demo_description -DCMAKE_INSTALL_PREFIX=/home/lucas/dev_ws/install/ros2_control_demo_description
[0.138s] -- The C compiler identification is GNU 11.4.0
[0.183s] -- The CXX compiler identification is GNU 11.4.0
[0.193s] -- Detecting C compiler ABI info
[0.250s] -- Detecting C compiler ABI info - done
[0.258s] -- Check for working C compiler: /usr/bin/cc - skipped
[0.259s] -- Detecting C compile features
[0.259s] -- Detecting C compile features - done
[0.262s] -- Detecting CXX compiler ABI info
[0.321s] -- Detecting CXX compiler ABI info - done
[0.327s] -- Check for working CXX compiler: /usr/bin/c++ - skipped
[0.327s] -- Detecting CXX compile features
[0.328s] -- Detecting CXX compile features - done
[0.332s] -- Found ament_cmake: 1.3.5 (/opt/ros/humble/share/ament_cmake/cmake)
[0.474s] -- Found Python3: /usr/bin/python3.10 (found version "3.10.12") found components: Interpreter 
[0.612s] -- Configuring done
[0.614s] -- Generating done
[0.615s] -- Build files have been written to: /home/lucas/dev_ws/build/ros2_control_demo_description
[0.618s] Invoked command in '/home/lucas/dev_ws/build/ros2_control_demo_description' returned '0': CMAKE_PREFIX_PATH=${CMAKE_PREFIX_PATH}:/opt/ros/humble /usr/bin/cmake /home/lucas/dev_ws/src/ros2_control_demo_description -DCMAKE_INSTALL_PREFIX=/home/lucas/dev_ws/install/ros2_control_demo_description
[0.620s] Invoking command in '/home/lucas/dev_ws/build/ros2_control_demo_description': CMAKE_PREFIX_PATH=${CMAKE_PREFIX_PATH}:/opt/ros/humble /usr/bin/cmake --build /home/lucas/dev_ws/build/ros2_control_demo_description -- -j8 -l8
[0.648s] Invoked command in '/home/lucas/dev_ws/build/ros2_control_demo_description' returned '0': CMAKE_PREFIX_PATH=${CMAKE_PREFIX_PATH}:/opt/ros/humble /usr/bin/cmake --build /home/lucas/dev_ws/build/ros2_control_demo_description -- -j8 -l8
[0.671s] Invoking command in '/home/lucas/dev_ws/build/ros2_control_demo_description': CMAKE_PREFIX_PATH=${CMAKE_PREFIX_PATH}:/opt/ros/humble /usr/bin/cmake --install /home/lucas/dev_ws/build/ros2_control_demo_description
[0.676s] -- Install configuration: ""
[0.676s] -- Installing: /home/lucas/dev_ws/install/ros2_control_demo_description/share/ros2_control_demo_description/rrbot/urdf
[0.676s] -- Installing: /home/lucas/dev_ws/install/ros2_control_demo_description/share/ros2_control_demo_description/rrbot/urdf/rrbot_description.urdf.xacro
[0.676s] -- Installing: /home/lucas/dev_ws/install/ros2_control_demo_description/share/ros2_control_demo_description/rrbot/urdf/rrbot.materials.xacro
[0.677s] -- Installing: /home/lucas/dev_ws/install/ros2_control_demo_description/share/ros2_control_demo_description/rrbot/rviz
[0.677s] -- Installing: /home/lucas/dev_ws/install/ros2_control_demo_description/share/ros2_control_demo_description/rrbot/rviz/rrbot.rviz
[0.677s] -- Installing: /home/lucas/dev_ws/install/ros2_control_demo_description/share/ros2_control_demo_description/diffbot/urdf
[0.677s] -- Installing: /home/lucas/dev_ws/install/ros2_control_demo_description/share/ros2_control_demo_description/diffbot/urdf/diffbot.materials.xacro
[0.677s] -- Installing: /home/lucas/dev_ws/install/ros2_control_demo_description/share/ros2_control_demo_description/diffbot/urdf/diffbot_description.urdf.xacro
[0.677s] -- Installing: /home/lucas/dev_ws/install/ros2_control_demo_description/share/ros2_control_demo_description/diffbot/rviz
[0.677s] -- Installing: /home/lucas/dev_ws/install/ros2_control_demo_description/share/ros2_control_demo_description/diffbot/rviz/diffbot.rviz
[0.677s] -- Installing: /home/lucas/dev_ws/install/ros2_control_demo_description/share/ros2_control_demo_description/diffbot/rviz/diffbot_view.rviz
[0.677s] -- Installing: /home/lucas/dev_ws/install/ros2_control_demo_description/share/ros2_control_demo_description/r6bot/meshes
[0.677s] -- Installing: /home/lucas/dev_ws/install/ros2_control_demo_description/share/ros2_control_demo_description/r6bot/meshes/visual
[0.677s] -- Installing: /home/lucas/dev_ws/install/ros2_control_demo_description/share/ros2_control_demo_description/r6bot/meshes/visual/link_2.dae
[0.679s] -- Installing: /home/lucas/dev_ws/install/ros2_control_demo_description/share/ros2_control_demo_description/r6bot/meshes/visual/link_6.dae
[0.680s] -- Installing: /home/lucas/dev_ws/install/ros2_control_demo_description/share/ros2_control_demo_description/r6bot/meshes/visual/link_3.dae
[0.681s] -- Installing: /home/lucas/dev_ws/install/ros2_control_demo_description/share/ros2_control_demo_description/r6bot/meshes/visual/link_5.dae
[0.681s] -- Installing: /home/lucas/dev_ws/install/ros2_control_demo_description/share/ros2_control_demo_description/r6bot/meshes/visual/link_1.dae
[0.681s] -- Installing: /home/lucas/dev_ws/install/ros2_control_demo_description/share/ros2_control_demo_description/r6bot/meshes/visual/link_0.dae
[0.681s] -- Installing: /home/lucas/dev_ws/install/ros2_control_demo_description/share/ros2_control_demo_description/r6bot/meshes/visual/link_4.dae
[0.682s] -- Installing: /home/lucas/dev_ws/install/ros2_control_demo_description/share/ros2_control_demo_description/r6bot/meshes/collision
[0.682s] -- Installing: /home/lucas/dev_ws/install/ros2_control_demo_description/share/ros2_control_demo_description/r6bot/meshes/collision/link_1.stl
[0.682s] -- Installing: /home/lucas/dev_ws/install/ros2_control_demo_description/share/ros2_control_demo_description/r6bot/meshes/collision/link_5.stl
[0.682s] -- Installing: /home/lucas/dev_ws/install/ros2_control_demo_description/share/ros2_control_demo_description/r6bot/meshes/collision/link_4.stl
[0.682s] -- Installing: /home/lucas/dev_ws/install/ros2_control_demo_description/share/ros2_control_demo_description/r6bot/meshes/collision/link_6.stl
[0.682s] -- Installing: /home/lucas/dev_ws/install/ros2_control_demo_description/share/ros2_control_demo_description/r6bot/meshes/collision/link_0.stl
[0.683s] -- Installing: /home/lucas/dev_ws/install/ros2_control_demo_description/share/ros2_control_demo_description/r6bot/meshes/collision/link_2.stl
[0.683s] -- Installing: /home/lucas/dev_ws/install/ros2_control_demo_description/share/ros2_control_demo_description/r6bot/meshes/collision/link_3.stl
[0.684s] -- Installing: /home/lucas/dev_ws/install/ros2_control_demo_description/share/ros2_control_demo_description/r6bot/srdf
[0.684s] -- Installing: /home/lucas/dev_ws/install/ros2_control_demo_description/share/ros2_control_demo_description/r6bot/srdf/r6bot.srdf
[0.684s] -- Installing: /home/lucas/dev_ws/install/ros2_control_demo_description/share/ros2_control_demo_description/r6bot/urdf
[0.684s] -- Installing: /home/lucas/dev_ws/install/ros2_control_demo_description/share/ros2_control_demo_description/r6bot/urdf/inc
[0.684s] -- Installing: /home/lucas/dev_ws/install/ros2_control_demo_description/share/ros2_control_demo_description/r6bot/urdf/inc/create_link.xacro
[0.684s] -- Installing: /home/lucas/dev_ws/install/ros2_control_demo_description/share/ros2_control_demo_description/r6bot/urdf/r6bot_description.urdf.xacro
[0.684s] -- Installing: /home/lucas/dev_ws/install/ros2_control_demo_description/share/ros2_control_demo_description/r6bot/rviz
[0.684s] -- Installing: /home/lucas/dev_ws/install/ros2_control_demo_description/share/ros2_control_demo_description/r6bot/rviz/view_robot.rviz
[0.684s] -- Installing: /home/lucas/dev_ws/install/ros2_control_demo_description/share/ament_index/resource_index/package_run_dependencies/ros2_control_demo_description
[0.685s] -- Installing: /home/lucas/dev_ws/install/ros2_control_demo_description/share/ament_index/resource_index/parent_prefix_path/ros2_control_demo_description
[0.685s] -- Installing: /home/lucas/dev_ws/install/ros2_control_demo_description/share/ros2_control_demo_description/environment/ament_prefix_path.sh
[0.685s] -- Installing: /home/lucas/dev_ws/install/ros2_control_demo_description/share/ros2_control_demo_description/environment/ament_prefix_path.dsv
[0.685s] -- Installing: /home/lucas/dev_ws/install/ros2_control_demo_description/share/ros2_control_demo_description/environment/path.sh
[0.685s] -- Installing: /home/lucas/dev_ws/install/ros2_control_demo_description/share/ros2_control_demo_description/environment/path.dsv
[0.685s] -- Installing: /home/lucas/dev_ws/install/ros2_control_demo_description/share/ros2_control_demo_description/local_setup.bash
[0.685s] -- Installing: /home/lucas/dev_ws/install/ros2_control_demo_description/share/ros2_control_demo_description/local_setup.sh
[0.685s] -- Installing: /home/lucas/dev_ws/install/ros2_control_demo_description/share/ros2_control_demo_description/local_setup.zsh
[0.685s] -- Installing: /home/lucas/dev_ws/install/ros2_control_demo_description/share/ros2_control_demo_description/local_setup.dsv
[0.686s] -- Installing: /home/lucas/dev_ws/install/ros2_control_demo_description/share/ros2_control_demo_description/package.dsv
[0.686s] -- Installing: /home/lucas/dev_ws/install/ros2_control_demo_description/share/ament_index/resource_index/packages/ros2_control_demo_description
[0.686s] -- Installing: /home/lucas/dev_ws/install/ros2_control_demo_description/share/ros2_control_demo_description/cmake/ros2_control_demo_descriptionConfig.cmake
[0.686s] -- Installing: /home/lucas/dev_ws/install/ros2_control_demo_description/share/ros2_control_demo_description/cmake/ros2_control_demo_descriptionConfig-version.cmake
[0.686s] -- Installing: /home/lucas/dev_ws/install/ros2_control_demo_description/share/ros2_control_demo_description/package.xml
[0.687s] Invoked command in '/home/lucas/dev_ws/build/ros2_control_demo_description' returned '0': CMAKE_PREFIX_PATH=${CMAKE_PREFIX_PATH}:/opt/ros/humble /usr/bin/cmake --install /home/lucas/dev_ws/build/ros2_control_demo_description
