[0.056s] Invoking command in '/home/lucas/dev_ws/build/ros2_control_hand': CMAKE_PREFIX_PATH=${CMAKE_PREFIX_PATH}:/opt/ros/humble /usr/bin/cmake --build /home/lucas/dev_ws/build/ros2_control_hand -- -j8 -l8
[0.087s] [35m[1mConsolidate compiler generated dependencies of target send_trajectory[0m
[0.088s] [35m[1mConsolidate compiler generated dependencies of target ros2_control_demo_example_7[0m
[0.101s] [ 40%] Built target send_trajectory
[0.105s] [100%] Built target ros2_control_demo_example_7
[0.113s] Invoked command in '/home/lucas/dev_ws/build/ros2_control_hand' returned '0': CMAKE_PREFIX_PATH=${CMAKE_PREFIX_PATH}:/opt/ros/humble /usr/bin/cmake --build /home/lucas/dev_ws/build/ros2_control_hand -- -j8 -l8
[0.149s] Invoking command in '/home/lucas/dev_ws/build/ros2_control_hand': CMAKE_PREFIX_PATH=${CMAKE_PREFIX_PATH}:/opt/ros/humble /usr/bin/cmake --install /home/lucas/dev_ws/build/ros2_control_hand
[0.155s] -- Install configuration: ""
[0.155s] -- Up-to-date: /home/lucas/dev_ws/install/ros2_control_hand/share/ros2_control_hand/ros2_control_demo_example_7.xml
[0.155s] -- Up-to-date: /home/lucas/dev_ws/install/ros2_control_hand/share/ros2_control_hand/ros2_control_demo_example_7.xml
[0.155s] -- Up-to-date: /home/lucas/dev_ws/install/ros2_control_hand/include/ros2_control_demo_example_7
[0.155s] -- Up-to-date: /home/lucas/dev_ws/install/ros2_control_hand/include/ros2_control_demo_example_7/ros2_control_demo_example_7
[0.155s] -- Up-to-date: /home/lucas/dev_ws/install/ros2_control_hand/include/ros2_control_demo_example_7/ros2_control_demo_example_7/r6bot_hardware.hpp
[0.155s] -- Up-to-date: /home/lucas/dev_ws/install/ros2_control_hand/share/ros2_control_demo_example_7/launch
[0.155s] -- Up-to-date: /home/lucas/dev_ws/install/ros2_control_hand/share/ros2_control_demo_example_7/launch/view_r6bot.launch.py
[0.155s] -- Up-to-date: /home/lucas/dev_ws/install/ros2_control_hand/share/ros2_control_demo_example_7/ros2_control
[0.155s] -- Up-to-date: /home/lucas/dev_ws/install/ros2_control_hand/share/ros2_control_demo_example_7/ros2_control/r6bot.ros2_control.xacro
[0.155s] -- Up-to-date: /home/lucas/dev_ws/install/ros2_control_hand/share/ros2_control_demo_example_7/urdf
[0.155s] -- Up-to-date: /home/lucas/dev_ws/install/ros2_control_hand/share/ros2_control_demo_example_7/urdf/r6bot.urdf.xacro
[0.155s] -- Up-to-date: /home/lucas/dev_ws/install/ros2_control_hand/share/ros2_control_demo_example_7/launch
[0.155s] -- Up-to-date: /home/lucas/dev_ws/install/ros2_control_hand/share/ros2_control_demo_example_7/launch/send_trajectory.launch.py
[0.155s] -- Installing: /home/lucas/dev_ws/install/ros2_control_hand/share/ros2_control_demo_example_7/launch/r6bot_controller.launch.py
[0.155s] -- Up-to-date: /home/lucas/dev_ws/install/ros2_control_hand/share/ros2_control_demo_example_7/config
[0.155s] -- Installing: /home/lucas/dev_ws/install/ros2_control_hand/share/ros2_control_demo_example_7/config/r6bot_controller.yaml
[0.156s] -- Up-to-date: /home/lucas/dev_ws/install/ros2_control_hand/lib/ros2_control_demo_example_7/send_trajectory
[0.156s] -- Up-to-date: /home/lucas/dev_ws/install/ros2_control_hand/lib/libros2_control_demo_example_7.so
[0.156s] -- Up-to-date: /home/lucas/dev_ws/install/ros2_control_hand/share/ros2_control_hand/environment/library_path.sh
[0.156s] -- Up-to-date: /home/lucas/dev_ws/install/ros2_control_hand/share/ros2_control_hand/environment/library_path.dsv
[0.156s] -- Up-to-date: /home/lucas/dev_ws/install/ros2_control_hand/share/ament_index/resource_index/package_run_dependencies/ros2_control_hand
[0.156s] -- Up-to-date: /home/lucas/dev_ws/install/ros2_control_hand/share/ament_index/resource_index/parent_prefix_path/ros2_control_hand
[0.156s] -- Up-to-date: /home/lucas/dev_ws/install/ros2_control_hand/share/ros2_control_hand/environment/ament_prefix_path.sh
[0.156s] -- Up-to-date: /home/lucas/dev_ws/install/ros2_control_hand/share/ros2_control_hand/environment/ament_prefix_path.dsv
[0.156s] -- Up-to-date: /home/lucas/dev_ws/install/ros2_control_hand/share/ros2_control_hand/environment/path.sh
[0.156s] -- Up-to-date: /home/lucas/dev_ws/install/ros2_control_hand/share/ros2_control_hand/environment/path.dsv
[0.156s] -- Up-to-date: /home/lucas/dev_ws/install/ros2_control_hand/share/ros2_control_hand/local_setup.bash
[0.156s] -- Up-to-date: /home/lucas/dev_ws/install/ros2_control_hand/share/ros2_control_hand/local_setup.sh
[0.156s] -- Up-to-date: /home/lucas/dev_ws/install/ros2_control_hand/share/ros2_control_hand/local_setup.zsh
[0.156s] -- Up-to-date: /home/lucas/dev_ws/install/ros2_control_hand/share/ros2_control_hand/local_setup.dsv
[0.156s] -- Installing: /home/lucas/dev_ws/install/ros2_control_hand/share/ros2_control_hand/package.dsv
[0.156s] -- Up-to-date: /home/lucas/dev_ws/install/ros2_control_hand/share/ament_index/resource_index/packages/ros2_control_hand
[0.156s] -- Up-to-date: /home/lucas/dev_ws/install/ros2_control_hand/share/ament_index/resource_index/hardware_interface__pluginlib__plugin/ros2_control_hand
[0.156s] -- Up-to-date: /home/lucas/dev_ws/install/ros2_control_hand/share/ament_index/resource_index/controller_interface__pluginlib__plugin/ros2_control_hand
[0.156s] -- Up-to-date: /home/lucas/dev_ws/install/ros2_control_hand/share/ros2_control_hand/cmake/export_ros2_control_demo_example_7Export.cmake
[0.156s] -- Up-to-date: /home/lucas/dev_ws/install/ros2_control_hand/share/ros2_control_hand/cmake/export_ros2_control_demo_example_7Export-noconfig.cmake
[0.156s] -- Up-to-date: /home/lucas/dev_ws/install/ros2_control_hand/share/ros2_control_hand/cmake/ament_cmake_export_targets-extras.cmake
[0.156s] -- Up-to-date: /home/lucas/dev_ws/install/ros2_control_hand/share/ros2_control_hand/cmake/ament_cmake_export_dependencies-extras.cmake
[0.156s] -- Up-to-date: /home/lucas/dev_ws/install/ros2_control_hand/share/ros2_control_hand/cmake/ros2_control_handConfig.cmake
[0.156s] -- Up-to-date: /home/lucas/dev_ws/install/ros2_control_hand/share/ros2_control_hand/cmake/ros2_control_handConfig-version.cmake
[0.156s] -- Up-to-date: /home/lucas/dev_ws/install/ros2_control_hand/share/ros2_control_hand/package.xml
[0.157s] Invoked command in '/home/lucas/dev_ws/build/ros2_control_hand' returned '0': CMAKE_PREFIX_PATH=${CMAKE_PREFIX_PATH}:/opt/ros/humble /usr/bin/cmake --install /home/lucas/dev_ws/build/ros2_control_hand
