[35m[1mConsolidate compiler generated dependencies of target ue_connector[0m
[ 50%] [32mBuilding CXX object CMakeFiles/ue_connector.dir/src/ue_connector.cpp.o[0m
[01m[K/home/lucas/dev_ws/src/ros2_ue_linker/src/ue_connector.cpp:70:5:[m[K [01;31m[Kerror: [m[K‘[01m[Kshm_msg[m[K’ does not name a type
   70 |     [01;31m[Kshm_msg[m[K* shared_data;
      |     [01;31m[K^~~~~~~[m[K
[01m[K/home/lucas/dev_ws/src/ros2_ue_linker/src/ue_connector.cpp:71:5:[m[K [01;31m[Kerror: [m[Knon-static data member declared with placeholder ‘[01m[Kauto[m[K’
   71 |     [01;31m[Kauto[m[K shared_data;
      |     [01;31m[K^~~~[m[K
[01m[K/home/lucas/dev_ws/src/ros2_ue_linker/src/ue_connector.cpp:[m[K In member function ‘[01m[Kvoid TFSubscriber::topic_callback(sensor_msgs::msg::JointState_<std::allocator<void> >::SharedPtr) const[m[K’:
[01m[K/home/lucas/dev_ws/src/ros2_ue_linker/src/ue_connector.cpp:54:44:[m[K [01;31m[Kerror: [m[K‘[01m[Kshm_msg[m[K’ does not name a type
   54 |             shared_data = reinterpret_cast<[01;31m[Kshm_msg[m[K*>(shm_data); // Assuming shm_data points to your shared memory
      |                                            [01;31m[K^~~~~~~[m[K
[01m[K/home/lucas/dev_ws/src/ros2_ue_linker/src/ue_connector.cpp:54:51:[m[K [01;31m[Kerror: [m[Kexpected ‘[01m[K>[m[K’ before ‘[01m[K*[m[K’ token
   54 |             shared_data = reinterpret_cast<shm_msg[01;31m[K*[m[K>(shm_data); // Assuming shm_data points to your shared memory
      |                                                   [01;31m[K^[m[K
[01m[K/home/lucas/dev_ws/src/ros2_ue_linker/src/ue_connector.cpp:54:51:[m[K [01;31m[Kerror: [m[Kexpected ‘[01m[K([m[K’ before ‘[01m[K*[m[K’ token
[01m[K/home/lucas/dev_ws/src/ros2_ue_linker/src/ue_connector.cpp:54:52:[m[K [01;31m[Kerror: [m[Kexpected primary-expression before ‘[01m[K>[m[K’ token
   54 |             shared_data = reinterpret_cast<shm_msg*[01;31m[K>[m[K(shm_data); // Assuming shm_data points to your shared memory
      |                                                    [01;31m[K^[m[K
[01m[K/home/lucas/dev_ws/src/ros2_ue_linker/src/ue_connector.cpp:54:63:[m[K [01;31m[Kerror: [m[Kexpected ‘[01m[K)[m[K’ before ‘[01m[K;[m[K’ token
   54 |           shared_data = reinterpret_cast<shm_msg*>(shm_data)[01;31m[K;[m[K // Assuming shm_data points to your shared memory
      |                                                             [01;31m[K^[m[K

gmake[2]: *** [CMakeFiles/ue_connector.dir/build.make:76 : CMakeFiles/ue_connector.dir/src/ue_connector.cpp.o] Erreur 1
gmake[1]: *** [CMakeFiles/Makefile2:137 : CMakeFiles/ue_connector.dir/all] Erreur 2
gmake: *** [Makefile:146 : all] Erreur 2
