[0.106s] Invoking command in '/home/lucas/dev_ws/build/hand_urdf': /usr/bin/cmake /home/lucas/dev_ws/src/hand_urdf -DCATKIN_INSTALL_INTO_PREFIX_ROOT=0 -DCMAKE_INSTALL_PREFIX=/home/lucas/dev_ws/install/hand_urdf
[0.112s] [0mCMake Deprecation Warning at CMakeLists.txt:1 (cmake_minimum_required):
[0.112s]   Compatibility with CMake < 2.8.12 will be removed from a future version of
[0.112s]   CMake.
[0.112s] 
[0.112s]   Update the VERSION argument <min> value or use a ...<max> suffix to tell
[0.112s]   CMake that the project does not need compatibility with older versions.
[0.112s] 
[0.112s] [0m
[0.127s] [31mCMake Error at CMakeLists.txt:5 (find_package):
[0.127s]   By not providing "Findcatkin.cmake" in CMAKE_MODULE_PATH this project has
[0.127s]   asked CMake to find a package configuration file provided by "catkin", but
[0.127s]   CMake did not find one.
[0.127s] 
[0.127s]   Could not find a package configuration file provided by "catkin" with any
[0.128s]   of the following names:
[0.128s] 
[0.128s]     catkinConfig.cmake
[0.128s]     catkin-config.cmake
[0.128s] 
[0.128s]   Add the installation prefix of "catkin" to CMAKE_PREFIX_PATH or set
[0.128s]   "catkin_DIR" to a directory containing one of the above files.  If "catkin"
[0.128s]   provides a separate development package or SDK, be sure it has been
[0.128s]   installed.
[0.129s] 
[0.129s] [0m
[0.129s] -- Configuring incomplete, errors occurred!
[0.130s] See also "/home/lucas/dev_ws/build/hand_urdf/CMakeFiles/CMakeOutput.log".
[0.130s] Invoked command in '/home/lucas/dev_ws/build/hand_urdf' returned '1': /usr/bin/cmake /home/lucas/dev_ws/src/hand_urdf -DCATKIN_INSTALL_INTO_PREFIX_ROOT=0 -DCMAKE_INSTALL_PREFIX=/home/lucas/dev_ws/install/hand_urdf
