[0.061s] Invoking command in '/home/lucas/dev_ws/build/ros2_ue_linker': CMAKE_PREFIX_PATH=${CMAKE_PREFIX_PATH}:/opt/ros/humble /usr/bin/cmake --build /home/lucas/dev_ws/build/ros2_ue_linker -- -j8 -l8
[0.108s] [ 50%] [32mBuilding CXX object CMakeFiles/ue_connector.dir/src/ue_connector.cpp.o[0m
[7.565s] [100%] [32m[1mLinking CXX executable ue_connector[0m
[8.077s] [100%] Built target ue_connector
[8.092s] Invoked command in '/home/lucas/dev_ws/build/ros2_ue_linker' returned '0': CMAKE_PREFIX_PATH=${CMAKE_PREFIX_PATH}:/opt/ros/humble /usr/bin/cmake --build /home/lucas/dev_ws/build/ros2_ue_linker -- -j8 -l8
[8.122s] Invoking command in '/home/lucas/dev_ws/build/ros2_ue_linker': CMAKE_PREFIX_PATH=${CMAKE_PREFIX_PATH}:/opt/ros/humble /usr/bin/cmake --install /home/lucas/dev_ws/build/ros2_ue_linker
[8.130s] -- Install configuration: ""
[8.130s] -- Installing: /home/lucas/dev_ws/install/ros2_ue_linker/lib/ros2_ue_linker/ue_connector
[8.138s] -- Set runtime path of "/home/lucas/dev_ws/install/ros2_ue_linker/lib/ros2_ue_linker/ue_connector" to ""
[8.138s] -- Up-to-date: /home/lucas/dev_ws/install/ros2_ue_linker/share/ament_index/resource_index/package_run_dependencies/ros2_ue_linker
[8.138s] -- Up-to-date: /home/lucas/dev_ws/install/ros2_ue_linker/share/ament_index/resource_index/parent_prefix_path/ros2_ue_linker
[8.138s] -- Up-to-date: /home/lucas/dev_ws/install/ros2_ue_linker/share/ros2_ue_linker/environment/ament_prefix_path.sh
[8.138s] -- Up-to-date: /home/lucas/dev_ws/install/ros2_ue_linker/share/ros2_ue_linker/environment/ament_prefix_path.dsv
[8.138s] -- Up-to-date: /home/lucas/dev_ws/install/ros2_ue_linker/share/ros2_ue_linker/environment/path.sh
[8.139s] -- Up-to-date: /home/lucas/dev_ws/install/ros2_ue_linker/share/ros2_ue_linker/environment/path.dsv
[8.139s] -- Up-to-date: /home/lucas/dev_ws/install/ros2_ue_linker/share/ros2_ue_linker/local_setup.bash
[8.139s] -- Up-to-date: /home/lucas/dev_ws/install/ros2_ue_linker/share/ros2_ue_linker/local_setup.sh
[8.139s] -- Up-to-date: /home/lucas/dev_ws/install/ros2_ue_linker/share/ros2_ue_linker/local_setup.zsh
[8.139s] -- Up-to-date: /home/lucas/dev_ws/install/ros2_ue_linker/share/ros2_ue_linker/local_setup.dsv
[8.139s] -- Installing: /home/lucas/dev_ws/install/ros2_ue_linker/share/ros2_ue_linker/package.dsv
[8.139s] -- Up-to-date: /home/lucas/dev_ws/install/ros2_ue_linker/share/ament_index/resource_index/packages/ros2_ue_linker
[8.139s] -- Up-to-date: /home/lucas/dev_ws/install/ros2_ue_linker/share/ros2_ue_linker/cmake/ros2_ue_linkerConfig.cmake
[8.139s] -- Up-to-date: /home/lucas/dev_ws/install/ros2_ue_linker/share/ros2_ue_linker/cmake/ros2_ue_linkerConfig-version.cmake
[8.139s] -- Up-to-date: /home/lucas/dev_ws/install/ros2_ue_linker/share/ros2_ue_linker/package.xml
[8.142s] Invoked command in '/home/lucas/dev_ws/build/ros2_ue_linker' returned '0': CMAKE_PREFIX_PATH=${CMAKE_PREFIX_PATH}:/opt/ros/humble /usr/bin/cmake --install /home/lucas/dev_ws/build/ros2_ue_linker
