[0.765s] DEBUG:colcon:Command line arguments: ['/usr/bin/colcon', 'build']
[0.765s] DEBUG:colcon:Parsed command line arguments: Namespace(log_base=None, log_level=None, verb_name='build', build_base='build', install_base='install', merge_install=False, symlink_install=False, test_result_base=None, continue_on_error=False, executor='parallel', parallel_workers=8, event_handlers=None, ignore_user_meta=False, metas=['./colcon.meta'], base_paths=['.'], packages_ignore=None, packages_ignore_regex=None, paths=None, packages_up_to=None, packages_up_to_regex=None, packages_above=None, packages_above_and_dependencies=None, packages_above_depth=None, packages_select_by_dep=None, packages_skip_by_dep=None, packages_skip_up_to=None, packages_select_build_failed=False, packages_skip_build_finished=False, packages_select_test_failures=False, packages_skip_test_passed=False, packages_select=None, packages_skip=None, packages_select_regex=None, packages_skip_regex=None, packages_start=None, packages_end=None, allow_overriding=[], cmake_args=None, cmake_target=None, cmake_target_skip_unavailable=False, cmake_clean_cache=False, cmake_clean_first=False, cmake_force_configure=False, ament_cmake_args=None, catkin_cmake_args=None, catkin_skip_building_tests=False, verb_parser=<colcon_defaults.argument_parser.defaults.DefaultArgumentsDecorator object at 0x7f785809cb50>, verb_extension=<colcon_core.verb.build.BuildVerb object at 0x7f785809d1e0>, main=<bound method BuildVerb.main of <colcon_core.verb.build.BuildVerb object at 0x7f785809d1e0>>)
[0.812s] Level 1:colcon.colcon_core.package_discovery:discover_packages(colcon_meta) check parameters
[0.812s] Level 1:colcon.colcon_core.package_discovery:discover_packages(recursive) check parameters
[0.812s] Level 1:colcon.colcon_core.package_discovery:discover_packages(ignore) check parameters
[0.812s] Level 1:colcon.colcon_core.package_discovery:discover_packages(path) check parameters
[0.812s] Level 1:colcon.colcon_core.package_discovery:discover_packages(colcon_meta) discover
[0.812s] Level 1:colcon.colcon_core.package_discovery:discover_packages(recursive) discover
[0.812s] INFO:colcon.colcon_core.package_discovery:Crawling recursively for packages in '/home/lucas/dev_ws'
[0.812s] Level 1:colcon.colcon_core.package_identification:_identify(.) by extensions ['ignore', 'ignore_ament_install']
[0.812s] Level 1:colcon.colcon_core.package_identification:_identify(.) by extension 'ignore'
[0.812s] Level 1:colcon.colcon_core.package_identification:_identify(.) by extension 'ignore_ament_install'
[0.812s] Level 1:colcon.colcon_core.package_identification:_identify(.) by extensions ['colcon_pkg']
[0.812s] Level 1:colcon.colcon_core.package_identification:_identify(.) by extension 'colcon_pkg'
[0.812s] Level 1:colcon.colcon_core.package_identification:_identify(.) by extensions ['colcon_meta']
[0.812s] Level 1:colcon.colcon_core.package_identification:_identify(.) by extension 'colcon_meta'
[0.812s] Level 1:colcon.colcon_core.package_identification:_identify(.) by extensions ['ros']
[0.812s] Level 1:colcon.colcon_core.package_identification:_identify(.) by extension 'ros'
[0.823s] Level 1:colcon.colcon_core.package_identification:_identify(.) by extensions ['cmake', 'python']
[0.823s] Level 1:colcon.colcon_core.package_identification:_identify(.) by extension 'cmake'
[0.823s] Level 1:colcon.colcon_core.package_identification:_identify(.) by extension 'python'
[0.823s] Level 1:colcon.colcon_core.package_identification:_identify(.) by extensions ['python_setup_py']
[0.823s] Level 1:colcon.colcon_core.package_identification:_identify(.) by extension 'python_setup_py'
[0.823s] Level 1:colcon.colcon_core.package_identification:_identify(build) by extensions ['ignore', 'ignore_ament_install']
[0.823s] Level 1:colcon.colcon_core.package_identification:_identify(build) by extension 'ignore'
[0.823s] Level 1:colcon.colcon_core.package_identification:_identify(build) ignored
[0.823s] Level 1:colcon.colcon_core.package_identification:_identify(custom_hard) by extensions ['ignore', 'ignore_ament_install']
[0.823s] Level 1:colcon.colcon_core.package_identification:_identify(custom_hard) by extension 'ignore'
[0.823s] Level 1:colcon.colcon_core.package_identification:_identify(custom_hard) by extension 'ignore_ament_install'
[0.823s] Level 1:colcon.colcon_core.package_identification:_identify(custom_hard) by extensions ['colcon_pkg']
[0.823s] Level 1:colcon.colcon_core.package_identification:_identify(custom_hard) by extension 'colcon_pkg'
[0.823s] Level 1:colcon.colcon_core.package_identification:_identify(custom_hard) by extensions ['colcon_meta']
[0.823s] Level 1:colcon.colcon_core.package_identification:_identify(custom_hard) by extension 'colcon_meta'
[0.823s] Level 1:colcon.colcon_core.package_identification:_identify(custom_hard) by extensions ['ros']
[0.823s] Level 1:colcon.colcon_core.package_identification:_identify(custom_hard) by extension 'ros'
[0.823s] Level 1:colcon.colcon_core.package_identification:_identify(custom_hard) by extensions ['cmake', 'python']
[0.823s] Level 1:colcon.colcon_core.package_identification:_identify(custom_hard) by extension 'cmake'
[0.823s] Level 1:colcon.colcon_core.package_identification:_identify(custom_hard) by extension 'python'
[0.823s] Level 1:colcon.colcon_core.package_identification:_identify(custom_hard) by extensions ['python_setup_py']
[0.823s] Level 1:colcon.colcon_core.package_identification:_identify(custom_hard) by extension 'python_setup_py'
[0.824s] Level 1:colcon.colcon_core.package_identification:_identify(install) by extensions ['ignore', 'ignore_ament_install']
[0.824s] Level 1:colcon.colcon_core.package_identification:_identify(install) by extension 'ignore'
[0.824s] Level 1:colcon.colcon_core.package_identification:_identify(install) ignored
[0.824s] Level 1:colcon.colcon_core.package_identification:_identify(log) by extensions ['ignore', 'ignore_ament_install']
[0.824s] Level 1:colcon.colcon_core.package_identification:_identify(log) by extension 'ignore'
[0.824s] Level 1:colcon.colcon_core.package_identification:_identify(log) ignored
[0.824s] Level 1:colcon.colcon_core.package_identification:_identify(src) by extensions ['ignore', 'ignore_ament_install']
[0.824s] Level 1:colcon.colcon_core.package_identification:_identify(src) by extension 'ignore'
[0.824s] Level 1:colcon.colcon_core.package_identification:_identify(src) by extension 'ignore_ament_install'
[0.824s] Level 1:colcon.colcon_core.package_identification:_identify(src) by extensions ['colcon_pkg']
[0.824s] Level 1:colcon.colcon_core.package_identification:_identify(src) by extension 'colcon_pkg'
[0.824s] Level 1:colcon.colcon_core.package_identification:_identify(src) by extensions ['colcon_meta']
[0.824s] Level 1:colcon.colcon_core.package_identification:_identify(src) by extension 'colcon_meta'
[0.824s] Level 1:colcon.colcon_core.package_identification:_identify(src) by extensions ['ros']
[0.824s] Level 1:colcon.colcon_core.package_identification:_identify(src) by extension 'ros'
[0.824s] Level 1:colcon.colcon_core.package_identification:_identify(src) by extensions ['cmake', 'python']
[0.824s] Level 1:colcon.colcon_core.package_identification:_identify(src) by extension 'cmake'
[0.824s] Level 1:colcon.colcon_core.package_identification:_identify(src) by extension 'python'
[0.824s] Level 1:colcon.colcon_core.package_identification:_identify(src) by extensions ['python_setup_py']
[0.824s] Level 1:colcon.colcon_core.package_identification:_identify(src) by extension 'python_setup_py'
[0.824s] Level 1:colcon.colcon_core.package_identification:_identify(src/dexhand_description) by extensions ['ignore', 'ignore_ament_install']
[0.824s] Level 1:colcon.colcon_core.package_identification:_identify(src/dexhand_description) by extension 'ignore'
[0.824s] Level 1:colcon.colcon_core.package_identification:_identify(src/dexhand_description) by extension 'ignore_ament_install'
[0.824s] Level 1:colcon.colcon_core.package_identification:_identify(src/dexhand_description) by extensions ['colcon_pkg']
[0.824s] Level 1:colcon.colcon_core.package_identification:_identify(src/dexhand_description) by extension 'colcon_pkg'
[0.824s] Level 1:colcon.colcon_core.package_identification:_identify(src/dexhand_description) by extensions ['colcon_meta']
[0.824s] Level 1:colcon.colcon_core.package_identification:_identify(src/dexhand_description) by extension 'colcon_meta'
[0.824s] Level 1:colcon.colcon_core.package_identification:_identify(src/dexhand_description) by extensions ['ros']
[0.824s] Level 1:colcon.colcon_core.package_identification:_identify(src/dexhand_description) by extension 'ros'
[0.826s] DEBUG:colcon.colcon_core.package_identification:Package 'src/dexhand_description' with type 'ros.ament_python' and name 'dexhand_description'
[0.827s] Level 1:colcon.colcon_core.package_identification:_identify(src/hand_urdf) by extensions ['ignore', 'ignore_ament_install']
[0.827s] Level 1:colcon.colcon_core.package_identification:_identify(src/hand_urdf) by extension 'ignore'
[0.827s] Level 1:colcon.colcon_core.package_identification:_identify(src/hand_urdf) by extension 'ignore_ament_install'
[0.827s] Level 1:colcon.colcon_core.package_identification:_identify(src/hand_urdf) by extensions ['colcon_pkg']
[0.827s] Level 1:colcon.colcon_core.package_identification:_identify(src/hand_urdf) by extension 'colcon_pkg'
[0.827s] Level 1:colcon.colcon_core.package_identification:_identify(src/hand_urdf) by extensions ['colcon_meta']
[0.827s] Level 1:colcon.colcon_core.package_identification:_identify(src/hand_urdf) by extension 'colcon_meta'
[0.827s] Level 1:colcon.colcon_core.package_identification:_identify(src/hand_urdf) by extensions ['ros']
[0.827s] Level 1:colcon.colcon_core.package_identification:_identify(src/hand_urdf) by extension 'ros'
[0.828s] DEBUG:colcon.colcon_core.package_identification:Package 'src/hand_urdf' with type 'ros.ament_cmake' and name 'hand_urdf'
[0.828s] Level 1:colcon.colcon_core.package_identification:_identify(src/ros2_control_demo_description) by extensions ['ignore', 'ignore_ament_install']
[0.828s] Level 1:colcon.colcon_core.package_identification:_identify(src/ros2_control_demo_description) by extension 'ignore'
[0.828s] Level 1:colcon.colcon_core.package_identification:_identify(src/ros2_control_demo_description) by extension 'ignore_ament_install'
[0.828s] Level 1:colcon.colcon_core.package_identification:_identify(src/ros2_control_demo_description) by extensions ['colcon_pkg']
[0.828s] Level 1:colcon.colcon_core.package_identification:_identify(src/ros2_control_demo_description) by extension 'colcon_pkg'
[0.828s] Level 1:colcon.colcon_core.package_identification:_identify(src/ros2_control_demo_description) by extensions ['colcon_meta']
[0.828s] Level 1:colcon.colcon_core.package_identification:_identify(src/ros2_control_demo_description) by extension 'colcon_meta'
[0.828s] Level 1:colcon.colcon_core.package_identification:_identify(src/ros2_control_demo_description) by extensions ['ros']
[0.828s] Level 1:colcon.colcon_core.package_identification:_identify(src/ros2_control_demo_description) by extension 'ros'
[0.829s] DEBUG:colcon.colcon_core.package_identification:Package 'src/ros2_control_demo_description' with type 'ros.ament_cmake' and name 'ros2_control_demo_description'
[0.829s] Level 1:colcon.colcon_core.package_identification:_identify(src/ros2_control_hand) by extensions ['ignore', 'ignore_ament_install']
[0.829s] Level 1:colcon.colcon_core.package_identification:_identify(src/ros2_control_hand) by extension 'ignore'
[0.829s] Level 1:colcon.colcon_core.package_identification:_identify(src/ros2_control_hand) by extension 'ignore_ament_install'
[0.829s] Level 1:colcon.colcon_core.package_identification:_identify(src/ros2_control_hand) by extensions ['colcon_pkg']
[0.829s] Level 1:colcon.colcon_core.package_identification:_identify(src/ros2_control_hand) by extension 'colcon_pkg'
[0.829s] Level 1:colcon.colcon_core.package_identification:_identify(src/ros2_control_hand) by extensions ['colcon_meta']
[0.829s] Level 1:colcon.colcon_core.package_identification:_identify(src/ros2_control_hand) by extension 'colcon_meta'
[0.829s] Level 1:colcon.colcon_core.package_identification:_identify(src/ros2_control_hand) by extensions ['ros']
[0.829s] Level 1:colcon.colcon_core.package_identification:_identify(src/ros2_control_hand) by extension 'ros'
[0.830s] DEBUG:colcon.colcon_core.package_identification:Package 'src/ros2_control_hand' with type 'ros.ament_cmake' and name 'ros2_control_hand'
[0.830s] Level 1:colcon.colcon_core.package_identification:_identify(src/ros2_ue_linker) by extensions ['ignore', 'ignore_ament_install']
[0.830s] Level 1:colcon.colcon_core.package_identification:_identify(src/ros2_ue_linker) by extension 'ignore'
[0.830s] Level 1:colcon.colcon_core.package_identification:_identify(src/ros2_ue_linker) by extension 'ignore_ament_install'
[0.830s] Level 1:colcon.colcon_core.package_identification:_identify(src/ros2_ue_linker) by extensions ['colcon_pkg']
[0.830s] Level 1:colcon.colcon_core.package_identification:_identify(src/ros2_ue_linker) by extension 'colcon_pkg'
[0.830s] Level 1:colcon.colcon_core.package_identification:_identify(src/ros2_ue_linker) by extensions ['colcon_meta']
[0.830s] Level 1:colcon.colcon_core.package_identification:_identify(src/ros2_ue_linker) by extension 'colcon_meta'
[0.830s] Level 1:colcon.colcon_core.package_identification:_identify(src/ros2_ue_linker) by extensions ['ros']
[0.830s] Level 1:colcon.colcon_core.package_identification:_identify(src/ros2_ue_linker) by extension 'ros'
[0.831s] DEBUG:colcon.colcon_core.package_identification:Package 'src/ros2_ue_linker' with type 'ros.ament_cmake' and name 'ros2_ue_linker'
[0.831s] Level 1:colcon.colcon_core.package_discovery:discover_packages(recursive) using defaults
[0.831s] Level 1:colcon.colcon_core.package_discovery:discover_packages(ignore) discover
[0.831s] Level 1:colcon.colcon_core.package_discovery:discover_packages(ignore) using defaults
[0.831s] Level 1:colcon.colcon_core.package_discovery:discover_packages(path) discover
[0.831s] Level 1:colcon.colcon_core.package_discovery:discover_packages(path) using defaults
[0.897s] Level 1:colcon.colcon_core.package_discovery:discover_packages(prefix_path) check parameters
[0.897s] Level 1:colcon.colcon_core.package_discovery:discover_packages(prefix_path) discover
[0.917s] DEBUG:colcon.colcon_installed_package_information.package_discovery:Found 6 installed packages in /home/lucas/ros2_ws/install
[0.925s] DEBUG:colcon.colcon_installed_package_information.package_discovery:Found 325 installed packages in /opt/ros/humble
[0.926s] Level 1:colcon.colcon_core.package_discovery:discover_packages(prefix_path) using defaults
[0.995s] Level 5:colcon.colcon_core.verb:set package 'dexhand_description' build argument 'cmake_args' from command line to 'None'
[0.995s] Level 5:colcon.colcon_core.verb:set package 'dexhand_description' build argument 'cmake_target' from command line to 'None'
[0.995s] Level 5:colcon.colcon_core.verb:set package 'dexhand_description' build argument 'cmake_target_skip_unavailable' from command line to 'False'
[0.995s] Level 5:colcon.colcon_core.verb:set package 'dexhand_description' build argument 'cmake_clean_cache' from command line to 'False'
[0.995s] Level 5:colcon.colcon_core.verb:set package 'dexhand_description' build argument 'cmake_clean_first' from command line to 'False'
[0.995s] Level 5:colcon.colcon_core.verb:set package 'dexhand_description' build argument 'cmake_force_configure' from command line to 'False'
[0.995s] Level 5:colcon.colcon_core.verb:set package 'dexhand_description' build argument 'ament_cmake_args' from command line to 'None'
[0.995s] Level 5:colcon.colcon_core.verb:set package 'dexhand_description' build argument 'catkin_cmake_args' from command line to 'None'
[0.995s] Level 5:colcon.colcon_core.verb:set package 'dexhand_description' build argument 'catkin_skip_building_tests' from command line to 'False'
[0.995s] DEBUG:colcon.colcon_core.verb:Building package 'dexhand_description' with the following arguments: {'ament_cmake_args': None, 'build_base': '/home/lucas/dev_ws/build/dexhand_description', 'catkin_cmake_args': None, 'catkin_skip_building_tests': False, 'cmake_args': None, 'cmake_clean_cache': False, 'cmake_clean_first': False, 'cmake_force_configure': False, 'cmake_target': None, 'cmake_target_skip_unavailable': False, 'install_base': '/home/lucas/dev_ws/install/dexhand_description', 'merge_install': False, 'path': '/home/lucas/dev_ws/src/dexhand_description', 'symlink_install': False, 'test_result_base': None}
[1.003s] Level 5:colcon.colcon_core.verb:set package 'hand_urdf' build argument 'cmake_args' from command line to 'None'
[1.003s] Level 5:colcon.colcon_core.verb:set package 'hand_urdf' build argument 'cmake_target' from command line to 'None'
[1.003s] Level 5:colcon.colcon_core.verb:set package 'hand_urdf' build argument 'cmake_target_skip_unavailable' from command line to 'False'
[1.003s] Level 5:colcon.colcon_core.verb:set package 'hand_urdf' build argument 'cmake_clean_cache' from command line to 'False'
[1.003s] Level 5:colcon.colcon_core.verb:set package 'hand_urdf' build argument 'cmake_clean_first' from command line to 'False'
[1.003s] Level 5:colcon.colcon_core.verb:set package 'hand_urdf' build argument 'cmake_force_configure' from command line to 'False'
[1.003s] Level 5:colcon.colcon_core.verb:set package 'hand_urdf' build argument 'ament_cmake_args' from command line to 'None'
[1.003s] Level 5:colcon.colcon_core.verb:set package 'hand_urdf' build argument 'catkin_cmake_args' from command line to 'None'
[1.003s] Level 5:colcon.colcon_core.verb:set package 'hand_urdf' build argument 'catkin_skip_building_tests' from command line to 'False'
[1.003s] DEBUG:colcon.colcon_core.verb:Building package 'hand_urdf' with the following arguments: {'ament_cmake_args': None, 'build_base': '/home/lucas/dev_ws/build/hand_urdf', 'catkin_cmake_args': None, 'catkin_skip_building_tests': False, 'cmake_args': None, 'cmake_clean_cache': False, 'cmake_clean_first': False, 'cmake_force_configure': False, 'cmake_target': None, 'cmake_target_skip_unavailable': False, 'install_base': '/home/lucas/dev_ws/install/hand_urdf', 'merge_install': False, 'path': '/home/lucas/dev_ws/src/hand_urdf', 'symlink_install': False, 'test_result_base': None}
[1.012s] Level 5:colcon.colcon_core.verb:set package 'ros2_control_demo_description' build argument 'cmake_args' from command line to 'None'
[1.012s] Level 5:colcon.colcon_core.verb:set package 'ros2_control_demo_description' build argument 'cmake_target' from command line to 'None'
[1.012s] Level 5:colcon.colcon_core.verb:set package 'ros2_control_demo_description' build argument 'cmake_target_skip_unavailable' from command line to 'False'
[1.012s] Level 5:colcon.colcon_core.verb:set package 'ros2_control_demo_description' build argument 'cmake_clean_cache' from command line to 'False'
[1.012s] Level 5:colcon.colcon_core.verb:set package 'ros2_control_demo_description' build argument 'cmake_clean_first' from command line to 'False'
[1.012s] Level 5:colcon.colcon_core.verb:set package 'ros2_control_demo_description' build argument 'cmake_force_configure' from command line to 'False'
[1.012s] Level 5:colcon.colcon_core.verb:set package 'ros2_control_demo_description' build argument 'ament_cmake_args' from command line to 'None'
[1.012s] Level 5:colcon.colcon_core.verb:set package 'ros2_control_demo_description' build argument 'catkin_cmake_args' from command line to 'None'
[1.012s] Level 5:colcon.colcon_core.verb:set package 'ros2_control_demo_description' build argument 'catkin_skip_building_tests' from command line to 'False'
[1.012s] DEBUG:colcon.colcon_core.verb:Building package 'ros2_control_demo_description' with the following arguments: {'ament_cmake_args': None, 'build_base': '/home/lucas/dev_ws/build/ros2_control_demo_description', 'catkin_cmake_args': None, 'catkin_skip_building_tests': False, 'cmake_args': None, 'cmake_clean_cache': False, 'cmake_clean_first': False, 'cmake_force_configure': False, 'cmake_target': None, 'cmake_target_skip_unavailable': False, 'install_base': '/home/lucas/dev_ws/install/ros2_control_demo_description', 'merge_install': False, 'path': '/home/lucas/dev_ws/src/ros2_control_demo_description', 'symlink_install': False, 'test_result_base': None}
[1.020s] Level 5:colcon.colcon_core.verb:set package 'ros2_ue_linker' build argument 'cmake_args' from command line to 'None'
[1.020s] Level 5:colcon.colcon_core.verb:set package 'ros2_ue_linker' build argument 'cmake_target' from command line to 'None'
[1.020s] Level 5:colcon.colcon_core.verb:set package 'ros2_ue_linker' build argument 'cmake_target_skip_unavailable' from command line to 'False'
[1.020s] Level 5:colcon.colcon_core.verb:set package 'ros2_ue_linker' build argument 'cmake_clean_cache' from command line to 'False'
[1.020s] Level 5:colcon.colcon_core.verb:set package 'ros2_ue_linker' build argument 'cmake_clean_first' from command line to 'False'
[1.020s] Level 5:colcon.colcon_core.verb:set package 'ros2_ue_linker' build argument 'cmake_force_configure' from command line to 'False'
[1.020s] Level 5:colcon.colcon_core.verb:set package 'ros2_ue_linker' build argument 'ament_cmake_args' from command line to 'None'
[1.020s] Level 5:colcon.colcon_core.verb:set package 'ros2_ue_linker' build argument 'catkin_cmake_args' from command line to 'None'
[1.020s] Level 5:colcon.colcon_core.verb:set package 'ros2_ue_linker' build argument 'catkin_skip_building_tests' from command line to 'False'
[1.020s] DEBUG:colcon.colcon_core.verb:Building package 'ros2_ue_linker' with the following arguments: {'ament_cmake_args': None, 'build_base': '/home/lucas/dev_ws/build/ros2_ue_linker', 'catkin_cmake_args': None, 'catkin_skip_building_tests': False, 'cmake_args': None, 'cmake_clean_cache': False, 'cmake_clean_first': False, 'cmake_force_configure': False, 'cmake_target': None, 'cmake_target_skip_unavailable': False, 'install_base': '/home/lucas/dev_ws/install/ros2_ue_linker', 'merge_install': False, 'path': '/home/lucas/dev_ws/src/ros2_ue_linker', 'symlink_install': False, 'test_result_base': None}
[1.028s] Level 5:colcon.colcon_core.verb:set package 'ros2_control_hand' build argument 'cmake_args' from command line to 'None'
[1.028s] Level 5:colcon.colcon_core.verb:set package 'ros2_control_hand' build argument 'cmake_target' from command line to 'None'
[1.028s] Level 5:colcon.colcon_core.verb:set package 'ros2_control_hand' build argument 'cmake_target_skip_unavailable' from command line to 'False'
[1.028s] Level 5:colcon.colcon_core.verb:set package 'ros2_control_hand' build argument 'cmake_clean_cache' from command line to 'False'
[1.028s] Level 5:colcon.colcon_core.verb:set package 'ros2_control_hand' build argument 'cmake_clean_first' from command line to 'False'
[1.028s] Level 5:colcon.colcon_core.verb:set package 'ros2_control_hand' build argument 'cmake_force_configure' from command line to 'False'
[1.028s] Level 5:colcon.colcon_core.verb:set package 'ros2_control_hand' build argument 'ament_cmake_args' from command line to 'None'
[1.028s] Level 5:colcon.colcon_core.verb:set package 'ros2_control_hand' build argument 'catkin_cmake_args' from command line to 'None'
[1.028s] Level 5:colcon.colcon_core.verb:set package 'ros2_control_hand' build argument 'catkin_skip_building_tests' from command line to 'False'
[1.028s] DEBUG:colcon.colcon_core.verb:Building package 'ros2_control_hand' with the following arguments: {'ament_cmake_args': None, 'build_base': '/home/lucas/dev_ws/build/ros2_control_hand', 'catkin_cmake_args': None, 'catkin_skip_building_tests': False, 'cmake_args': None, 'cmake_clean_cache': False, 'cmake_clean_first': False, 'cmake_force_configure': False, 'cmake_target': None, 'cmake_target_skip_unavailable': False, 'install_base': '/home/lucas/dev_ws/install/ros2_control_hand', 'merge_install': False, 'path': '/home/lucas/dev_ws/src/ros2_control_hand', 'symlink_install': False, 'test_result_base': None}
[1.036s] INFO:colcon.colcon_core.executor:Executing jobs using 'parallel' executor
[1.045s] DEBUG:colcon.colcon_parallel_executor.executor.parallel:run_until_complete
[1.045s] INFO:colcon.colcon_ros.task.ament_cmake.build:Building ROS package in '/home/lucas/dev_ws/src/hand_urdf' with build type 'ament_cmake'
[1.045s] INFO:colcon.colcon_cmake.task.cmake.build:Building CMake package in '/home/lucas/dev_ws/src/hand_urdf'
[1.058s] INFO:colcon.colcon_core.plugin_system:Skipping extension 'colcon_core.shell.bat': Not used on non-Windows systems
[1.058s] INFO:colcon.colcon_core.shell:Skip shell extension 'powershell' for command environment: Not usable outside of PowerShell
[1.058s] DEBUG:colcon.colcon_core.shell:Skip shell extension 'dsv' for command environment
[1.086s] INFO:colcon.colcon_ros.task.ament_cmake.build:Building ROS package in '/home/lucas/dev_ws/src/ros2_control_demo_description' with build type 'ament_cmake'
[1.086s] INFO:colcon.colcon_cmake.task.cmake.build:Building CMake package in '/home/lucas/dev_ws/src/ros2_control_demo_description'
[1.095s] INFO:colcon.colcon_core.shell:Skip shell extension 'powershell' for command environment: Not usable outside of PowerShell
[1.095s] DEBUG:colcon.colcon_core.shell:Skip shell extension 'dsv' for command environment
[1.122s] INFO:colcon.colcon_ros.task.ament_python.build:Building ROS package in '/home/lucas/dev_ws/src/dexhand_description' with build type 'ament_python'
[1.122s] Level 1:colcon.colcon_core.shell:create_environment_hook('dexhand_description', 'ament_prefix_path')
[1.131s] INFO:colcon.colcon_core.shell:Creating environment hook '/home/lucas/dev_ws/install/dexhand_description/share/dexhand_description/hook/ament_prefix_path.ps1'
[1.132s] INFO:colcon.colcon_core.shell:Creating environment descriptor '/home/lucas/dev_ws/install/dexhand_description/share/dexhand_description/hook/ament_prefix_path.dsv'
[1.132s] INFO:colcon.colcon_core.shell:Creating environment hook '/home/lucas/dev_ws/install/dexhand_description/share/dexhand_description/hook/ament_prefix_path.sh'
[1.141s] INFO:colcon.colcon_core.shell:Skip shell extension 'powershell' for command environment: Not usable outside of PowerShell
[1.141s] DEBUG:colcon.colcon_core.shell:Skip shell extension 'dsv' for command environment
[1.168s] INFO:colcon.colcon_ros.task.ament_cmake.build:Building ROS package in '/home/lucas/dev_ws/src/ros2_ue_linker' with build type 'ament_cmake'
[1.168s] INFO:colcon.colcon_cmake.task.cmake.build:Building CMake package in '/home/lucas/dev_ws/src/ros2_ue_linker'
[1.177s] INFO:colcon.colcon_core.shell:Skip shell extension 'powershell' for command environment: Not usable outside of PowerShell
[1.177s] DEBUG:colcon.colcon_core.shell:Skip shell extension 'dsv' for command environment
[1.207s] DEBUG:colcon.colcon_core.event_handler.log_command:Invoking command in '/home/lucas/dev_ws/build/hand_urdf': CMAKE_PREFIX_PATH=${CMAKE_PREFIX_PATH}:/opt/ros/humble /usr/bin/cmake --build /home/lucas/dev_ws/build/hand_urdf -- -j8 -l8
[1.212s] DEBUG:colcon.colcon_core.event_handler.log_command:Invoking command in '/home/lucas/dev_ws/build/ros2_control_demo_description': CMAKE_PREFIX_PATH=${CMAKE_PREFIX_PATH}:/opt/ros/humble /usr/bin/cmake --build /home/lucas/dev_ws/build/ros2_control_demo_description -- -j8 -l8
[1.370s] INFO:colcon.colcon_core.task.python.build:Building Python package in '/home/lucas/dev_ws/src/dexhand_description'
[1.379s] INFO:colcon.colcon_core.shell:Skip shell extension 'powershell' for command environment: Not usable outside of PowerShell
[1.379s] DEBUG:colcon.colcon_core.shell:Skip shell extension 'dsv' for command environment
[1.411s] DEBUG:colcon.colcon_core.event_handler.log_command:Invoking command in '/home/lucas/dev_ws/build/ros2_ue_linker': CMAKE_PREFIX_PATH=${CMAKE_PREFIX_PATH}:/opt/ros/humble /usr/bin/cmake --build /home/lucas/dev_ws/build/ros2_ue_linker -- -j8 -l8
[1.411s] DEBUG:colcon.colcon_core.event_handler.log_command:Invoked command in '/home/lucas/dev_ws/build/ros2_control_demo_description' returned '0': CMAKE_PREFIX_PATH=${CMAKE_PREFIX_PATH}:/opt/ros/humble /usr/bin/cmake --build /home/lucas/dev_ws/build/ros2_control_demo_description -- -j8 -l8
[1.412s] DEBUG:colcon.colcon_core.event_handler.log_command:Invoked command in '/home/lucas/dev_ws/build/hand_urdf' returned '0': CMAKE_PREFIX_PATH=${CMAKE_PREFIX_PATH}:/opt/ros/humble /usr/bin/cmake --build /home/lucas/dev_ws/build/hand_urdf -- -j8 -l8
[1.431s] DEBUG:colcon.colcon_core.event_handler.log_command:Invoking command in '/home/lucas/dev_ws/build/ros2_control_demo_description': CMAKE_PREFIX_PATH=${CMAKE_PREFIX_PATH}:/opt/ros/humble /usr/bin/cmake --install /home/lucas/dev_ws/build/ros2_control_demo_description
[1.432s] DEBUG:colcon.colcon_core.event_handler.log_command:Invoking command in '/home/lucas/dev_ws/build/hand_urdf': CMAKE_PREFIX_PATH=${CMAKE_PREFIX_PATH}:/opt/ros/humble /usr/bin/cmake --install /home/lucas/dev_ws/build/hand_urdf
[1.442s] Level 1:colcon.colcon_core.environment:create_environment_scripts_only(hand_urdf)
[1.442s] DEBUG:colcon.colcon_core.event_handler.log_command:Invoked command in '/home/lucas/dev_ws/build/hand_urdf' returned '0': CMAKE_PREFIX_PATH=${CMAKE_PREFIX_PATH}:/opt/ros/humble /usr/bin/cmake --install /home/lucas/dev_ws/build/hand_urdf
[1.457s] Level 1:colcon.colcon_core.environment:checking '/home/lucas/dev_ws/install/hand_urdf' for CMake module files
[1.457s] Level 1:colcon.colcon_core.environment:checking '/home/lucas/dev_ws/install/hand_urdf' for CMake config files
[1.457s] Level 1:colcon.colcon_core.shell:create_environment_hook('hand_urdf', 'cmake_prefix_path')
[1.467s] INFO:colcon.colcon_core.shell:Creating environment hook '/home/lucas/dev_ws/install/hand_urdf/share/hand_urdf/hook/cmake_prefix_path.ps1'
[1.467s] INFO:colcon.colcon_core.shell:Creating environment descriptor '/home/lucas/dev_ws/install/hand_urdf/share/hand_urdf/hook/cmake_prefix_path.dsv'
[1.467s] INFO:colcon.colcon_core.shell:Creating environment hook '/home/lucas/dev_ws/install/hand_urdf/share/hand_urdf/hook/cmake_prefix_path.sh'
[1.468s] Level 1:colcon.colcon_core.environment:checking '/home/lucas/dev_ws/install/hand_urdf/bin'
[1.468s] Level 1:colcon.colcon_core.environment:checking '/home/lucas/dev_ws/install/hand_urdf/lib/pkgconfig/hand_urdf.pc'
[1.468s] Level 1:colcon.colcon_core.environment:checking '/home/lucas/dev_ws/install/hand_urdf/lib/python3.10/site-packages'
[1.468s] Level 1:colcon.colcon_core.environment:checking '/home/lucas/dev_ws/install/hand_urdf/bin'
[1.480s] INFO:colcon.colcon_core.shell:Creating package script '/home/lucas/dev_ws/install/hand_urdf/share/hand_urdf/package.ps1'
[1.481s] INFO:colcon.colcon_core.shell:Creating package descriptor '/home/lucas/dev_ws/install/hand_urdf/share/hand_urdf/package.dsv'
[1.481s] INFO:colcon.colcon_core.shell:Creating package script '/home/lucas/dev_ws/install/hand_urdf/share/hand_urdf/package.sh'
[1.482s] INFO:colcon.colcon_core.shell:Creating package script '/home/lucas/dev_ws/install/hand_urdf/share/hand_urdf/package.bash'
[1.483s] INFO:colcon.colcon_core.shell:Creating package script '/home/lucas/dev_ws/install/hand_urdf/share/hand_urdf/package.zsh'
[1.484s] Level 1:colcon.colcon_core.environment:create_file_with_runtime_dependencies(/home/lucas/dev_ws/install/hand_urdf/share/colcon-core/packages/hand_urdf)
[1.485s] Level 1:colcon.colcon_core.environment:create_environment_scripts_only(ros2_control_demo_description)
[1.485s] DEBUG:colcon.colcon_core.event_handler.log_command:Invoked command in '/home/lucas/dev_ws/build/ros2_control_demo_description' returned '0': CMAKE_PREFIX_PATH=${CMAKE_PREFIX_PATH}:/opt/ros/humble /usr/bin/cmake --install /home/lucas/dev_ws/build/ros2_control_demo_description
[1.494s] Level 1:colcon.colcon_core.environment:checking '/home/lucas/dev_ws/install/ros2_control_demo_description' for CMake module files
[1.495s] Level 1:colcon.colcon_core.environment:checking '/home/lucas/dev_ws/install/ros2_control_demo_description' for CMake config files
[1.496s] Level 1:colcon.colcon_core.shell:create_environment_hook('ros2_control_demo_description', 'cmake_prefix_path')
[1.506s] INFO:colcon.colcon_core.shell:Creating environment hook '/home/lucas/dev_ws/install/ros2_control_demo_description/share/ros2_control_demo_description/hook/cmake_prefix_path.ps1'
[1.506s] INFO:colcon.colcon_core.shell:Creating environment descriptor '/home/lucas/dev_ws/install/ros2_control_demo_description/share/ros2_control_demo_description/hook/cmake_prefix_path.dsv'
[1.506s] INFO:colcon.colcon_core.shell:Creating environment hook '/home/lucas/dev_ws/install/ros2_control_demo_description/share/ros2_control_demo_description/hook/cmake_prefix_path.sh'
[1.507s] Level 1:colcon.colcon_core.environment:checking '/home/lucas/dev_ws/install/ros2_control_demo_description/bin'
[1.507s] Level 1:colcon.colcon_core.environment:checking '/home/lucas/dev_ws/install/ros2_control_demo_description/lib/pkgconfig/ros2_control_demo_description.pc'
[1.507s] Level 1:colcon.colcon_core.environment:checking '/home/lucas/dev_ws/install/ros2_control_demo_description/lib/python3.10/site-packages'
[1.507s] Level 1:colcon.colcon_core.environment:checking '/home/lucas/dev_ws/install/ros2_control_demo_description/bin'
[1.515s] INFO:colcon.colcon_core.shell:Creating package script '/home/lucas/dev_ws/install/ros2_control_demo_description/share/ros2_control_demo_description/package.ps1'
[1.515s] INFO:colcon.colcon_core.shell:Creating package descriptor '/home/lucas/dev_ws/install/ros2_control_demo_description/share/ros2_control_demo_description/package.dsv'
[1.516s] INFO:colcon.colcon_core.shell:Creating package script '/home/lucas/dev_ws/install/ros2_control_demo_description/share/ros2_control_demo_description/package.sh'
[1.516s] INFO:colcon.colcon_core.shell:Creating package script '/home/lucas/dev_ws/install/ros2_control_demo_description/share/ros2_control_demo_description/package.bash'
[1.516s] INFO:colcon.colcon_core.shell:Creating package script '/home/lucas/dev_ws/install/ros2_control_demo_description/share/ros2_control_demo_description/package.zsh'
[1.516s] Level 1:colcon.colcon_core.environment:create_file_with_runtime_dependencies(/home/lucas/dev_ws/install/ros2_control_demo_description/share/colcon-core/packages/ros2_control_demo_description)
[1.527s] Level 1:colcon.colcon_core.environment:create_environment_scripts_only(hand_urdf)
[1.536s] Level 1:colcon.colcon_core.environment:checking '/home/lucas/dev_ws/install/hand_urdf' for CMake module files
[1.536s] Level 1:colcon.colcon_core.environment:checking '/home/lucas/dev_ws/install/hand_urdf' for CMake config files
[1.536s] Level 1:colcon.colcon_core.shell:create_environment_hook('hand_urdf', 'cmake_prefix_path')
[1.544s] INFO:colcon.colcon_core.shell:Creating environment hook '/home/lucas/dev_ws/install/hand_urdf/share/hand_urdf/hook/cmake_prefix_path.ps1'
[1.545s] INFO:colcon.colcon_core.shell:Creating environment descriptor '/home/lucas/dev_ws/install/hand_urdf/share/hand_urdf/hook/cmake_prefix_path.dsv'
[1.545s] INFO:colcon.colcon_core.shell:Creating environment hook '/home/lucas/dev_ws/install/hand_urdf/share/hand_urdf/hook/cmake_prefix_path.sh'
[1.545s] Level 1:colcon.colcon_core.environment:checking '/home/lucas/dev_ws/install/hand_urdf/bin'
[1.545s] Level 1:colcon.colcon_core.environment:checking '/home/lucas/dev_ws/install/hand_urdf/lib/pkgconfig/hand_urdf.pc'
[1.545s] Level 1:colcon.colcon_core.environment:checking '/home/lucas/dev_ws/install/hand_urdf/lib/python3.10/site-packages'
[1.545s] Level 1:colcon.colcon_core.environment:checking '/home/lucas/dev_ws/install/hand_urdf/bin'
[1.554s] INFO:colcon.colcon_core.shell:Creating package script '/home/lucas/dev_ws/install/hand_urdf/share/hand_urdf/package.ps1'
[1.554s] INFO:colcon.colcon_core.shell:Creating package descriptor '/home/lucas/dev_ws/install/hand_urdf/share/hand_urdf/package.dsv'
[1.555s] INFO:colcon.colcon_core.shell:Creating package script '/home/lucas/dev_ws/install/hand_urdf/share/hand_urdf/package.sh'
[1.555s] INFO:colcon.colcon_core.shell:Creating package script '/home/lucas/dev_ws/install/hand_urdf/share/hand_urdf/package.bash'
[1.555s] INFO:colcon.colcon_core.shell:Creating package script '/home/lucas/dev_ws/install/hand_urdf/share/hand_urdf/package.zsh'
[1.555s] Level 1:colcon.colcon_core.environment:create_file_with_runtime_dependencies(/home/lucas/dev_ws/install/hand_urdf/share/colcon-core/packages/hand_urdf)
[1.556s] DEBUG:colcon.colcon_core.event_handler.log_command:Invoked command in '/home/lucas/dev_ws/build/ros2_ue_linker' returned '0': CMAKE_PREFIX_PATH=${CMAKE_PREFIX_PATH}:/opt/ros/humble /usr/bin/cmake --build /home/lucas/dev_ws/build/ros2_ue_linker -- -j8 -l8
[1.567s] Level 1:colcon.colcon_core.environment:create_environment_scripts_only(ros2_control_demo_description)
[1.577s] Level 1:colcon.colcon_core.environment:checking '/home/lucas/dev_ws/install/ros2_control_demo_description' for CMake module files
[1.577s] Level 1:colcon.colcon_core.environment:checking '/home/lucas/dev_ws/install/ros2_control_demo_description' for CMake config files
[1.577s] Level 1:colcon.colcon_core.shell:create_environment_hook('ros2_control_demo_description', 'cmake_prefix_path')
[1.586s] INFO:colcon.colcon_core.shell:Creating environment hook '/home/lucas/dev_ws/install/ros2_control_demo_description/share/ros2_control_demo_description/hook/cmake_prefix_path.ps1'
[1.586s] INFO:colcon.colcon_core.shell:Creating environment descriptor '/home/lucas/dev_ws/install/ros2_control_demo_description/share/ros2_control_demo_description/hook/cmake_prefix_path.dsv'
[1.586s] INFO:colcon.colcon_core.shell:Creating environment hook '/home/lucas/dev_ws/install/ros2_control_demo_description/share/ros2_control_demo_description/hook/cmake_prefix_path.sh'
[1.587s] Level 1:colcon.colcon_core.environment:checking '/home/lucas/dev_ws/install/ros2_control_demo_description/bin'
[1.587s] Level 1:colcon.colcon_core.environment:checking '/home/lucas/dev_ws/install/ros2_control_demo_description/lib/pkgconfig/ros2_control_demo_description.pc'
[1.587s] Level 1:colcon.colcon_core.environment:checking '/home/lucas/dev_ws/install/ros2_control_demo_description/lib/python3.10/site-packages'
[1.587s] Level 1:colcon.colcon_core.environment:checking '/home/lucas/dev_ws/install/ros2_control_demo_description/bin'
[1.596s] INFO:colcon.colcon_core.shell:Creating package script '/home/lucas/dev_ws/install/ros2_control_demo_description/share/ros2_control_demo_description/package.ps1'
[1.596s] INFO:colcon.colcon_core.shell:Creating package descriptor '/home/lucas/dev_ws/install/ros2_control_demo_description/share/ros2_control_demo_description/package.dsv'
[1.596s] INFO:colcon.colcon_core.shell:Creating package script '/home/lucas/dev_ws/install/ros2_control_demo_description/share/ros2_control_demo_description/package.sh'
[1.596s] INFO:colcon.colcon_core.shell:Creating package script '/home/lucas/dev_ws/install/ros2_control_demo_description/share/ros2_control_demo_description/package.bash'
[1.597s] INFO:colcon.colcon_core.shell:Creating package script '/home/lucas/dev_ws/install/ros2_control_demo_description/share/ros2_control_demo_description/package.zsh'
[1.597s] Level 1:colcon.colcon_core.environment:create_file_with_runtime_dependencies(/home/lucas/dev_ws/install/ros2_control_demo_description/share/colcon-core/packages/ros2_control_demo_description)
[1.597s] INFO:colcon.colcon_ros.task.ament_cmake.build:Building ROS package in '/home/lucas/dev_ws/src/ros2_control_hand' with build type 'ament_cmake'
[1.597s] INFO:colcon.colcon_cmake.task.cmake.build:Building CMake package in '/home/lucas/dev_ws/src/ros2_control_hand'
[1.607s] INFO:colcon.colcon_core.shell:Skip shell extension 'powershell' for command environment: Not usable outside of PowerShell
[1.607s] DEBUG:colcon.colcon_core.shell:Skip shell extension 'dsv' for command environment
[1.636s] DEBUG:colcon.colcon_core.event_handler.log_command:Invoking command in '/home/lucas/dev_ws/build/ros2_ue_linker': CMAKE_PREFIX_PATH=${CMAKE_PREFIX_PATH}:/opt/ros/humble /usr/bin/cmake --install /home/lucas/dev_ws/build/ros2_ue_linker
[1.641s] DEBUG:colcon.colcon_core.event_handler.log_command:Invoking command in '/home/lucas/dev_ws/build/ros2_control_hand': AMENT_PREFIX_PATH=/home/lucas/dev_ws/install/ros2_control_demo_description:/home/lucas/dev_ws/install/hand_urdf:${AMENT_PREFIX_PATH} CMAKE_PREFIX_PATH=/home/lucas/dev_ws/install/ros2_control_demo_description:/opt/ros/humble:/home/lucas/dev_ws/install/hand_urdf:${CMAKE_PREFIX_PATH} /usr/bin/cmake --build /home/lucas/dev_ws/build/ros2_control_hand -- -j8 -l8
[1.648s] Level 1:colcon.colcon_core.environment:create_environment_scripts_only(ros2_ue_linker)
[1.648s] DEBUG:colcon.colcon_core.event_handler.log_command:Invoked command in '/home/lucas/dev_ws/build/ros2_ue_linker' returned '0': CMAKE_PREFIX_PATH=${CMAKE_PREFIX_PATH}:/opt/ros/humble /usr/bin/cmake --install /home/lucas/dev_ws/build/ros2_ue_linker
[1.658s] Level 1:colcon.colcon_core.environment:checking '/home/lucas/dev_ws/install/ros2_ue_linker' for CMake module files
[1.658s] Level 1:colcon.colcon_core.environment:checking '/home/lucas/dev_ws/install/ros2_ue_linker' for CMake config files
[1.659s] Level 1:colcon.colcon_core.shell:create_environment_hook('ros2_ue_linker', 'cmake_prefix_path')
[1.669s] INFO:colcon.colcon_core.shell:Creating environment hook '/home/lucas/dev_ws/install/ros2_ue_linker/share/ros2_ue_linker/hook/cmake_prefix_path.ps1'
[1.669s] INFO:colcon.colcon_core.shell:Creating environment descriptor '/home/lucas/dev_ws/install/ros2_ue_linker/share/ros2_ue_linker/hook/cmake_prefix_path.dsv'
[1.670s] INFO:colcon.colcon_core.shell:Creating environment hook '/home/lucas/dev_ws/install/ros2_ue_linker/share/ros2_ue_linker/hook/cmake_prefix_path.sh'
[1.670s] Level 1:colcon.colcon_core.environment:checking '/home/lucas/dev_ws/install/ros2_ue_linker/lib'
[1.670s] Level 1:colcon.colcon_core.environment:checking '/home/lucas/dev_ws/install/ros2_ue_linker/bin'
[1.670s] Level 1:colcon.colcon_core.environment:checking '/home/lucas/dev_ws/install/ros2_ue_linker/lib/pkgconfig/ros2_ue_linker.pc'
[1.670s] Level 1:colcon.colcon_core.environment:checking '/home/lucas/dev_ws/install/ros2_ue_linker/lib/python3.10/site-packages'
[1.671s] Level 1:colcon.colcon_core.environment:checking '/home/lucas/dev_ws/install/ros2_ue_linker/bin'
[1.681s] INFO:colcon.colcon_core.shell:Creating package script '/home/lucas/dev_ws/install/ros2_ue_linker/share/ros2_ue_linker/package.ps1'
[1.682s] INFO:colcon.colcon_core.shell:Creating package descriptor '/home/lucas/dev_ws/install/ros2_ue_linker/share/ros2_ue_linker/package.dsv'
[1.682s] INFO:colcon.colcon_core.shell:Creating package script '/home/lucas/dev_ws/install/ros2_ue_linker/share/ros2_ue_linker/package.sh'
[1.682s] INFO:colcon.colcon_core.shell:Creating package script '/home/lucas/dev_ws/install/ros2_ue_linker/share/ros2_ue_linker/package.bash'
[1.682s] INFO:colcon.colcon_core.shell:Creating package script '/home/lucas/dev_ws/install/ros2_ue_linker/share/ros2_ue_linker/package.zsh'
[1.682s] Level 1:colcon.colcon_core.environment:create_file_with_runtime_dependencies(/home/lucas/dev_ws/install/ros2_ue_linker/share/colcon-core/packages/ros2_ue_linker)
[1.708s] Level 1:colcon.colcon_core.environment:create_environment_scripts_only(ros2_ue_linker)
[1.717s] Level 1:colcon.colcon_core.environment:checking '/home/lucas/dev_ws/install/ros2_ue_linker' for CMake module files
[1.717s] Level 1:colcon.colcon_core.environment:checking '/home/lucas/dev_ws/install/ros2_ue_linker' for CMake config files
[1.717s] Level 1:colcon.colcon_core.shell:create_environment_hook('ros2_ue_linker', 'cmake_prefix_path')
[1.726s] INFO:colcon.colcon_core.shell:Creating environment hook '/home/lucas/dev_ws/install/ros2_ue_linker/share/ros2_ue_linker/hook/cmake_prefix_path.ps1'
[1.726s] INFO:colcon.colcon_core.shell:Creating environment descriptor '/home/lucas/dev_ws/install/ros2_ue_linker/share/ros2_ue_linker/hook/cmake_prefix_path.dsv'
[1.726s] INFO:colcon.colcon_core.shell:Creating environment hook '/home/lucas/dev_ws/install/ros2_ue_linker/share/ros2_ue_linker/hook/cmake_prefix_path.sh'
[1.727s] Level 1:colcon.colcon_core.environment:checking '/home/lucas/dev_ws/install/ros2_ue_linker/lib'
[1.727s] Level 1:colcon.colcon_core.environment:checking '/home/lucas/dev_ws/install/ros2_ue_linker/bin'
[1.727s] Level 1:colcon.colcon_core.environment:checking '/home/lucas/dev_ws/install/ros2_ue_linker/lib/pkgconfig/ros2_ue_linker.pc'
[1.727s] Level 1:colcon.colcon_core.environment:checking '/home/lucas/dev_ws/install/ros2_ue_linker/lib/python3.10/site-packages'
[1.727s] Level 1:colcon.colcon_core.environment:checking '/home/lucas/dev_ws/install/ros2_ue_linker/bin'
[1.735s] INFO:colcon.colcon_core.shell:Creating package script '/home/lucas/dev_ws/install/ros2_ue_linker/share/ros2_ue_linker/package.ps1'
[1.736s] INFO:colcon.colcon_core.shell:Creating package descriptor '/home/lucas/dev_ws/install/ros2_ue_linker/share/ros2_ue_linker/package.dsv'
[1.736s] INFO:colcon.colcon_core.shell:Creating package script '/home/lucas/dev_ws/install/ros2_ue_linker/share/ros2_ue_linker/package.sh'
[1.736s] INFO:colcon.colcon_core.shell:Creating package script '/home/lucas/dev_ws/install/ros2_ue_linker/share/ros2_ue_linker/package.bash'
[1.736s] INFO:colcon.colcon_core.shell:Creating package script '/home/lucas/dev_ws/install/ros2_ue_linker/share/ros2_ue_linker/package.zsh'
[1.737s] Level 1:colcon.colcon_core.environment:create_file_with_runtime_dependencies(/home/lucas/dev_ws/install/ros2_ue_linker/share/colcon-core/packages/ros2_ue_linker)
[1.738s] DEBUG:colcon.colcon_core.event_handler.log_command:Invoked command in '/home/lucas/dev_ws/build/ros2_control_hand' returned '0': AMENT_PREFIX_PATH=/home/lucas/dev_ws/install/ros2_control_demo_description:/home/lucas/dev_ws/install/hand_urdf:${AMENT_PREFIX_PATH} CMAKE_PREFIX_PATH=/home/lucas/dev_ws/install/ros2_control_demo_description:/opt/ros/humble:/home/lucas/dev_ws/install/hand_urdf:${CMAKE_PREFIX_PATH} /usr/bin/cmake --build /home/lucas/dev_ws/build/ros2_control_hand -- -j8 -l8
[1.756s] DEBUG:colcon.colcon_core.event_handler.log_command:Invoking command in '/home/lucas/dev_ws/build/ros2_control_hand': AMENT_PREFIX_PATH=/home/lucas/dev_ws/install/ros2_control_demo_description:/home/lucas/dev_ws/install/hand_urdf:${AMENT_PREFIX_PATH} CMAKE_PREFIX_PATH=/home/lucas/dev_ws/install/ros2_control_demo_description:/opt/ros/humble:/home/lucas/dev_ws/install/hand_urdf:${CMAKE_PREFIX_PATH} /usr/bin/cmake --install /home/lucas/dev_ws/build/ros2_control_hand
[1.777s] DEBUG:colcon.colcon_core.event_handler.log_command:Invoking command in '/home/lucas/dev_ws/src/dexhand_description': PYTHONPATH=/home/lucas/dev_ws/build/dexhand_description/prefix_override:/home/lucas/dev_ws/install/dexhand_description/lib/python3.10/site-packages:${PYTHONPATH} /usr/bin/python3 setup.py egg_info --egg-base ../../build/dexhand_description build --build-base /home/lucas/dev_ws/build/dexhand_description/build install --record /home/lucas/dev_ws/build/dexhand_description/install.log --single-version-externally-managed
[1.787s] Level 1:colcon.colcon_core.environment:create_environment_scripts_only(ros2_control_hand)
[1.788s] DEBUG:colcon.colcon_core.event_handler.log_command:Invoked command in '/home/lucas/dev_ws/build/ros2_control_hand' returned '0': AMENT_PREFIX_PATH=/home/lucas/dev_ws/install/ros2_control_demo_description:/home/lucas/dev_ws/install/hand_urdf:${AMENT_PREFIX_PATH} CMAKE_PREFIX_PATH=/home/lucas/dev_ws/install/ros2_control_demo_description:/opt/ros/humble:/home/lucas/dev_ws/install/hand_urdf:${CMAKE_PREFIX_PATH} /usr/bin/cmake --install /home/lucas/dev_ws/build/ros2_control_hand
[1.797s] Level 1:colcon.colcon_core.environment:checking '/home/lucas/dev_ws/install/ros2_control_hand' for CMake module files
[1.797s] Level 1:colcon.colcon_core.environment:checking '/home/lucas/dev_ws/install/ros2_control_hand' for CMake config files
[1.798s] Level 1:colcon.colcon_core.shell:create_environment_hook('ros2_control_hand', 'cmake_prefix_path')
[1.816s] INFO:colcon.colcon_core.shell:Creating environment hook '/home/lucas/dev_ws/install/ros2_control_hand/share/ros2_control_hand/hook/cmake_prefix_path.ps1'
[1.817s] INFO:colcon.colcon_core.shell:Creating environment descriptor '/home/lucas/dev_ws/install/ros2_control_hand/share/ros2_control_hand/hook/cmake_prefix_path.dsv'
[1.817s] INFO:colcon.colcon_core.shell:Creating environment hook '/home/lucas/dev_ws/install/ros2_control_hand/share/ros2_control_hand/hook/cmake_prefix_path.sh'
[1.817s] Level 1:colcon.colcon_core.environment:checking '/home/lucas/dev_ws/install/ros2_control_hand/lib'
[1.817s] Level 1:colcon.colcon_core.shell:create_environment_hook('ros2_control_hand', 'ld_library_path_lib')
[1.826s] INFO:colcon.colcon_core.shell:Creating environment hook '/home/lucas/dev_ws/install/ros2_control_hand/share/ros2_control_hand/hook/ld_library_path_lib.ps1'
[1.826s] INFO:colcon.colcon_core.shell:Creating environment descriptor '/home/lucas/dev_ws/install/ros2_control_hand/share/ros2_control_hand/hook/ld_library_path_lib.dsv'
[1.826s] INFO:colcon.colcon_core.shell:Creating environment hook '/home/lucas/dev_ws/install/ros2_control_hand/share/ros2_control_hand/hook/ld_library_path_lib.sh'
[1.827s] Level 1:colcon.colcon_core.environment:checking '/home/lucas/dev_ws/install/ros2_control_hand/bin'
[1.827s] Level 1:colcon.colcon_core.environment:checking '/home/lucas/dev_ws/install/ros2_control_hand/lib/pkgconfig/ros2_control_hand.pc'
[1.827s] Level 1:colcon.colcon_core.environment:checking '/home/lucas/dev_ws/install/ros2_control_hand/lib/python3.10/site-packages'
[1.827s] Level 1:colcon.colcon_core.environment:checking '/home/lucas/dev_ws/install/ros2_control_hand/bin'
[1.835s] INFO:colcon.colcon_core.shell:Creating package script '/home/lucas/dev_ws/install/ros2_control_hand/share/ros2_control_hand/package.ps1'
[1.835s] INFO:colcon.colcon_core.shell:Creating package descriptor '/home/lucas/dev_ws/install/ros2_control_hand/share/ros2_control_hand/package.dsv'
[1.836s] INFO:colcon.colcon_core.shell:Creating package script '/home/lucas/dev_ws/install/ros2_control_hand/share/ros2_control_hand/package.sh'
[1.836s] INFO:colcon.colcon_core.shell:Creating package script '/home/lucas/dev_ws/install/ros2_control_hand/share/ros2_control_hand/package.bash'
[1.836s] INFO:colcon.colcon_core.shell:Creating package script '/home/lucas/dev_ws/install/ros2_control_hand/share/ros2_control_hand/package.zsh'
[1.836s] Level 1:colcon.colcon_core.environment:create_file_with_runtime_dependencies(/home/lucas/dev_ws/install/ros2_control_hand/share/colcon-core/packages/ros2_control_hand)
[1.862s] Level 1:colcon.colcon_core.environment:create_environment_scripts_only(ros2_control_hand)
[1.870s] Level 1:colcon.colcon_core.environment:checking '/home/lucas/dev_ws/install/ros2_control_hand' for CMake module files
[1.870s] Level 1:colcon.colcon_core.environment:checking '/home/lucas/dev_ws/install/ros2_control_hand' for CMake config files
[1.870s] Level 1:colcon.colcon_core.shell:create_environment_hook('ros2_control_hand', 'cmake_prefix_path')
[1.880s] INFO:colcon.colcon_core.shell:Creating environment hook '/home/lucas/dev_ws/install/ros2_control_hand/share/ros2_control_hand/hook/cmake_prefix_path.ps1'
[1.881s] INFO:colcon.colcon_core.shell:Creating environment descriptor '/home/lucas/dev_ws/install/ros2_control_hand/share/ros2_control_hand/hook/cmake_prefix_path.dsv'
[1.881s] INFO:colcon.colcon_core.shell:Creating environment hook '/home/lucas/dev_ws/install/ros2_control_hand/share/ros2_control_hand/hook/cmake_prefix_path.sh'
[1.881s] Level 1:colcon.colcon_core.environment:checking '/home/lucas/dev_ws/install/ros2_control_hand/lib'
[1.881s] Level 1:colcon.colcon_core.shell:create_environment_hook('ros2_control_hand', 'ld_library_path_lib')
[1.891s] INFO:colcon.colcon_core.shell:Creating environment hook '/home/lucas/dev_ws/install/ros2_control_hand/share/ros2_control_hand/hook/ld_library_path_lib.ps1'
[1.891s] INFO:colcon.colcon_core.shell:Creating environment descriptor '/home/lucas/dev_ws/install/ros2_control_hand/share/ros2_control_hand/hook/ld_library_path_lib.dsv'
[1.891s] INFO:colcon.colcon_core.shell:Creating environment hook '/home/lucas/dev_ws/install/ros2_control_hand/share/ros2_control_hand/hook/ld_library_path_lib.sh'
[1.891s] Level 1:colcon.colcon_core.environment:checking '/home/lucas/dev_ws/install/ros2_control_hand/bin'
[1.892s] Level 1:colcon.colcon_core.environment:checking '/home/lucas/dev_ws/install/ros2_control_hand/lib/pkgconfig/ros2_control_hand.pc'
[1.892s] Level 1:colcon.colcon_core.environment:checking '/home/lucas/dev_ws/install/ros2_control_hand/lib/python3.10/site-packages'
[1.892s] Level 1:colcon.colcon_core.environment:checking '/home/lucas/dev_ws/install/ros2_control_hand/bin'
[1.900s] INFO:colcon.colcon_core.shell:Creating package script '/home/lucas/dev_ws/install/ros2_control_hand/share/ros2_control_hand/package.ps1'
[1.901s] INFO:colcon.colcon_core.shell:Creating package descriptor '/home/lucas/dev_ws/install/ros2_control_hand/share/ros2_control_hand/package.dsv'
[1.901s] INFO:colcon.colcon_core.shell:Creating package script '/home/lucas/dev_ws/install/ros2_control_hand/share/ros2_control_hand/package.sh'
[1.901s] INFO:colcon.colcon_core.shell:Creating package script '/home/lucas/dev_ws/install/ros2_control_hand/share/ros2_control_hand/package.bash'
[1.902s] INFO:colcon.colcon_core.shell:Creating package script '/home/lucas/dev_ws/install/ros2_control_hand/share/ros2_control_hand/package.zsh'
[1.902s] Level 1:colcon.colcon_core.environment:create_file_with_runtime_dependencies(/home/lucas/dev_ws/install/ros2_control_hand/share/colcon-core/packages/ros2_control_hand)
[1.972s] DEBUG:colcon.colcon_core.event_handler.log_command:Invoked command in '/home/lucas/dev_ws/src/dexhand_description' returned '0': PYTHONPATH=/home/lucas/dev_ws/build/dexhand_description/prefix_override:/home/lucas/dev_ws/install/dexhand_description/lib/python3.10/site-packages:${PYTHONPATH} /usr/bin/python3 setup.py egg_info --egg-base ../../build/dexhand_description build --build-base /home/lucas/dev_ws/build/dexhand_description/build install --record /home/lucas/dev_ws/build/dexhand_description/install.log --single-version-externally-managed
[1.981s] Level 1:colcon.colcon_core.environment:checking '/home/lucas/dev_ws/install/dexhand_description' for CMake module files
[1.982s] Level 1:colcon.colcon_core.environment:checking '/home/lucas/dev_ws/install/dexhand_description' for CMake config files
[1.982s] Level 1:colcon.colcon_core.environment:checking '/home/lucas/dev_ws/install/dexhand_description/lib'
[1.982s] Level 1:colcon.colcon_core.environment:checking '/home/lucas/dev_ws/install/dexhand_description/bin'
[1.982s] Level 1:colcon.colcon_core.environment:checking '/home/lucas/dev_ws/install/dexhand_description/lib/pkgconfig/dexhand_description.pc'
[1.982s] Level 1:colcon.colcon_core.environment:checking '/home/lucas/dev_ws/install/dexhand_description/lib/python3.10/site-packages'
[1.982s] Level 1:colcon.colcon_core.shell:create_environment_hook('dexhand_description', 'pythonpath')
[1.990s] INFO:colcon.colcon_core.shell:Creating environment hook '/home/lucas/dev_ws/install/dexhand_description/share/dexhand_description/hook/pythonpath.ps1'
[1.991s] INFO:colcon.colcon_core.shell:Creating environment descriptor '/home/lucas/dev_ws/install/dexhand_description/share/dexhand_description/hook/pythonpath.dsv'
[1.991s] INFO:colcon.colcon_core.shell:Creating environment hook '/home/lucas/dev_ws/install/dexhand_description/share/dexhand_description/hook/pythonpath.sh'
[1.991s] Level 1:colcon.colcon_core.environment:checking '/home/lucas/dev_ws/install/dexhand_description/bin'
[1.991s] Level 1:colcon.colcon_core.environment:create_environment_scripts_only(dexhand_description)
[1.999s] INFO:colcon.colcon_core.shell:Creating package script '/home/lucas/dev_ws/install/dexhand_description/share/dexhand_description/package.ps1'
[1.999s] INFO:colcon.colcon_core.shell:Creating package descriptor '/home/lucas/dev_ws/install/dexhand_description/share/dexhand_description/package.dsv'
[2.000s] INFO:colcon.colcon_core.shell:Creating package script '/home/lucas/dev_ws/install/dexhand_description/share/dexhand_description/package.sh'
[2.000s] INFO:colcon.colcon_core.shell:Creating package script '/home/lucas/dev_ws/install/dexhand_description/share/dexhand_description/package.bash'
[2.000s] INFO:colcon.colcon_core.shell:Creating package script '/home/lucas/dev_ws/install/dexhand_description/share/dexhand_description/package.zsh'
[2.000s] Level 1:colcon.colcon_core.environment:create_file_with_runtime_dependencies(/home/lucas/dev_ws/install/dexhand_description/share/colcon-core/packages/dexhand_description)
[2.000s] DEBUG:colcon.colcon_parallel_executor.executor.parallel:closing loop
[2.000s] DEBUG:colcon.colcon_parallel_executor.executor.parallel:loop closed
[2.000s] DEBUG:colcon.colcon_parallel_executor.executor.parallel:run_until_complete finished with '0'
[2.001s] DEBUG:colcon.colcon_core.event_reactor:joining thread
[2.014s] INFO:colcon.colcon_core.plugin_system:Skipping extension 'colcon_notification.desktop_notification.terminal_notifier': Not used on non-Darwin systems
[2.014s] INFO:colcon.colcon_core.plugin_system:Skipping extension 'colcon_notification.desktop_notification.win32': Not used on non-Windows systems
[2.014s] INFO:colcon.colcon_notification.desktop_notification:Sending desktop notification using 'notify2'
[2.026s] DEBUG:colcon.colcon_core.event_reactor:joined thread
[2.036s] INFO:colcon.colcon_core.shell:Creating prefix script '/home/lucas/dev_ws/install/local_setup.ps1'
[2.037s] INFO:colcon.colcon_core.shell:Creating prefix util module '/home/lucas/dev_ws/install/_local_setup_util_ps1.py'
[2.039s] INFO:colcon.colcon_core.shell:Creating prefix chain script '/home/lucas/dev_ws/install/setup.ps1'
[2.048s] INFO:colcon.colcon_core.shell:Creating prefix script '/home/lucas/dev_ws/install/local_setup.sh'
[2.049s] INFO:colcon.colcon_core.shell:Creating prefix util module '/home/lucas/dev_ws/install/_local_setup_util_sh.py'
[2.049s] INFO:colcon.colcon_core.shell:Creating prefix chain script '/home/lucas/dev_ws/install/setup.sh'
[2.058s] INFO:colcon.colcon_core.shell:Creating prefix script '/home/lucas/dev_ws/install/local_setup.bash'
[2.059s] INFO:colcon.colcon_core.shell:Creating prefix chain script '/home/lucas/dev_ws/install/setup.bash'
[2.068s] INFO:colcon.colcon_core.shell:Creating prefix script '/home/lucas/dev_ws/install/local_setup.zsh'
[2.068s] INFO:colcon.colcon_core.shell:Creating prefix chain script '/home/lucas/dev_ws/install/setup.zsh'
