[0.774s] Invoking command in '/home/lucas/dev_ws/src/dexhand_description': PYTHONPATH=/home/lucas/dev_ws/build/dexhand_description/prefix_override:/home/lucas/dev_ws/install/dexhand_description/lib/python3.10/site-packages:${PYTHONPATH} /usr/bin/python3 setup.py egg_info --egg-base ../../build/dexhand_description build --build-base /home/lucas/dev_ws/build/dexhand_description/build install --record /home/lucas/dev_ws/build/dexhand_description/install.log --single-version-externally-managed
[1.009s] running egg_info
[1.009s] writing ../../build/dexhand_description/dexhand_description.egg-info/PKG-INFO
[1.009s] writing dependency_links to ../../build/dexhand_description/dexhand_description.egg-info/dependency_links.txt
[1.009s] writing entry points to ../../build/dexhand_description/dexhand_description.egg-info/entry_points.txt
[1.009s] writing requirements to ../../build/dexhand_description/dexhand_description.egg-info/requires.txt
[1.009s] writing top-level names to ../../build/dexhand_description/dexhand_description.egg-info/top_level.txt
[1.011s] reading manifest file '../../build/dexhand_description/dexhand_description.egg-info/SOURCES.txt'
[1.012s] adding license file 'LICENSE'
[1.013s] writing manifest file '../../build/dexhand_description/dexhand_description.egg-info/SOURCES.txt'
[1.013s] running build
[1.013s] running build_py
[1.014s] running install
[1.015s] running install_lib
[1.015s] running install_data
[1.015s] /usr/lib/python3/dist-packages/setuptools/command/install.py:34: SetuptoolsDeprecationWarning: setup.py install is deprecated. Use build and pip and other standards-based tools.
[1.015s]   warnings.warn(
[1.016s] running install_egg_info
[1.017s] removing '/home/lucas/dev_ws/install/dexhand_description/lib/python3.10/site-packages/dexhand_description-0.0.1-py3.10.egg-info' (and everything under it)
[1.018s] Copying ../../build/dexhand_description/dexhand_description.egg-info to /home/lucas/dev_ws/install/dexhand_description/lib/python3.10/site-packages/dexhand_description-0.0.1-py3.10.egg-info
[1.019s] running install_scripts
[1.038s] writing list of installed files to '/home/lucas/dev_ws/build/dexhand_description/install.log'
[1.068s] Invoked command in '/home/lucas/dev_ws/src/dexhand_description' returned '0': PYTHONPATH=/home/lucas/dev_ws/build/dexhand_description/prefix_override:/home/lucas/dev_ws/install/dexhand_description/lib/python3.10/site-packages:${PYTHONPATH} /usr/bin/python3 setup.py egg_info --egg-base ../../build/dexhand_description build --build-base /home/lucas/dev_ws/build/dexhand_description/build install --record /home/lucas/dev_ws/build/dexhand_description/install.log --single-version-externally-managed
