[0.060s] Invoking command in '/home/lucas/dev_ws/build/ros2_control_hand': CMAKE_PREFIX_PATH=${CMAKE_PREFIX_PATH}:/opt/ros/humble /usr/bin/cmake --build /home/lucas/dev_ws/build/ros2_control_hand -- -j8 -l8
[0.076s] -- Found ament_cmake: 1.3.5 (/opt/ros/humble/share/ament_cmake/cmake)
[0.162s] -- Override CMake install command with custom implementation using symlinks instead of copying resources
[0.165s] -- Found hardware_interface: 2.35.0 (/opt/ros/humble/share/hardware_interface/cmake)
[0.182s] -- Found rosidl_generator_c: 3.1.5 (/opt/ros/humble/share/rosidl_generator_c/cmake)
[0.183s] -- Found rosidl_adapter: 3.1.5 (/opt/ros/humble/share/rosidl_adapter/cmake)
[0.186s] -- Found rosidl_generator_cpp: 3.1.5 (/opt/ros/humble/share/rosidl_generator_cpp/cmake)
[0.193s] -- Using all available rosidl_typesupport_c: rosidl_typesupport_fastrtps_c;rosidl_typesupport_introspection_c
[0.204s] -- Using all available rosidl_typesupport_cpp: rosidl_typesupport_fastrtps_cpp;rosidl_typesupport_introspection_cpp
[0.582s] -- Found rmw_implementation_cmake: 6.1.1 (/opt/ros/humble/share/rmw_implementation_cmake/cmake)
[0.583s] -- Found rmw_fastrtps_cpp: 6.2.4 (/opt/ros/humble/share/rmw_fastrtps_cpp/cmake)
[0.666s] -- Using RMW implementation 'rmw_fastrtps_cpp' as default
[0.803s] -- Found ament_cmake_gtest: 1.3.5 (/opt/ros/humble/share/ament_cmake_gtest/cmake)
[0.850s] -- Configuring done
[0.865s] -- Generating done
[0.867s] -- Build files have been written to: /home/lucas/dev_ws/build/ros2_control_hand
[0.889s] [35m[1mConsolidate compiler generated dependencies of target ros2_control_hand[0m
[0.902s] [ 50%] [32mBuilding CXX object CMakeFiles/ros2_control_hand.dir/hardware/rrbot.cpp.o[0m
[0.947s] In file included from [01m[K/home/lucas/dev_ws/src/ros2_control_hand/hardware/rrbot.cpp:15[m[K:
[0.947s] [01m[K/home/lucas/dev_ws/src/ros2_control_hand/hardware/include/ros2_control_hand/rrbot.hpp:21:10:[m[K [01;31m[Kfatal error: [m[Kthermios.h: Aucun fichier ou dossier de ce type
[0.947s]    21 | #include [01;31m[K<thermios.h>[m[K
[0.947s]       |          [01;31m[K^~~~~~~~~~~~[m[K
[0.947s] compilation terminated.
[0.948s] gmake[2]: *** [CMakeFiles/ros2_control_hand.dir/build.make:76 : CMakeFiles/ros2_control_hand.dir/hardware/rrbot.cpp.o] Erreur 1
[0.948s] gmake[1]: *** [CMakeFiles/Makefile2:137 : CMakeFiles/ros2_control_hand.dir/all] Erreur 2
[0.948s] gmake: *** [Makefile:146 : all] Erreur 2
[0.951s] Invoked command in '/home/lucas/dev_ws/build/ros2_control_hand' returned '2': CMAKE_PREFIX_PATH=${CMAKE_PREFIX_PATH}:/opt/ros/humble /usr/bin/cmake --build /home/lucas/dev_ws/build/ros2_control_hand -- -j8 -l8
