[0.049s] Invoking command in '/home/lucas/dev_ws/build/ros2_control_demo_example_7': CMAKE_PREFIX_PATH=${CMAKE_PREFIX_PATH}:/opt/ros/humble /usr/bin/cmake /home/lucas/dev_ws/src/ros2_control_hand -DCMAKE_INSTALL_PREFIX=/home/lucas/dev_ws/install/ros2_control_demo_example_7
[0.088s] -- The C compiler identification is GNU 11.4.0
[0.125s] -- The CXX compiler identification is GNU 11.4.0
[0.131s] -- Detecting C compiler ABI info
[0.194s] -- Detecting C compiler ABI info - done
[0.203s] -- Check for working C compiler: /usr/bin/cc - skipped
[0.203s] -- Detecting C compile features
[0.204s] -- Detecting C compile features - done
[0.206s] -- Detecting CXX compiler ABI info
[0.275s] -- Detecting CXX compiler ABI info - done
[0.279s] -- Check for working CXX compiler: /usr/bin/c++ - skipped
[0.279s] -- Detecting CXX compile features
[0.280s] -- Detecting CXX compile features - done
[0.282s] -- Found ament_cmake: 1.3.5 (/opt/ros/humble/share/ament_cmake/cmake)
[0.426s] -- Found Python3: /usr/bin/python3.10 (found version "3.10.12") found components: Interpreter 
[0.495s] -- Found pluginlib: 5.1.0 (/opt/ros/humble/share/pluginlib/cmake)
[0.527s] -- Found hardware_interface: 2.35.0 (/opt/ros/humble/share/hardware_interface/cmake)
[0.552s] -- Found rosidl_generator_c: 3.1.5 (/opt/ros/humble/share/rosidl_generator_c/cmake)
[0.556s] -- Found rosidl_adapter: 3.1.5 (/opt/ros/humble/share/rosidl_adapter/cmake)
[0.563s] -- Found rosidl_generator_cpp: 3.1.5 (/opt/ros/humble/share/rosidl_generator_cpp/cmake)
[0.573s] -- Using all available rosidl_typesupport_c: rosidl_typesupport_fastrtps_c;rosidl_typesupport_introspection_c
[0.584s] -- Using all available rosidl_typesupport_cpp: rosidl_typesupport_fastrtps_cpp;rosidl_typesupport_introspection_cpp
[1.008s] -- Found rmw_implementation_cmake: 6.1.1 (/opt/ros/humble/share/rmw_implementation_cmake/cmake)
[1.011s] -- Found rmw_fastrtps_cpp: 6.2.4 (/opt/ros/humble/share/rmw_fastrtps_cpp/cmake)
[1.089s] -- Found OpenSSL: /usr/lib/x86_64-linux-gnu/libcrypto.so (found version "3.0.2")  
[1.109s] -- Found FastRTPS: /opt/ros/humble/include  
[1.143s] -- Using RMW implementation 'rmw_fastrtps_cpp' as default
[1.151s] -- Looking for pthread.h
[1.203s] -- Looking for pthread.h - found
[1.203s] -- Performing Test CMAKE_HAVE_LIBC_PTHREAD
[1.257s] -- Performing Test CMAKE_HAVE_LIBC_PTHREAD - Success
[1.259s] -- Found Threads: TRUE  
[1.362s] -- Found kdl_parser: 2.6.4 (/opt/ros/humble/share/kdl_parser/cmake)
[1.376s] -- Found eigen3_cmake_module: 0.1.1 (/opt/ros/humble/share/eigen3_cmake_module/cmake)
[1.377s] -- Found Eigen3: TRUE (found version "3.4.0") 
[1.377s] -- Ensuring Eigen3 include directory is part of orocos-kdl CMake target
[1.382s] -- Found controller_interface: 2.35.0 (/opt/ros/humble/share/controller_interface/cmake)
[1.443s] -- Found realtime_tools: 2.5.0 (/opt/ros/humble/share/realtime_tools/cmake)
[1.615s] [31mCMake Error at CMakeLists.txt:69 (target_compile_definitions):
[1.615s]   Cannot specify compile definitions for target "ros2_control_hand" which is
[1.615s]   not built by this project.
[1.615s] 
[1.615s] [0m
[1.617s] -- Found ament_cmake_gtest: 1.3.5 (/opt/ros/humble/share/ament_cmake_gtest/cmake)
[1.656s] [31mCMake Error at /opt/ros/humble/share/ament_cmake_core/cmake/core/ament_package_xml.cmake:53 (message):
[1.656s]   ament_package_xml() package name 'ros2_control_demo_example_7' in
[1.656s]   '/package.xml' does not match current PROJECT_NAME 'ros2_control_hand'.
[1.656s]   You must call project() with the same package name before.
[1.656s] Call Stack (most recent call first):
[1.657s]   /opt/ros/humble/share/ament_cmake_core/cmake/core/ament_package.cmake:63 (ament_package_xml)
[1.657s]   CMakeLists.txt:109 (ament_package)
[1.657s] 
[1.657s] [0m
[1.657s] -- Configuring incomplete, errors occurred!
[1.657s] See also "/home/lucas/dev_ws/build/ros2_control_demo_example_7/CMakeFiles/CMakeOutput.log".
[1.664s] Invoked command in '/home/lucas/dev_ws/build/ros2_control_demo_example_7' returned '1': CMAKE_PREFIX_PATH=${CMAKE_PREFIX_PATH}:/opt/ros/humble /usr/bin/cmake /home/lucas/dev_ws/src/ros2_control_hand -DCMAKE_INSTALL_PREFIX=/home/lucas/dev_ws/install/ros2_control_demo_example_7
